#
# A fatal error has been detected by the Java Runtime Environment:
#
#  SIGBUS (0x7) at pc=0x00007fc104008e94, pid=6970, tid=31497
#
# JRE version: OpenJDK Runtime Environment (11.0.10+9) (build 11.0.10+9-Ubuntu-0ubuntu1.20.04)
# Java VM: OpenJDK 64-Bit Server VM (11.0.10+9-Ubuntu-0ubuntu1.20.04, mixed mode, sharing, tiered, compressed oops, g1 gc, linux-amd64)
# Problematic frame:
# 
[error occurred during error reporting (printing problematic frame), id 0x7, SIGBUS (0x7) at pc=0x00007fc1049cd555]

# No core dump will be written. 
#
# If you would like to submit a bug report, please visit:
#   https://bugs.launchpad.net/ubuntu/+source/openjdk-lts
#

---------------  S U M M A R Y ------------

Command Line: -Xverify:none -XX:TieredStopAtLevel=1 com.swithun.backend.BackendApplication

Host: Intel(R) Core(TM) i7-7700HQ CPU @ 2.80GHz, 5 cores, 5G, Ubuntu 20.04.2 LTS
Time: Mon May 17 08:51:03 2021 CST elapsed time: 61388.930870 seconds (0d 17h 3m 8s)

---------------  T H R E A D  ---------------

Current thread (0x00007fc08c017800):  JavaThread "restartedMain" [_thread_in_vm, id=31497, stack(0x00007fc0bf582000,0x00007fc0bf683000)]

Stack: [0x00007fc0bf582000,0x00007fc0bf683000],  sp=0x00007fc0bf67e188,  free space=1008k
Native frames: (J=compiled Java code, A=aot compiled Java code, j=interpreted, Vv=VM code, C=native code)

[error occurred during error reporting (printing native stack), id 0x7, SIGBUS (0x7) at pc=0x00007fc1049cd555]

Java frames: (J=compiled Java code, j=interpreted, Vv=VM code)
j  java.io.EOFException.<init>(Ljava/lang/String;)V+0 java.base@11.0.10
J 4195 c1 sun.security.ssl.SSLSocketInputRecord.read(Ljava/io/InputStream;[BII)I java.base@11.0.10 (87 bytes) @ 0x00007fc0e55b455c [0x00007fc0e55b44e0+0x000000000000007c]
J 4270 c1 sun.security.ssl.SSLSocketInputRecord.readHeader()I java.base@11.0.10 (43 bytes) @ 0x00007fc0e55cd2bc [0x00007fc0e55cd240+0x000000000000007c]
J 8651 c1 sun.security.ssl.SSLSocketInputRecord.bytesInCompletePacket()I java.base@11.0.10 (288 bytes) @ 0x00007fc0e5d4d884 [0x00007fc0e5d4d820+0x0000000000000064]
J 9669 c1 sun.security.ssl.SSLSocketImpl.readApplicationRecord(Ljava/nio/ByteBuffer;)Ljava/nio/ByteBuffer; java.base@11.0.10 (176 bytes) @ 0x00007fc0e5f17de4 [0x00007fc0e5f17c00+0x00000000000001e4]
J 3716 c1 sun.security.ssl.SSLSocketImpl$AppInputStream.read([BII)I java.base@11.0.10 (645 bytes) @ 0x00007fc0e54f3904 [0x00007fc0e54f3080+0x0000000000000884]
J 3715 c1 com.mysql.cj.protocol.FullReadInputStream.readFully([BII)I (86 bytes) @ 0x00007fc0e54f165c [0x00007fc0e54f15a0+0x00000000000000bc]
J 3917 c1 com.mysql.cj.protocol.a.SimplePacketReader.readHeader()Lcom/mysql/cj/protocol/a/NativePacketHeader; (109 bytes) @ 0x00007fc0e555866c [0x00007fc0e55583a0+0x00000000000002cc]
J 3916 c1 com.mysql.cj.protocol.a.SimplePacketReader.readHeader()Lcom/mysql/cj/protocol/MessageHeader; (5 bytes) @ 0x00007fc0e5558014 [0x00007fc0e5557fc0+0x0000000000000054]
J 3932 c1 com.mysql.cj.protocol.a.TimeTrackingPacketReader.readHeader()Lcom/mysql/cj/protocol/MessageHeader; (5 bytes) @ 0x00007fc0e55607a4 [0x00007fc0e5560740+0x0000000000000064]
J 3930 c1 com.mysql.cj.protocol.a.MultiPacketReader.readHeader()Lcom/mysql/cj/protocol/MessageHeader; (5 bytes) @ 0x00007fc0e555ed24 [0x00007fc0e555ecc0+0x0000000000000064]
J 5245 c1 com.mysql.cj.protocol.a.NativeProtocol.readMessage(Lcom/mysql/cj/protocol/a/NativePacketPayload;)Lcom/mysql/cj/protocol/a/NativePacketPayload; (85 bytes) @ 0x00007fc0e5719f34 [0x00007fc0e5719ec0+0x0000000000000074]
J 9668 c1 com.mysql.cj.protocol.a.NativeProtocol.checkErrorMessage(I)Lcom/mysql/cj/protocol/a/NativePacketPayload; (58 bytes) @ 0x00007fc0e5f1a24c [0x00007fc0e5f1a1e0+0x000000000000006c]
J 9039 c1 com.mysql.cj.protocol.a.NativeProtocol.sendCommand(Lcom/mysql/cj/protocol/Message;ZI)Lcom/mysql/cj/protocol/a/NativePacketPayload; (456 bytes) @ 0x00007fc0e5ded7b4 [0x00007fc0e5ded380+0x0000000000000434]
J 10822 c1
[error occurred during error reporting (printing Java stack), id 0x7, SIGBUS (0x7) at pc=0x00007fc10401c754]


siginfo: si_signo: 7 (SIGBUS), si_code: 2 (BUS_ADRERR), si_addr: 0x00007fc054840000

Register to memory mapping:

RAX=