#
# A fatal error has been detected by the Java Runtime Environment:
#
#  SIGBUS (0x7) at pc=0x00007f921f1d62d4, pid=4852, tid=4965
#
# JRE version: OpenJDK Runtime Environment (11.0.10+9) (build 11.0.10+9-Ubuntu-0ubuntu1.20.04)
# Java VM: OpenJDK 64-Bit Server VM (11.0.10+9-Ubuntu-0ubuntu1.20.04, mixed mode, sharing, tiered, compressed oops, parallel gc, linux-amd64)
# Problematic frame:
# V  [libjvm.so+0x6ef2d4]
#
# No core dump will be written. Core dumps have been disabled. To enable core dumping, try "ulimit -c unlimited" before starting Java again
#
# If you would like to submit a bug report, please visit:
#   https://bugs.launchpad.net/ubuntu/+source/openjdk-lts
#

---------------  S U M M A R Y ------------

Command Line: --add-modules=ALL-SYSTEM --add-opens=java.base/java.util=ALL-UNNAMED --add-opens=java.base/java.lang=ALL-UNNAMED -Declipse.application=org.eclipse.jdt.ls.core.id1 -Dosgi.bundles.defaultStartLevel=4 -Declipse.product=org.eclipse.jdt.ls.core.product -Dfile.encoding=utf8 -XX:+UseParallelGC -XX:GCTimeRatio=4 -XX:AdaptiveSizePolicyWeight=90 -Dsun.zip.disableMemoryMapping=true -Xmx1G -Xms100m -Xverify:none /home/swithun/.vscode-server/extensions/redhat.java-0.79.1/server/plugins/org.eclipse.equinox.launcher_1.6.100.v20201223-0822.jar -configuration /home/swithun/.vscode-server/data/User/globalStorage/redhat.java/0.79.1/config_ss_linux -data /home/swithun/.vscode-server/data/User/workspaceStorage/6ab0e8f789f20c6d6edeb434ff64c23d/redhat.java/ss_ws

Host: Intel(R) Core(TM) i7-7700HQ CPU @ 2.80GHz, 5 cores, 5G, Ubuntu 20.04.2 LTS
Time: Tue May 11 11:08:08 2021 CST elapsed time: 7972.165846 seconds (0d 2h 12m 52s)

---------------  T H R E A D  ---------------

Current thread (0x00007f921847c800):  JavaThread "pool-2-thread-1" [_thread_in_vm, id=4965, stack(0x00007f91f8379000,0x00007f91f847a000)]

Stack: [0x00007f91f8379000,0x00007f91f847a000],  sp=0x00007f91f8473c28,  free space=1003k
Native frames: (J=compiled Java code, A=aot compiled Java code, j=interpreted, Vv=VM code, C=native code)
V  [libjvm.so+0x6ef2d4]
V  [libjvm.so+0xddf1fa]
V  [libjvm.so+0xa46696]
V  [libjvm.so+0xa47794]
V  [libjvm.so+0xa47aad]
V  [libjvm.so+0x47cb35]
V  [libjvm.so+0xc9d48c]
V  [libjvm.so+0xc9d65e]
V  [libjvm.so+0xc9d823]
V  [libjvm.so+0xc9dd7e]
V  [libjvm.so+0xc9e285]
v  ~RuntimeStub::resolve_virtual_call
J 4552 c1 org.eclipse.jdt.ls.core.internal.ParentProcessWatcher.run()V (31 bytes) @ 0x00007f920186d314 [0x00007f920186cfc0+0x0000000000000354]
J 4519 c1 java.util.concurrent.Executors$RunnableAdapter.call()Ljava/lang/Object; java.base@11.0.10 (14 bytes) @ 0x00007f92018571f4 [0x00007f92018570c0+0x0000000000000134]
J 4576 c1 java.util.concurrent.FutureTask.runAndReset()Z java.base@11.0.10 (125 bytes) @ 0x00007f9201889b5c [0x00007f9201889480+0x00000000000006dc]
J 4523 c1 java.util.concurrent.ScheduledThreadPoolExecutor$ScheduledFutureTask.run()V java.base@11.0.10 (57 bytes) @ 0x00007f920185a5c4 [0x00007f920185a3c0+0x0000000000000204]
j  java.util.concurrent.ThreadPoolExecutor.runWorker(Ljava/util/concurrent/ThreadPoolExecutor$Worker;)V+92 java.base@11.0.10
j  java.util.concurrent.ThreadPoolExecutor$Worker.run()V+5 java.base@11.0.10
j  java.lang.Thread.run()V+11 java.base@11.0.10
v  ~StubRoutines::call_stub
V  [libjvm.so+0x857b39]
V  [libjvm.so+0x85618e]
V  [libjvm.so+0x901e31]
V  [libjvm.so+0xe1b50f]
V  [libjvm.so+0xe17b40]
V  [libjvm.so+0xbd5436]

Java frames: (J=compiled Java code, j=interpreted, Vv=VM code)
v  ~RuntimeStub::resolve_virtual_call
J 4552 c1 org.eclipse.jdt.ls.core.internal.ParentProcessWatcher.run()V (31 bytes) @ 0x00007f920186d314 [0x00007f920186cfc0+0x0000000000000354]
J 4519 c1 java.util.concurrent.Executors$RunnableAdapter.call()Ljava/lang/Object; java.base@11.0.10 (14 bytes) @ 0x00007f92018571f4 [0x00007f92018570c0+0x0000000000000134]
J 4576 c1 java.util.concurrent.FutureTask.runAndReset()Z java.base@11.0.10 (125 bytes) @ 0x00007f9201889b5c [0x00007f9201889480+0x00000000000006dc]
J 4523 c1 java.util.concurrent.ScheduledThreadPoolExecutor$ScheduledFutureTask.run()V java.base@11.0.10 (57 bytes) @ 0x00007f920185a5c4 [0x00007f920185a3c0+0x0000000000000204]
j  java.util.concurrent.ThreadPoolExecutor.runWorker(Ljava/util/concurrent/ThreadPoolExecutor$Worker;)V+92 java.base@11.0.10
j  java.util.concurrent.ThreadPoolExecutor$Worker.run()V+5 java.base@11.0.10
j  java.lang.Thread.run()V+11 java.base@11.0.10
v  ~StubRoutines::call_stub

siginfo: si_signo: 7 (SIGBUS), si_code: 2 (BUS_ADRERR), si_addr: 0x00007f917801f190

Register to memory mapping:

RAX=0x00007f917801f190 is an unknown value
RBX=
[error occurred during error reporting (printing register info), id 0x7, SIGBUS (0x7) at pc=0x00007f921f961aca]

Registers:
RAX=0x00007f917801f190, RBX=0x00007f91c0402180, RCX=0x00000008003b9100, RDX=0x000000009425e816
RSP=0x00007f91f8473c28, RBP=0x00007f91f8473c80, RSI=0x00007f921fd4703a, RDI=0x00007f91c0142c40
R8 =0x00007f92182690b0, R9 =0x00007f921847c800, R10=0x00007f9218012320, R11=0x0000000800000000
R12=0x000000009425e816, R13=0x00000008003b9100, R14=0x00007f91c0402178, R15=0x00007f91c0142c40
RIP=0x00007f921f1d62d4, EFLAGS=0x0000000000010246, CSGSFS=0x002b000000000033, ERR=0x0000000000000004
  TRAPNO=0x000000000000000e

Top of Stack: (sp=0x00007f91f8473c28)
0x00007f91f8473c28:   00007f921f8c5ea6 00007f92182690b0
0x00007f91f8473c38:   00007f9218012320 00007f91f8473f70
0x00007f91f8473c48:   00007f91c0402178 00007f91f8473c80
0x00007f91f8473c58:   00007f921847c800 00007f91f8473c90 

Instructions: (pc=0x00007f921f1d62d4)
0x00007f921f1d61d4:   8d 15 ae 27 b9 00 80 3a 00 74 33 48 85 c9 74 2e
0x00007f921f1d61e4:   4c 8b 29 4d 85 ed 74 26 48 8b 10 48 89 c7 ff 92
0x00007f921f1d61f4:   c8 00 00 00 49 39 c5 74 59 4c 8b 63 18 4d 85 e4
0x00007f921f1d6204:   75 43 66 2e 0f 1f 84 00 00 00 00 00 31 c0 48 83
0x00007f921f1d6214:   c4 08 5b 41 5c 41 5d 5d c3 0f 1f 00 48 8b 43 10
0x00007f921f1d6224:   4c 3b 40 18 74 a9 48 8b 5b 08 48 83 e3 fe 74 dc
0x00007f921f1d6234:   3b 33 75 f2 eb e6 66 0f 1f 44 00 00 4d 8b 24 24
0x00007f921f1d6244:   4d 85 e4 74 c7 4c 89 e7 e8 7f 74 54 00 49 39 c5
0x00007f921f1d6254:   75 ea 48 8b 43 10 48 83 c4 08 5b 41 5c 41 5d 5d
0x00007f921f1d6264:   c3 90 66 2e 0f 1f 84 00 00 00 00 00 f3 0f 1e fa
0x00007f921f1d6274:   48 8b 47 08 48 63 f6 48 8d 04 f0 48 8b 00 48 85
0x00007f921f1d6284:   c0 74 59 48 8d 35 ac 0d b7 00 80 3e 00 75 0f eb
0x00007f921f1d6294:   3f 0f 1f 00 48 8b 40 08 48 83 e0 fe 74 3e 3b 10
0x00007f921f1d62a4:   75 f2 4c 8b 40 10 49 3b 48 18 75 e8 66 41 81 b8
0x00007f921f1d62b4:   c8 00 00 00 f1 d8 74 dc 4c 89 c0 c3 4c 8b 40 10
0x00007f921f1d62c4:   49 3b 48 18 74 f2 48 8b 40 08 48 83 e0 fe 74 0c
0x00007f921f1d62d4:   3b 10 75 f2 eb e6 66 0f 1f 44 00 00 45 31 c0 4c
0x00007f921f1d62e4:   89 c0 c3 90 0f 1f 84 00 00 00 00 00 f3 0f 1e fa
0x00007f921f1d62f4:   48 8b 47 08 48 63 f6 48 8d 04 f0 48 8b 00 48 85
0x00007f921f1d6304:   c0 74 59 48 8d 35 2c 0d b7 00 80 3e 00 75 0f eb
0x00007f921f1d6314:   3f 0f 1f 00 48 8b 40 08 48 83 e0 fe 74 3e 3b 10
0x00007f921f1d6324:   75 f2 4c 8b 40 10 49 3b 48 18 75 e8 66 41 81 b8
0x00007f921f1d6334:   c8 00 00 00 f1 d8 74 dc 4c 89 c0 c3 4c 8b 40 10
0x00007f921f1d6344:   49 3b 48 18 74 f2 48 8b 40 08 48 83 e0 fe 74 0c
0x00007f921f1d6354:   3b 10 75 f2 eb e6 66 0f 1f 44 00 00 45 31 c0 4c
0x00007f921f1d6364:   89 c0 c3 90 0f 1f 84 00 00 00 00 00 f3 0f 1e fa
0x00007f921f1d6374:   48 8b 47 08 48 63 f6 49 89 f9 48 8b 49 18 48 8d
0x00007f921f1d6384:   04 f0 48 8b 38 48 85 ff 74 35 48 8d 05 a5 0c b7
0x00007f921f1d6394:   00 80 38 00 75 10 eb 48 0f 1f 40 00 48 8b 7f 08
0x00007f921f1d63a4:   48 83 e7 fe 74 19 3b 17 75 f2 48 8b 47 10 48 3b
0x00007f921f1d63b4:   48 18 75 e8 66 81 b8 c8 00 00 00 f1 d8 74 dd 4c
0x00007f921f1d63c4:   89 c2 4c 89 ce e9 a2 f7 ff ff 66 90 48 8b 47 10 


Stack slot to memory mapping:
stack at sp + 0 slots: 0x00007f921f8c5ea6: <offset 0x0000000000ddeea6> in /usr/lib/jvm/java-11-openjdk-amd64/lib/server/libjvm.so at 0x00007f921eae7000
stack at sp + 1 slots: 
[error occurred during error reporting (inspecting top of stack), id 0x7, SIGBUS (0x7) at pc=0x00007f921f961aca]


---------------  P R O C E S S  ---------------

Threads class SMR info:
_java_thread_list=0x00007f916c001af0, length=19, elements={
0x00007f9218016000, 0x00007f921817d000, 0x00007f921817f000, 0x00007f921818c000,
0x00007f921818e000, 0x00007f9218190000, 0x00007f9218192800, 0x00007f9218194800,
0x00007f92181d5800, 0x00007f92182c2000, 0x00007f9218430000, 0x00007f9218471800,
0x00007f9218474000, 0x00007f91c0033800, 0x00007f91c01c1000, 0x00007f919c001800,
0x00007f921847c800, 0x00007f91a0002000, 0x00007f918c1bc000
}

Java Threads: ( => current thread )
  0x00007f9218016000 JavaThread "main" [_thread_blocked, id=4853, stack(0x00007f921e69b000,0x00007f921e79c000)]
  0x00007f921817d000 JavaThread "Reference Handler" daemon [_thread_blocked, id=4856, stack(0x00007f921c0e6000,0x00007f921c1e7000)]
  0x00007f921817f000 JavaThread "Finalizer" daemon [_thread_blocked, id=4857, stack(0x00007f9200790000,0x00007f9200891000)]
  0x00007f921818c000 JavaThread "Signal Dispatcher" daemon [_thread_in_vm, id=4858, stack(0x00007f9200236000,0x00007f9200337000)]
  0x00007f921818e000 JavaThread "Service Thread" daemon [_thread_blocked, id=4859, stack(0x00007f9200135000,0x00007f9200236000)]
  0x00007f9218190000 JavaThread "C2 CompilerThread0" daemon [_thread_blocked, id=4860, stack(0x00007f9200034000,0x00007f9200135000)]
  0x00007f9218192800 JavaThread "C1 CompilerThread0" daemon [_thread_blocked, id=4861, stack(0x00007f91f9eff000,0x00007f91fa000000)]
  0x00007f9218194800 JavaThread "Sweeper thread" daemon [_thread_blocked, id=4862, stack(0x00007f91f9dfe000,0x00007f91f9eff000)]
  0x00007f92181d5800 JavaThread "Common-Cleaner" daemon [_thread_blocked, id=4866, stack(0x00007f91f9cfd000,0x00007f91f9dfe000)]
  0x00007f92182c2000 JavaThread "process reaper" daemon [_thread_blocked, id=4883, stack(0x00007f921c058000,0x00007f921c07a000)]
  0x00007f9218430000 JavaThread "Active Thread: Equinox Container: 57753149-70b8-4630-ad9a-f424b2d08878" [_thread_blocked, id=4893, stack(0x00007f91f99f9000,0x00007f91f9afa000)]
  0x00007f9218471800 JavaThread "Framework Event Dispatcher: Equinox Container: 57753149-70b8-4630-ad9a-f424b2d08878" daemon [_thread_blocked, id=4909, stack(0x00007f91f98f8000,0x00007f91f99f9000)]
  0x00007f9218474000 JavaThread "Start Level: Equinox Container: 57753149-70b8-4630-ad9a-f424b2d08878" daemon [_thread_blocked, id=4912, stack(0x00007f91f97f7000,0x00007f91f98f8000)]
  0x00007f91c0033800 JavaThread "SCR Component Actor" daemon [_thread_blocked, id=4924, stack(0x00007f91f94e5000,0x00007f91f95e6000)]
  0x00007f91c01c1000 JavaThread "Worker-JM" [_thread_blocked, id=4953, stack(0x00007f91f8ddd000,0x00007f91f8ede000)]
  0x00007f919c001800 JavaThread "Worker-1" [_thread_blocked, id=4956, stack(0x00007f91f877c000,0x00007f91f887d000)]
=>0x00007f921847c800 JavaThread "pool-2-thread-1" [_thread_in_vm, id=4965, stack(0x00007f91f8379000,0x00007f91f847a000)]
  0x00007f91a0002000 JavaThread "Worker-2" [_thread_blocked, id=4969, stack(0x00007f91f8ede000,0x00007f91f8fdf000)]
  0x00007f918c1bc000 
[error occurred during error reporting (printing all threads), id 0x7, SIGBUS (0x7) at pc=0x00007f921f044024]

VM state:synchronizing (normal execution)

VM Mutex/Monitor currently owned by a thread:  ([mutex/lock_event])
[0x00007f9218012320] SystemDictionary_lock - owner thread: 0x00007f921847c800
[0x00007f9218012d40] Threads_lock - owner thread: 0x00007f921817a000

Heap address: 0x00000000c0000000, size: 1024 MB, Compressed Oops mode: 32-bit
Narrow klass base: 0x0000000800000000, Narrow klass shift: 3
Compressed class space size: 1073741824 Address: 0x0000000840000000

Heap:
 PSYoungGen      total 22528K, used 15035K [0x00000000eab00000, 0x00000000ec780000, 0x0000000100000000)
  eden space 21504K, 66% used [0x00000000eab00000,0x00000000eb911b98,0x00000000ec000000)
  from space 1024K, 61% used [0x00000000ec000000,0x00000000ec09d148,0x00000000ec100000)
  to   space 2560K, 0% used [0x00000000ec500000,0x00000000ec500000,0x00000000ec780000)
 ParOldGen       total 68608K, used 30572K [0x00000000c0000000, 0x00000000c4300000, 0x00000000eab00000)
  object space 68608K, 44% used [0x00000000c0000000,0x00000000c1ddb298,0x00000000c4300000)
 Metaspace       used 33012K, capacity 34772K, committed 35200K, reserved 1081344K
  class space    used 3007K, capacity 3639K, committed 3712K, reserved 1048576K

Card table byte_map: [0x00007f921e243000,0x00007f921e444000] _byte_map_base: 0x00007f921dc43000

Marking Bits: (ParMarkBitMap*) 0x00007f921fd625c0
 Begin Bits: [0x00007f91fa000000, 0x00007f91fb000000)
 End Bits:   [0x00007f91fb000000, 0x00007f91fc000000)

Polling page: 0x00007f921ffc5000

Metaspace:

Usage:
  Non-class:     30.40 MB capacity,    29.30 MB ( 96%) used,     1.03 MB (  3%) free+waste,    73.25 KB ( <1%) overhead. 
      Class:      3.55 MB capacity,     2.94 MB ( 83%) used,   596.77 KB ( 16%) free+waste,    34.25 KB ( <1%) overhead. 
       Both:     33.96 MB capacity,    32.24 MB ( 95%) used,     1.61 MB (  5%) free+waste,   107.50 KB ( <1%) overhead. 

Virtual space:
  Non-class space:       32.00 MB reserved,      30.75 MB ( 96%) committed 
      Class space:        1.00 GB reserved,       3.62 MB ( <1%) committed 
             Both:        1.03 GB reserved,      34.38 MB (  3%) committed 

Chunk freelists:
   Non-Class:  279.00 KB
       Class:  9.00 KB
        Both:  288.00 KB

MaxMetaspaceSize: unlimited
CompressedClassSpaceSize: 1.00 GB

CodeHeap 'non-profiled nmethods': size=120032Kb used=2047Kb max_used=2047Kb free=117984Kb
 bounds [0x00007f9208359000, 0x00007f92085c9000, 0x00007f920f891000]
CodeHeap 'profiled nmethods': size=120032Kb used=10890Kb max_used=10890Kb free=109141Kb
 bounds [0x00007f9200e21000, 0x00007f92018d1000, 0x00007f9208359000]
CodeHeap 'non-nmethods': size=5696Kb used=1215Kb max_used=1281Kb free=4480Kb
 bounds [0x00007f9200891000, 0x00007f9200b01000, 0x00007f9200e21000]
 total_blobs=5189 nmethods=4594 adapters=509
 compilation: enabled
              stopped_count=0, restarted_count=0
 full_count=0

Compilation events (20 events):
Event: 6432.308 Thread 0x00007f9218192800 4629       3       java.util.concurrent.CompletableFuture$UniHandle::<init> (14 bytes)
Event: 6432.309 Thread 0x00007f9218192800 nmethod 4629 0x00007f92018bf810 code [0x00007f92018bf9e0, 0x00007f92018bfcd0]
Event: 6432.309 Thread 0x00007f9218192800 4631       3       java.lang.ProcessImpl$$Lambda$29/0x0000000840069c40::apply (16 bytes)
Event: 6432.309 Thread 0x00007f9218192800 nmethod 4631 0x00007f92018bfe10 code [0x00007f92018bffe0, 0x00007f92018c0340]
Event: 6432.309 Thread 0x00007f9218192800 4632   !   3       java.lang.ProcessImpl::lambda$initStreams$1 (103 bytes)
Event: 6432.310 Thread 0x00007f9218192800 nmethod 4632 0x00007f92018c0410 code [0x00007f92018c0660, 0x00007f92018c14f0]
Event: 6602.758 Thread 0x00007f9218192800 4633       1       org.eclipse.core.internal.jobs.JobChangeEvent::getJob (5 bytes)
Event: 6602.759 Thread 0x00007f9218192800 nmethod 4633 0x00007f9208557190 code [0x00007f9208557340, 0x00007f9208557410]
Event: 7290.397 Thread 0x00007f9218190000 4634       4       java.lang.StringCoding::encodeUTF8 (132 bytes)
Event: 7290.415 Thread 0x00007f9218190000 nmethod 4634 0x00007f9208557490 code [0x00007f9208557620, 0x00007f9208557838]
Event: 7471.536 Thread 0x00007f9218192800 4635   !   3       org.eclipse.osgi.container.ModuleDatabase::getTimestamp (25 bytes)
Event: 7471.728 Thread 0x00007f9218192800 nmethod 4635 0x00007f92018c1810 code [0x00007f92018c1a80, 0x00007f92018c23d0]
Event: 7502.809 Thread 0x00007f9218192800 4636       1       org.eclipse.core.internal.jobs.InternalJob::setStartTime (6 bytes)
Event: 7502.810 Thread 0x00007f9218192800 nmethod 4636 0x00007f9208557990 code [0x00007f9208557b40, 0x00007f9208557c10]
Event: 7570.688 Thread 0x00007f9218190000 4637       4       java.util.Properties::getProperty (50 bytes)
Event: 7570.716 Thread 0x00007f9218190000 nmethod 4637 0x00007f9208557c90 code [0x00007f9208557e60, 0x00007f92085587c8]
Event: 7591.537 Thread 0x00007f9218192800 4638       3       org.eclipse.osgi.storage.Storage::isReadOnly (10 bytes)
Event: 7591.538 Thread 0x00007f9218192800 nmethod 4638 0x00007f92018c2890 code [0x00007f92018c2a40, 0x00007f92018c2bd0]
Event: 7681.537 Thread 0x00007f9218192800 4639   !   3       org.eclipse.osgi.internal.framework.StorageSaver$StorageSaverTask::run (31 bytes)
Event: 7681.591 Thread 0x00007f9218192800 nmethod 4639 0x00007f92018c2c90 code [0x00007f92018c2ee0, 0x00007f92018c35d0]

GC Heap History (20 events):
Event: 4.054 GC heap before
{Heap before GC invocations=5 (full 1):
 PSYoungGen      total 29696K, used 25600K [0x00000000eab00000, 0x00000000ecc00000, 0x0000000100000000)
  eden space 25600K, 100% used [0x00000000eab00000,0x00000000ec400000,0x00000000ec400000)
  from space 4096K, 0% used [0x00000000ec400000,0x00000000ec400000,0x00000000ec800000)
  to   space 4096K, 0% used [0x00000000ec800000,0x00000000ec800000,0x00000000ecc00000)
 ParOldGen       total 68608K, used 8388K [0x00000000c0000000, 0x00000000c4300000, 0x00000000eab00000)
  object space 68608K, 12% used [0x00000000c0000000,0x00000000c0831200,0x00000000c4300000)
 Metaspace       used 22410K, capacity 24038K, committed 24448K, reserved 1071104K
  class space    used 2231K, capacity 2837K, committed 2944K, reserved 1048576K
}
Event: 4.058 GC heap after
{Heap after GC invocations=5 (full 1):
 PSYoungGen      total 29696K, used 2542K [0x00000000eab00000, 0x00000000ecc00000, 0x0000000100000000)
  eden space 25600K, 0% used [0x00000000eab00000,0x00000000eab00000,0x00000000ec400000)
  from space 4096K, 62% used [0x00000000ec800000,0x00000000eca7bbe0,0x00000000ecc00000)
  to   space 4096K, 0% used [0x00000000ec400000,0x00000000ec400000,0x00000000ec800000)
 ParOldGen       total 68608K, used 8396K [0x00000000c0000000, 0x00000000c4300000, 0x00000000eab00000)
  object space 68608K, 12% used [0x00000000c0000000,0x00000000c0833200,0x00000000c4300000)
 Metaspace       used 22410K, capacity 24038K, committed 24448K, reserved 1071104K
  class space    used 2231K, capacity 2837K, committed 2944K, reserved 1048576K
}
Event: 4.157 GC heap before
{Heap before GC invocations=6 (full 1):
 PSYoungGen      total 29696K, used 28142K [0x00000000eab00000, 0x00000000ecc00000, 0x0000000100000000)
  eden space 25600K, 100% used [0x00000000eab00000,0x00000000ec400000,0x00000000ec400000)
  from space 4096K, 62% used [0x00000000ec800000,0x00000000eca7bbe0,0x00000000ecc00000)
  to   space 4096K, 0% used [0x00000000ec400000,0x00000000ec400000,0x00000000ec800000)
 ParOldGen       total 68608K, used 8396K [0x00000000c0000000, 0x00000000c4300000, 0x00000000eab00000)
  object space 68608K, 12% used [0x00000000c0000000,0x00000000c0833200,0x00000000c4300000)
 Metaspace       used 22503K, capacity 24103K, committed 24448K, reserved 1071104K
  class space    used 2235K, capacity 2837K, committed 2944K, reserved 1048576K
}
Event: 4.164 GC heap after
{Heap after GC invocations=6 (full 1):
 PSYoungGen      total 29184K, used 4094K [0x00000000eab00000, 0x00000000ece80000, 0x0000000100000000)
  eden space 25088K, 0% used [0x00000000eab00000,0x00000000eab00000,0x00000000ec380000)
  from space 4096K, 99% used [0x00000000ec400000,0x00000000ec7ffbd0,0x00000000ec800000)
  to   space 5632K, 0% used [0x00000000ec900000,0x00000000ec900000,0x00000000ece80000)
 ParOldGen       total 68608K, used 9113K [0x00000000c0000000, 0x00000000c4300000, 0x00000000eab00000)
  object space 68608K, 13% used [0x00000000c0000000,0x00000000c08e6568,0x00000000c4300000)
 Metaspace       used 22503K, capacity 24103K, committed 24448K, reserved 1071104K
  class space    used 2235K, capacity 2837K, committed 2944K, reserved 1048576K
}
Event: 4.250 GC heap before
{Heap before GC invocations=7 (full 1):
 PSYoungGen      total 29184K, used 29182K [0x00000000eab00000, 0x00000000ece80000, 0x0000000100000000)
  eden space 25088K, 100% used [0x00000000eab00000,0x00000000ec380000,0x00000000ec380000)
  from space 4096K, 99% used [0x00000000ec400000,0x00000000ec7ffbd0,0x00000000ec800000)
  to   space 5632K, 0% used [0x00000000ec900000,0x00000000ec900000,0x00000000ece80000)
 ParOldGen       total 68608K, used 9113K [0x00000000c0000000, 0x00000000c4300000, 0x00000000eab00000)
  object space 68608K, 13% used [0x00000000c0000000,0x00000000c08e6568,0x00000000c4300000)
 Metaspace       used 22600K, capacity 24167K, committed 24448K, reserved 1071104K
  class space    used 2239K, capacity 2837K, committed 2944K, reserved 1048576K
}
Event: 4.268 GC heap after
{Heap after GC invocations=7 (full 1):
 PSYoungGen      total 29184K, used 5614K [0x00000000eab00000, 0x00000000ed100000, 0x0000000100000000)
  eden space 23552K, 0% used [0x00000000eab00000,0x00000000eab00000,0x00000000ec200000)
  from space 5632K, 99% used [0x00000000ec900000,0x00000000ece7b848,0x00000000ece80000)
  to   space 7168K, 0% used [0x00000000ec200000,0x00000000ec200000,0x00000000ec900000)
 ParOldGen       total 68608K, used 9905K [0x00000000c0000000, 0x00000000c4300000, 0x00000000eab00000)
  object space 68608K, 14% used [0x00000000c0000000,0x00000000c09ac588,0x00000000c4300000)
 Metaspace       used 22600K, capacity 24167K, committed 24448K, reserved 1071104K
  class space    used 2239K, capacity 2837K, committed 2944K, reserved 1048576K
}
Event: 4.343 GC heap before
{Heap before GC invocations=8 (full 1):
 PSYoungGen      total 29184K, used 29166K [0x00000000eab00000, 0x00000000ed100000, 0x0000000100000000)
  eden space 23552K, 100% used [0x00000000eab00000,0x00000000ec200000,0x00000000ec200000)
  from space 5632K, 99% used [0x00000000ec900000,0x00000000ece7b848,0x00000000ece80000)
  to   space 7168K, 0% used [0x00000000ec200000,0x00000000ec200000,0x00000000ec900000)
 ParOldGen       total 68608K, used 9905K [0x00000000c0000000, 0x00000000c4300000, 0x00000000eab00000)
  object space 68608K, 14% used [0x00000000c0000000,0x00000000c09ac588,0x00000000c4300000)
 Metaspace       used 22680K, capacity 24263K, committed 24448K, reserved 1071104K
  class space    used 2250K, capacity 2869K, committed 2944K, reserved 1048576K
}
Event: 4.362 GC heap after
{Heap after GC invocations=8 (full 1):
 PSYoungGen      total 30208K, used 7163K [0x00000000eab00000, 0x00000000ed380000, 0x0000000100000000)
  eden space 23040K, 0% used [0x00000000eab00000,0x00000000eab00000,0x00000000ec180000)
  from space 7168K, 99% used [0x00000000ec200000,0x00000000ec8fed30,0x00000000ec900000)
  to   space 9216K, 0% used [0x00000000eca80000,0x00000000eca80000,0x00000000ed380000)
 ParOldGen       total 68608K, used 11061K [0x00000000c0000000, 0x00000000c4300000, 0x00000000eab00000)
  object space 68608K, 16% used [0x00000000c0000000,0x00000000c0acd770,0x00000000c4300000)
 Metaspace       used 22680K, capacity 24263K, committed 24448K, reserved 1071104K
  class space    used 2250K, capacity 2869K, committed 2944K, reserved 1048576K
}
Event: 4.406 GC heap before
{Heap before GC invocations=9 (full 1):
 PSYoungGen      total 30208K, used 30203K [0x00000000eab00000, 0x00000000ed380000, 0x0000000100000000)
  eden space 23040K, 100% used [0x00000000eab00000,0x00000000ec180000,0x00000000ec180000)
  from space 7168K, 99% used [0x00000000ec200000,0x00000000ec8fed30,0x00000000ec900000)
  to   space 9216K, 0% used [0x00000000eca80000,0x00000000eca80000,0x00000000ed380000)
 ParOldGen       total 68608K, used 11061K [0x00000000c0000000, 0x00000000c4300000, 0x00000000eab00000)
  object space 68608K, 16% used [0x00000000c0000000,0x00000000c0acd770,0x00000000c4300000)
 Metaspace       used 22681K, capacity 24263K, committed 24448K, reserved 1071104K
  class space    used 2250K, capacity 2869K, committed 2944K, reserved 1048576K
}
Event: 4.420 GC heap after
{Heap after GC invocations=9 (full 1):
 PSYoungGen      total 30720K, used 8178K [0x00000000eab00000, 0x00000000ed280000, 0x0000000100000000)
  eden space 22528K, 0% used [0x00000000eab00000,0x00000000eab00000,0x00000000ec100000)
  from space 8192K, 99% used [0x00000000eca80000,0x00000000ed27cb28,0x00000000ed280000)
  to   space 8704K, 0% used [0x00000000ec180000,0x00000000ec180000,0x00000000eca00000)
 ParOldGen       total 68608K, used 12580K [0x00000000c0000000, 0x00000000c4300000, 0x00000000eab00000)
  object space 68608K, 18% used [0x00000000c0000000,0x00000000c0c49330,0x00000000c4300000)
 Metaspace       used 22681K, capacity 24263K, committed 24448K, reserved 1071104K
  class space    used 2250K, capacity 2869K, committed 2944K, reserved 1048576K
}
Event: 4.598 GC heap before
{Heap before GC invocations=10 (full 1):
 PSYoungGen      total 30720K, used 30695K [0x00000000eab00000, 0x00000000ed280000, 0x0000000100000000)
  eden space 22528K, 99% used [0x00000000eab00000,0x00000000ec0fd208,0x00000000ec100000)
  from space 8192K, 99% used [0x00000000eca80000,0x00000000ed27cb28,0x00000000ed280000)
  to   space 8704K, 0% used [0x00000000ec180000,0x00000000ec180000,0x00000000eca00000)
 ParOldGen       total 68608K, used 12580K [0x00000000c0000000, 0x00000000c4300000, 0x00000000eab00000)
  object space 68608K, 18% used [0x00000000c0000000,0x00000000c0c49330,0x00000000c4300000)
 Metaspace       used 22784K, capacity 24497K, committed 24704K, reserved 1071104K
  class space    used 2258K, capacity 2904K, committed 2944K, reserved 1048576K
}
Event: 4.624 GC heap after
{Heap after GC invocations=10 (full 1):
 PSYoungGen      total 29696K, used 7296K [0x00000000eab00000, 0x00000000ecf80000, 0x0000000100000000)
  eden space 22016K, 0% used [0x00000000eab00000,0x00000000eab00000,0x00000000ec080000)
  from space 7680K, 95% used [0x00000000ec180000,0x00000000ec8a0010,0x00000000ec900000)
  to   space 6656K, 0% used [0x00000000ec900000,0x00000000ec900000,0x00000000ecf80000)
 ParOldGen       total 68608K, used 16319K [0x00000000c0000000, 0x00000000c4300000, 0x00000000eab00000)
  object space 68608K, 23% used [0x00000000c0000000,0x00000000c0fefe48,0x00000000c4300000)
 Metaspace       used 22784K, capacity 24497K, committed 24704K, reserved 1071104K
  class space    used 2258K, capacity 2904K, committed 2944K, reserved 1048576K
}
Event: 5.439 GC heap before
{Heap before GC invocations=11 (full 1):
 PSYoungGen      total 29696K, used 29294K [0x00000000eab00000, 0x00000000ecf80000, 0x0000000100000000)
  eden space 22016K, 99% used [0x00000000eab00000,0x00000000ec07ba70,0x00000000ec080000)
  from space 7680K, 95% used [0x00000000ec180000,0x00000000ec8a0010,0x00000000ec900000)
  to   space 6656K, 0% used [0x00000000ec900000,0x00000000ec900000,0x00000000ecf80000)
 ParOldGen       total 68608K, used 16319K [0x00000000c0000000, 0x00000000c4300000, 0x00000000eab00000)
  object space 68608K, 23% used [0x00000000c0000000,0x00000000c0fefe48,0x00000000c4300000)
 Metaspace       used 26441K, capacity 28171K, committed 28544K, reserved 1075200K
  class space    used 2575K, capacity 3148K, committed 3200K, reserved 1048576K
}
Event: 5.495 GC heap after
{Heap after GC invocations=11 (full 1):
 PSYoungGen      total 26112K, used 4016K [0x00000000eab00000, 0x00000000ecd00000, 0x0000000100000000)
  eden space 22016K, 0% used [0x00000000eab00000,0x00000000eab00000,0x00000000ec080000)
  from space 4096K, 98% used [0x00000000ec900000,0x00000000eccec080,0x00000000ecd00000)
  to   space 5632K, 0% used [0x00000000ec200000,0x00000000ec200000,0x00000000ec780000)
 ParOldGen       total 68608K, used 20780K [0x00000000c0000000, 0x00000000c4300000, 0x00000000eab00000)
  object space 68608K, 30% used [0x00000000c0000000,0x00000000c144b0d0,0x00000000c4300000)
 Metaspace       used 26441K, capacity 28171K, committed 28544K, reserved 1075200K
  class space    used 2575K, capacity 3148K, committed 3200K, reserved 1048576K
}
Event: 5.786 GC heap before
{Heap before GC invocations=12 (full 1):
 PSYoungGen      total 26112K, used 26022K [0x00000000eab00000, 0x00000000ecd00000, 0x0000000100000000)
  eden space 22016K, 99% used [0x00000000eab00000,0x00000000ec07d7a0,0x00000000ec080000)
  from space 4096K, 98% used [0x00000000ec900000,0x00000000eccec080,0x00000000ecd00000)
  to   space 5632K, 0% used [0x00000000ec200000,0x00000000ec200000,0x00000000ec780000)
 ParOldGen       total 68608K, used 20780K [0x00000000c0000000, 0x00000000c4300000, 0x00000000eab00000)
  object space 68608K, 30% used [0x00000000c0000000,0x00000000c144b0d0,0x00000000c4300000)
 Metaspace       used 27744K, capacity 29622K, committed 29952K, reserved 1075200K
  class space    used 2656K, capacity 3291K, committed 3328K, reserved 1048576K
}
Event: 5.795 GC heap after
{Heap after GC invocations=12 (full 1):
 PSYoungGen      total 23040K, used 896K [0x00000000eab00000, 0x00000000ec980000, 0x0000000100000000)
  eden space 22016K, 0% used [0x00000000eab00000,0x00000000eab00000,0x00000000ec080000)
  from space 1024K, 87% used [0x00000000ec200000,0x00000000ec2e0000,0x00000000ec300000)
  to   space 2560K, 0% used [0x00000000ec700000,0x00000000ec700000,0x00000000ec980000)
 ParOldGen       total 68608K, used 24700K [0x00000000c0000000, 0x00000000c4300000, 0x00000000eab00000)
  object space 68608K, 36% used [0x00000000c0000000,0x00000000c181f290,0x00000000c4300000)
 Metaspace       used 27744K, capacity 29622K, committed 29952K, reserved 1075200K
  class space    used 2656K, capacity 3291K, committed 3328K, reserved 1048576K
}
Event: 6.852 GC heap before
{Heap before GC invocations=13 (full 1):
 PSYoungGen      total 23040K, used 22912K [0x00000000eab00000, 0x00000000ec980000, 0x0000000100000000)
  eden space 22016K, 100% used [0x00000000eab00000,0x00000000ec080000,0x00000000ec080000)
  from space 1024K, 87% used [0x00000000ec200000,0x00000000ec2e0000,0x00000000ec300000)
  to   space 2560K, 0% used [0x00000000ec700000,0x00000000ec700000,0x00000000ec980000)
 ParOldGen       total 68608K, used 24700K [0x00000000c0000000, 0x00000000c4300000, 0x00000000eab00000)
  object space 68608K, 36% used [0x00000000c0000000,0x00000000c181f290,0x00000000c4300000)
 Metaspace       used 31890K, capacity 33809K, committed 34176K, reserved 1079296K
  class space    used 2951K, capacity 3598K, committed 3712K, reserved 1048576K
}
Event: 6.884 GC heap after
{Heap after GC invocations=13 (full 1):
 PSYoungGen      total 24064K, used 2540K [0x00000000eab00000, 0x00000000ece80000, 0x0000000100000000)
  eden space 21504K, 0% used [0x00000000eab00000,0x00000000eab00000,0x00000000ec000000)
  from space 2560K, 99% used [0x00000000ec700000,0x00000000ec97b248,0x00000000ec980000)
  to   space 7168K, 0% used [0x00000000ec000000,0x00000000ec000000,0x00000000ec700000)
 ParOldGen       total 68608K, used 28009K [0x00000000c0000000, 0x00000000c4300000, 0x00000000eab00000)
  object space 68608K, 40% used [0x00000000c0000000,0x00000000c1b5a590,0x00000000c4300000)
 Metaspace       used 31890K, capacity 33809K, committed 34176K, reserved 1079296K
  class space    used 2951K, capacity 3598K, committed 3712K, reserved 1048576K
}
Event: 2573.875 GC heap before
{Heap before GC invocations=14 (full 1):
 PSYoungGen      total 24064K, used 24044K [0x00000000eab00000, 0x00000000ece80000, 0x0000000100000000)
  eden space 21504K, 100% used [0x00000000eab00000,0x00000000ec000000,0x00000000ec000000)
  from space 2560K, 99% used [0x00000000ec700000,0x00000000ec97b248,0x00000000ec980000)
  to   space 7168K, 0% used [0x00000000ec000000,0x00000000ec000000,0x00000000ec700000)
 ParOldGen       total 68608K, used 28009K [0x00000000c0000000, 0x00000000c4300000, 0x00000000eab00000)
  object space 68608K, 40% used [0x00000000c0000000,0x00000000c1b5a590,0x00000000c4300000)
 Metaspace       used 32932K, capacity 34703K, committed 35200K, reserved 1081344K
  class space    used 3007K, capacity 3639K, committed 3712K, reserved 1048576K
}
Event: 2573.898 GC heap after
{Heap after GC invocations=14 (full 1):
 PSYoungGen      total 22528K, used 628K [0x00000000eab00000, 0x00000000ec780000, 0x0000000100000000)
  eden space 21504K, 0% used [0x00000000eab00000,0x00000000eab00000,0x00000000ec000000)
  from space 1024K, 61% used [0x00000000ec000000,0x00000000ec09d148,0x00000000ec100000)
  to   space 2560K, 0% used [0x00000000ec500000,0x00000000ec500000,0x00000000ec780000)
 ParOldGen       total 68608K, used 30572K [0x00000000c0000000, 0x00000000c4300000, 0x00000000eab00000)
  object space 68608K, 44% used [0x00000000c0000000,0x00000000c1ddb298,0x00000000c4300000)
 Metaspace       used 32932K, capacity 34703K, committed 35200K, reserved 1081344K
  class space    used 3007K, capacity 3639K, committed 3712K, reserved 1048576K
}

Deoptimization events (20 events):
Event: 10.209 Thread 0x00007f91c0281800 Uncommon trap: trap_request=0xffffffc6 fr.pc=0x00007f920840b4f8 relative=0x0000000000001218
Event: 10.209 Thread 0x00007f91c0281800 Uncommon trap: reason=bimorphic_or_optimized_type_check action=maybe_recompile pc=0x00007f920840b4f8 method=java.io.DataOutputStream.write([BII)V @ 7 c2
Event: 10.209 Thread 0x00007f91c0281800 DEOPT PACKING pc=0x00007f920840b4f8 sp=0x00007f91f8b7c0b0
Event: 10.209 Thread 0x00007f91c0281800 DEOPT UNPACKING pc=0x00007f92008b7525 sp=0x00007f91f8b7c020 mode 2
Event: 10.209 Thread 0x00007f91c0281800 Uncommon trap: trap_request=0xffffffc6 fr.pc=0x00007f920840b4f8 relative=0x0000000000001218
Event: 10.209 Thread 0x00007f91c0281800 Uncommon trap: reason=bimorphic_or_optimized_type_check action=maybe_recompile pc=0x00007f920840b4f8 method=java.io.DataOutputStream.write([BII)V @ 7 c2
Event: 10.209 Thread 0x00007f91c0281800 DEOPT PACKING pc=0x00007f920840b4f8 sp=0x00007f91f8b7bfd0
Event: 10.209 Thread 0x00007f91c0281800 DEOPT UNPACKING pc=0x00007f92008b7525 sp=0x00007f91f8b7bf40 mode 2
Event: 10.209 Thread 0x00007f91c0281800 Uncommon trap: trap_request=0xffffffc6 fr.pc=0x00007f920840b4f8 relative=0x0000000000001218
Event: 10.209 Thread 0x00007f91c0281800 Uncommon trap: reason=bimorphic_or_optimized_type_check action=maybe_recompile pc=0x00007f920840b4f8 method=java.io.DataOutputStream.write([BII)V @ 7 c2
Event: 10.209 Thread 0x00007f91c0281800 DEOPT PACKING pc=0x00007f920840b4f8 sp=0x00007f91f8b7bf60
Event: 10.209 Thread 0x00007f91c0281800 DEOPT UNPACKING pc=0x00007f92008b7525 sp=0x00007f91f8b7bed0 mode 2
Event: 13.251 Thread 0x00007f921847c800 Uncommon trap: trap_request=0xffffff4d fr.pc=0x00007f920847542c relative=0x000000000000014c
Event: 13.251 Thread 0x00007f921847c800 Uncommon trap: reason=unstable_if action=reinterpret pc=0x00007f920847542c method=java.util.concurrent.locks.AbstractQueuedSynchronizer.release(I)Z @ 14 c2
Event: 13.251 Thread 0x00007f921847c800 DEOPT PACKING pc=0x00007f920847542c sp=0x00007f91f8478600
Event: 13.251 Thread 0x00007f921847c800 DEOPT UNPACKING pc=0x00007f92008b7525 sp=0x00007f91f84785c8 mode 2
Event: 1073.512 Thread 0x00007f921847c800 Uncommon trap: trap_request=0xffffffcc fr.pc=0x00007f920855207c relative=0x000000000000013c
Event: 1073.512 Thread 0x00007f921847c800 Uncommon trap: reason=intrinsic_or_type_checked_inlining action=make_not_entrant pc=0x00007f920855207c method=java.util.ArrayList.toArray([Ljava/lang/Object;)[Ljava/lang/Object; @ 36 c2
Event: 1073.512 Thread 0x00007f921847c800 DEOPT PACKING pc=0x00007f920855207c sp=0x00007f91f84783e0
Event: 1073.512 Thread 0x00007f921847c800 DEOPT UNPACKING pc=0x00007f92008b7525 sp=0x00007f91f8478390 mode 2

Classes redefined (0 events):
No events

Internal exceptions (20 events):
Event: 7.401 Thread 0x00007f919c001800 Exception <a 'java/lang/ArrayIndexOutOfBoundsException'{0x00000000eb6ec328}> (0x00000000eb6ec328) thrown at [src/hotspot/share/runtime/sharedRuntime.cpp, line 584]
Event: 7.401 Thread 0x00007f919c001800 Exception <a 'java/lang/ArrayIndexOutOfBoundsException'{0x00000000eb6ecc00}> (0x00000000eb6ecc00) thrown at [src/hotspot/share/runtime/sharedRuntime.cpp, line 584]
Event: 7.401 Thread 0x00007f919c001800 Exception <a 'java/lang/ArrayIndexOutOfBoundsException'{0x00000000eb6ed430}> (0x00000000eb6ed430) thrown at [src/hotspot/share/runtime/sharedRuntime.cpp, line 584]
Event: 7.401 Thread 0x00007f919c001800 Exception <a 'java/lang/ArrayIndexOutOfBoundsException'{0x00000000eb6edd18}> (0x00000000eb6edd18) thrown at [src/hotspot/share/runtime/sharedRuntime.cpp, line 584]
Event: 7.402 Thread 0x00007f919c001800 Exception <a 'java/lang/ArrayIndexOutOfBoundsException'{0x00000000eb6fecc8}> (0x00000000eb6fecc8) thrown at [src/hotspot/share/runtime/sharedRuntime.cpp, line 584]
Event: 7.403 Thread 0x00007f919c001800 Exception <a 'java/lang/ArrayIndexOutOfBoundsException'{0x00000000eb712db8}> (0x00000000eb712db8) thrown at [src/hotspot/share/runtime/sharedRuntime.cpp, line 584]
Event: 7.405 Thread 0x00007f919c001800 Exception <a 'java/lang/ArrayIndexOutOfBoundsException'{0x00000000eb72b838}> (0x00000000eb72b838) thrown at [src/hotspot/share/runtime/sharedRuntime.cpp, line 584]
Event: 7.406 Thread 0x00007f919c001800 Exception <a 'java/lang/ArrayIndexOutOfBoundsException'{0x00000000eb73d4f8}> (0x00000000eb73d4f8) thrown at [src/hotspot/share/runtime/sharedRuntime.cpp, line 584]
Event: 7.406 Thread 0x00007f919c001800 Exception <a 'java/lang/ArrayIndexOutOfBoundsException'{0x00000000eb73dea0}> (0x00000000eb73dea0) thrown at [src/hotspot/share/runtime/sharedRuntime.cpp, line 584]
Event: 7.406 Thread 0x00007f919c001800 Exception <a 'java/lang/ArrayIndexOutOfBoundsException'{0x00000000eb73ea28}> (0x00000000eb73ea28) thrown at [src/hotspot/share/runtime/sharedRuntime.cpp, line 584]
Event: 7.406 Thread 0x00007f919c001800 Exception <a 'java/lang/ArrayIndexOutOfBoundsException'{0x00000000eb73f200}> (0x00000000eb73f200) thrown at [src/hotspot/share/runtime/sharedRuntime.cpp, line 584]
Event: 7.406 Thread 0x00007f919c001800 Exception <a 'java/lang/ArrayIndexOutOfBoundsException'{0x00000000eb73faf8}> (0x00000000eb73faf8) thrown at [src/hotspot/share/runtime/sharedRuntime.cpp, line 584]
Event: 7.406 Thread 0x00007f919c001800 Exception <a 'java/lang/ArrayIndexOutOfBoundsException'{0x00000000eb7404d8}> (0x00000000eb7404d8) thrown at [src/hotspot/share/runtime/sharedRuntime.cpp, line 584]
Event: 7.406 Thread 0x00007f919c001800 Exception <a 'java/lang/ArrayIndexOutOfBoundsException'{0x00000000eb740db0}> (0x00000000eb740db0) thrown at [src/hotspot/share/runtime/sharedRuntime.cpp, line 584]
Event: 7.406 Thread 0x00007f919c001800 Exception <a 'java/lang/ArrayIndexOutOfBoundsException'{0x00000000eb7415e0}> (0x00000000eb7415e0) thrown at [src/hotspot/share/runtime/sharedRuntime.cpp, line 584]
Event: 7.406 Thread 0x00007f919c001800 Exception <a 'java/lang/ArrayIndexOutOfBoundsException'{0x00000000eb741ec8}> (0x00000000eb741ec8) thrown at [src/hotspot/share/runtime/sharedRuntime.cpp, line 584]
Event: 10.223 Thread 0x00007f91c0281800 Exception <a 'java/io/FileNotFoundException'{0x00000000eb862318}> (0x00000000eb862318) thrown at [src/hotspot/share/prims/jni.cpp, line 615]
Event: 10.254 Thread 0x00007f91c0281800 Exception <a 'java/lang/NoSuchMethodError'{0x00000000eb8e9ce8}: 'java.lang.Object java.lang.invoke.DirectMethodHandle$Holder.invokeSpecial(java.lang.Object, java.lang.Object, java.lang.Object, java.lang.Object, java.lang.Object, java.lang.Object, java.lang.Object, java.lang.Object, java.lang.Object, java.lang.Object, java.lang.Object)'> (0x00000000eb8e9ce8) thrown at [src/hotspot/share/interpreter/linkResolver.cpp, line 772]
Event: 10.255 Thread 0x00007f91c0281800 Exception <a 'java/lang/NoSuchMethodError'{0x00000000eb8edea0}: 'java.lang.Object java.lang.invoke.Invokers$Holder.linkToTargetMethod(java.lang.Object, java.lang.Object, java.lang.Object, java.lang.Object, java.lang.Object, java.lang.Object, java.lang.Object, java.lang.Object, java.lang.Object, java.lang.Object)'> (0x00000000eb8edea0) thrown at [src/hotspot/share/interpreter/linkResolver.cpp, line 772]
Event: 10.260 Thread 0x00007f91c0281800 Exception <a 'sun/nio/fs/UnixException'{0x00000000eb90d818}> (0x00000000eb90d818) thrown at [src/hotspot/share/prims/jni.cpp, line 615]

Events (20 events):
Event: 7910.772 Executing VM operation: RevokeBias
Event: 7910.772 Executing VM operation: RevokeBias done
Event: 7910.772 Executing VM operation: RevokeBias
Event: 7910.772 Executing VM operation: RevokeBias done
Event: 7920.774 Executing VM operation: RevokeBias
Event: 7920.774 Executing VM operation: RevokeBias done
Event: 7920.774 Executing VM operation: RevokeBias
Event: 7920.774 Executing VM operation: RevokeBias done
Event: 7920.774 Executing VM operation: RevokeBias
Event: 7920.774 Executing VM operation: RevokeBias done
Event: 7930.777 Executing VM operation: RevokeBias
Event: 7930.777 Executing VM operation: RevokeBias done
Event: 7930.777 Executing VM operation: BulkRevokeBias
Event: 7930.777 Executing VM operation: BulkRevokeBias done
Event: 7945.001 Executing VM operation: RevokeBias
Event: 7945.002 Executing VM operation: RevokeBias done
Event: 7945.002 Executing VM operation: RevokeBias
Event: 7945.002 Executing VM operation: RevokeBias done
Event: 7945.002 Executing VM operation: RevokeBias
Event: 7945.002 Executing VM operation: RevokeBias done


Dynamic libraries:
c0000000-c4300000 rw-p 00000000 00:00 0 
c4300000-eab00000 ---p 00000000 00:00 0 
eab00000-ec780000 rw-p 00000000 00:00 0 
ec780000-100000000 ---p 00000000 00:00 0 
800000000-800002000 rwxp 00001000 08:10 232264                           /usr/lib/jvm/java-11-openjdk-amd64/lib/server/classes.jsa
800002000-8003b9000 rw-p 00003000 08:10 232264                           /usr/lib/jvm/java-11-openjdk-amd64/lib/server/classes.jsa
8003b9000-800a96000 r--p 003ba000 08:10 232264                           /usr/lib/jvm/java-11-openjdk-amd64/lib/server/classes.jsa
800a96000-800a97000 rw-p 00a97000 08:10 232264                           /usr/lib/jvm/java-11-openjdk-amd64/lib/server/classes.jsa
800a97000-8010a5000 r--p 00a98000 08:10 232264                           /usr/lib/jvm/java-11-openjdk-amd64/lib/server/classes.jsa
840000000-8403a0000 rw-p 00000000 00:00 0 
8403a0000-880000000 ---p 00000000 00:00 0 
5560fe2d4000-5560fe2d5000 r--p 00000000 08:10 4770                       /usr/lib/jvm/java-11-openjdk-amd64/bin/java
5560fe2d5000-5560fe2d6000 r-xp 00001000 08:10 4770                       /usr/lib/jvm/java-11-openjdk-amd64/bin/java
5560fe2d6000-5560fe2d7000 r--p 00002000 08:10 4770                       /usr/lib/jvm/java-11-openjdk-amd64/bin/java
5560fe2d7000-5560fe2d8000 r--p 00002000 08:10 4770                       /usr/lib/jvm/java-11-openjdk-amd64/bin/java
5560fe2d8000-5560fe2d9000 rw-p 00003000 08:10 4770                       /usr/lib/jvm/java-11-openjdk-amd64/bin/java
5560ff811000-5560ff832000 rw-p 00000000 00:00 0                          [heap]
7f916c000000-7f916c021000 rw-p 00000000 00:00 0 
7f916c021000-7f9170000000 ---p 00000000 00:00 0 
7f9170000000-7f9170021000 rw-p 00000000 00:00 0 
7f9170021000-7f9174000000 ---p 00000000 00:00 0 
7f9174000000-7f9174041000 rw-p 00000000 00:00 0 
7f9174041000-7f9178000000 ---p 00000000 00:00 0 
7f9178000000-7f9178034000 rw-p 00000000 00:00 0 
7f9178034000-7f917c000000 ---p 00000000 00:00 0 
7f917c000000-7f917d0a7000 rw-p 00000000 00:00 0 
7f917d0a7000-7f9180000000 ---p 00000000 00:00 0 
7f9183891000-7f918c000000 r--s 00000000 08:10 4851                       /usr/lib/jvm/java-11-openjdk-amd64/lib/modules
7f918c000000-7f918c1dc000 rw-p 00000000 00:00 0 
7f918c1dc000-7f9190000000 ---p 00000000 00:00 0 
7f9192cd3000-7f9192d93000 rw-p 00000000 00:00 0 
7f9192d93000-7f9192ed7000 ---p 00000000 00:00 0 
7f9192ed7000-7f91931d4000 rw-p 00000000 00:00 0 
7f91931d4000-7f91933d4000 rw-p 00000000 00:00 0 
7f91933d4000-7f91933d8000 ---p 00000000 00:00 0 
7f91933d8000-7f91934d5000 rw-p 00000000 00:00 0 
7f91934d5000-7f91934d9000 ---p 00000000 00:00 0 
7f91934d9000-7f91937d6000 rw-p 00000000 00:00 0 
7f91937d6000-7f91939d6000 rw-p 00000000 00:00 0 
7f91939fe000-7f9193a02000 ---p 00000000 00:00 0 
7f9193a02000-7f9193cff000 rw-p 00000000 00:00 0 
7f9193cff000-7f9193d03000 ---p 00000000 00:00 0 
7f9193d03000-7f9194000000 rw-p 00000000 00:00 0 
7f9194000000-7f9194021000 rw-p 00000000 00:00 0 
7f9194021000-7f9198000000 ---p 00000000 00:00 0 
7f9198000000-7f9198026000 rw-p 00000000 00:00 0 
7f9198026000-7f919c000000 ---p 00000000 00:00 0 
7f919c000000-7f919c143000 rw-p 00000000 00:00 0 
7f919c143000-7f91a0000000 ---p 00000000 00:00 0 
7f91a0000000-7f91a01c1000 rw-p 00000000 00:00 0 
7f91a01c1000-7f91a4000000 ---p 00000000 00:00 0 
7f91a4000000-7f91a4222000 rw-p 00000000 00:00 0 
7f91a4222000-7f91a8000000 ---p 00000000 00:00 0 
7f91a8000000-7f91a8021000 rw-p 00000000 00:00 0 
7f91a8021000-7f91ac000000 ---p 00000000 00:00 0 
7f91ac000000-7f91ac021000 rw-p 00000000 00:00 0 
7f91ac021000-7f91b0000000 ---p 00000000 00:00 0 
7f91b0000000-7f91b0021000 rw-p 00000000 00:00 0 
7f91b0021000-7f91b4000000 ---p 00000000 00:00 0 
7f91b4000000-7f91b4021000 rw-p 00000000 00:00 0 
7f91b4021000-7f91b8000000 ---p 00000000 00:00 0 
7f91b8000000-7f91b8021000 rw-p 00000000 00:00 0 
7f91b8021000-7f91bc000000 ---p 00000000 00:00 0 
7f91bc000000-7f91bc021000 rw-p 00000000 00:00 0 
7f91bc021000-7f91c0000000 ---p 00000000 00:00 0 
7f91c0000000-7f91c0485000 rw-p 00000000 00:00 0 
7f91c0485000-7f91c4000000 ---p 00000000 00:00 0 
7f91c4000000-7f91c4021000 rw-p 00000000 00:00 0 
7f91c4021000-7f91c8000000 ---p 00000000 00:00 0 
7f91c8000000-7f91c8021000 rw-p 00000000 00:00 0 
7f91c8021000-7f91cc000000 ---p 00000000 00:00 0 
7f91cc000000-7f91cc021000 rw-p 00000000 00:00 0 
7f91cc021000-7f91d0000000 ---p 00000000 00:00 0 
7f91d0000000-7f91d0621000 rw-p 00000000 00:00 0 
7f91d0621000-7f91d4000000 ---p 00000000 00:00 0 
7f91d4000000-7f91d4021000 rw-p 00000000 00:00 0 
7f91d4021000-7f91d8000000 ---p 00000000 00:00 0 
7f91d8000000-7f91d8021000 rw-p 00000000 00:00 0 
7f91d8021000-7f91dc000000 ---p 00000000 00:00 0 
7f91dc000000-7f91ddccc000 rw-p 00000000 00:00 0 
7f91ddccc000-7f91e0000000 ---p 00000000 00:00 0 
7f91e0000000-7f91e0bb0000 rw-p 00000000 00:00 0 
7f91e0bb0000-7f91e4000000 ---p 00000000 00:00 0 
7f91e4000000-7f91e4021000 rw-p 00000000 00:00 0 
7f91e4021000-7f91e8000000 ---p 00000000 00:00 0 
7f91e8000000-7f91e8021000 rw-p 00000000 00:00 0 
7f91e8021000-7f91ec000000 ---p 00000000 00:00 0 
7f91ec000000-7f91ec021000 rw-p 00000000 00:00 0 
7f91ec021000-7f91f0000000 ---p 00000000 00:00 0 
7f91f0000000-7f91f0021000 rw-p 00000000 00:00 0 
7f91f0021000-7f91f4000000 ---p 00000000 00:00 0 
7f91f4000000-7f91f40a1000 rw-p 00000000 00:00 0 
7f91f40a1000-7f91f8000000 ---p 00000000 00:00 0 
7f91f8078000-7f91f807c000 ---p 00000000 00:00 0 
7f91f807c000-7f91f8379000 rw-p 00000000 00:00 0 
7f91f8379000-7f91f837d000 ---p 00000000 00:00 0 
7f91f837d000-7f91f847a000 rw-p 00000000 00:00 0 
7f91f847a000-7f91f847b000 ---p 00000000 00:00 0 
7f91f847b000-7f91f877c000 rw-p 00000000 00:00 0 
7f91f877c000-7f91f8780000 ---p 00000000 00:00 0 
7f91f8780000-7f91f8a7d000 rw-p 00000000 00:00 0 
7f91f8a7d000-7f91f8a81000 ---p 00000000 00:00 0 
7f91f8a81000-7f91f8d7e000 rw-p 00000000 00:00 0 
7f91f8ddd000-7f91f8de1000 ---p 00000000 00:00 0 
7f91f8de1000-7f91f8ede000 rw-p 00000000 00:00 0 
7f91f8ede000-7f91f8ee2000 ---p 00000000 00:00 0 
7f91f8ee2000-7f91f91df000 rw-p 00000000 00:00 0 
7f91f91df000-7f91f91e0000 ---p 00000000 00:00 0 
7f91f91e0000-7f91f92e1000 rw-p 00000000 00:00 0 
7f91f92e1000-7f91f92e2000 ---p 00000000 00:00 0 
7f91f92e2000-7f91f93e3000 rw-p 00000000 00:00 0 
7f91f93e3000-7f91f93e4000 ---p 00000000 00:00 0 
7f91f93e4000-7f91f94e5000 rw-p 00000000 00:00 0 
7f91f94e5000-7f91f94e9000 ---p 00000000 00:00 0 
7f91f94e9000-7f91f95e6000 rw-p 00000000 00:00 0 
7f91f95e6000-7f91f95f6000 r-xp 00000000 08:10 497604                     /home/swithun/.vscode-server/data/User/globalStorage/redhat.java/0.79.1/config_ss_linux/org.eclipse.equinox.launcher/org.eclipse.equinox.launcher.gtk.linux.x86_64_1.2.200.v20210406-1409/eclipse_11401.so
7f91f95f6000-7f91f97f5000 ---p 00010000 08:10 497604                     /home/swithun/.vscode-server/data/User/globalStorage/redhat.java/0.79.1/config_ss_linux/org.eclipse.equinox.launcher/org.eclipse.equinox.launcher.gtk.linux.x86_64_1.2.200.v20210406-1409/eclipse_11401.so
7f91f97f5000-7f91f97f6000 r--p 0000f000 08:10 497604                     /home/swithun/.vscode-server/data/User/globalStorage/redhat.java/0.79.1/config_ss_linux/org.eclipse.equinox.launcher/org.eclipse.equinox.launcher.gtk.linux.x86_64_1.2.200.v20210406-1409/eclipse_11401.so
7f91f97f6000-7f91f97f7000 rw-p 00010000 08:10 497604                     /home/swithun/.vscode-server/data/User/globalStorage/redhat.java/0.79.1/config_ss_linux/org.eclipse.equinox.launcher/org.eclipse.equinox.launcher.gtk.linux.x86_64_1.2.200.v20210406-1409/eclipse_11401.so
7f91f97f7000-7f91f97fb000 ---p 00000000 00:00 0 
7f91f97fb000-7f91f98f8000 rw-p 00000000 00:00 0 
7f91f98f8000-7f91f98fc000 ---p 00000000 00:00 0 
7f91f98fc000-7f91f99f9000 rw-p 00000000 00:00 0 
7f91f99f9000-7f91f99fd000 ---p 00000000 00:00 0 
7f91f99fd000-7f91f9afa000 rw-p 00000000 00:00 0 
7f91f9afa000-7f91f9afe000 ---p 00000000 00:00 0 
7f91f9afe000-7f91f9bfb000 rw-p 00000000 00:00 0 
7f91f9bfb000-7f91f9bfc000 ---p 00000000 00:00 0 
7f91f9bfc000-7f91f9cfd000 rw-p 00000000 00:00 0 
7f91f9cfd000-7f91f9d01000 ---p 00000000 00:00 0 
7f91f9d01000-7f91f9dfe000 rw-p 00000000 00:00 0 
7f91f9dfe000-7f91f9e02000 ---p 00000000 00:00 0 
7f91f9e02000-7f91f9eff000 rw-p 00000000 00:00 0 
7f91f9eff000-7f91f9f03000 ---p 00000000 00:00 0 
7f91f9f03000-7f91fc000000 rw-p 00000000 00:00 0 
7f91fc000000-7f91fc021000 rw-p 00000000 00:00 0 
7f91fc021000-7f9200000000 ---p 00000000 00:00 0 
7f9200034000-7f9200038000 ---p 00000000 00:00 0 
7f9200038000-7f9200135000 rw-p 00000000 00:00 0 
7f9200135000-7f9200139000 ---p 00000000 00:00 0 
7f9200139000-7f9200236000 rw-p 00000000 00:00 0 
7f9200236000-7f920023a000 ---p 00000000 00:00 0 
7f920023a000-7f9200337000 rw-p 00000000 00:00 0 
7f9200337000-7f92004aa000 r--p 00000000 08:10 12751                      /usr/lib/locale/C.UTF-8/LC_COLLATE
7f92004aa000-7f9200790000 r--p 00000000 08:10 13350                      /usr/lib/locale/locale-archive
7f9200790000-7f9200794000 ---p 00000000 00:00 0 
7f9200794000-7f9200891000 rw-p 00000000 00:00 0 
7f9200891000-7f9200b01000 rwxp 00000000 00:00 0 
7f9200b01000-7f9200e21000 ---p 00000000 00:00 0 
7f9200e21000-7f92018d1000 rwxp 00000000 00:00 0 
7f92018d1000-7f9208359000 ---p 00000000 00:00 0 
7f9208359000-7f92085c9000 rwxp 00000000 00:00 0 
7f92085c9000-7f920f891000 ---p 00000000 00:00 0 
7f920f891000-7f9218000000 r--s 00000000 08:10 4851                       /usr/lib/jvm/java-11-openjdk-amd64/lib/modules
7f9218000000-7f9218507000 rw-p 00000000 00:00 0 
7f9218507000-7f921c000000 ---p 00000000 00:00 0 
7f921c058000-7f921c05c000 ---p 00000000 00:00 0 
7f921c05c000-7f921c07a000 rw-p 00000000 00:00 0 
7f921c07a000-7f921c07e000 r--p 00000000 08:10 4841                       /usr/lib/jvm/java-11-openjdk-amd64/lib/libnet.so
7f921c07e000-7f921c08d000 r-xp 00004000 08:10 4841                       /usr/lib/jvm/java-11-openjdk-amd64/lib/libnet.so
7f921c08d000-7f921c091000 r--p 00013000 08:10 4841                       /usr/lib/jvm/java-11-openjdk-amd64/lib/libnet.so
7f921c091000-7f921c092000 r--p 00016000 08:10 4841                       /usr/lib/jvm/java-11-openjdk-amd64/lib/libnet.so
7f921c092000-7f921c093000 rw-p 00017000 08:10 4841                       /usr/lib/jvm/java-11-openjdk-amd64/lib/libnet.so
7f921c093000-7f921c09a000 r--p 00000000 08:10 4842                       /usr/lib/jvm/java-11-openjdk-amd64/lib/libnio.so
7f921c09a000-7f921c0a2000 r-xp 00007000 08:10 4842                       /usr/lib/jvm/java-11-openjdk-amd64/lib/libnio.so
7f921c0a2000-7f921c0a5000 r--p 0000f000 08:10 4842                       /usr/lib/jvm/java-11-openjdk-amd64/lib/libnio.so
7f921c0a5000-7f921c0a6000 r--p 00011000 08:10 4842                       /usr/lib/jvm/java-11-openjdk-amd64/lib/libnio.so
7f921c0a6000-7f921c0a7000 rw-p 00012000 08:10 4842                       /usr/lib/jvm/java-11-openjdk-amd64/lib/libnio.so
7f921c0a7000-7f921c0d9000 r--p 00000000 08:10 12752                      /usr/lib/locale/C.UTF-8/LC_CTYPE
7f921c0d9000-7f921c0da000 r--p 00000000 08:10 12758                      /usr/lib/locale/C.UTF-8/LC_NUMERIC
7f921c0da000-7f921c0db000 r--p 00000000 08:10 12761                      /usr/lib/locale/C.UTF-8/LC_TIME
7f921c0db000-7f921c0dc000 r--p 00000000 08:10 12756                      /usr/lib/locale/C.UTF-8/LC_MONETARY
7f921c0dc000-7f921c0dd000 r--p 00000000 08:10 12755                      /usr/lib/locale/C.UTF-8/LC_MESSAGES/SYS_LC_MESSAGES
7f921c0dd000-7f921c0de000 r--p 00000000 08:10 12759                      /usr/lib/locale/C.UTF-8/LC_PAPER
7f921c0de000-7f921c0df000 r--p 00000000 08:10 12757                      /usr/lib/locale/C.UTF-8/LC_NAME
7f921c0df000-7f921c0e6000 r--s 00000000 08:10 30850                      /usr/lib/x86_64-linux-gnu/gconv/gconv-modules.cache
7f921c0e6000-7f921c0ea000 ---p 00000000 00:00 0 
7f921c0ea000-7f921c1e7000 rw-p 00000000 00:00 0 
7f921c1e7000-7f921c1e8000 ---p 00000000 00:00 0 
7f921c1e8000-7f921dfeb000 rw-p 00000000 00:00 0 
7f921dfeb000-7f921dfec000 ---p 00000000 00:00 0 
7f921dfec000-7f921e10f000 rw-p 00000000 00:00 0 
7f921e10f000-7f921e243000 ---p 00000000 00:00 0 
7f921e243000-7f921e265000 rw-p 00000000 00:00 0 
7f921e265000-7f921e398000 ---p 00000000 00:00 0 
7f921e398000-7f921e3a7000 rw-p 00000000 00:00 0 
7f921e3a7000-7f921e443000 ---p 00000000 00:00 0 
7f921e443000-7f921e449000 rw-p 00000000 00:00 0 
7f921e449000-7f921e52f000 ---p 00000000 00:00 0 
7f921e52f000-7f921e545000 rw-p 00000000 00:00 0 
7f921e545000-7f921e61a000 ---p 00000000 00:00 0 
7f921e61a000-7f921e61f000 rw-p 00000000 00:00 0 
7f921e61f000-7f921e626000 ---p 00000000 00:00 0 
7f921e626000-7f921e628000 r--p 00000000 08:10 4850                       /usr/lib/jvm/java-11-openjdk-amd64/lib/libzip.so
7f921e628000-7f921e62c000 r-xp 00002000 08:10 4850                       /usr/lib/jvm/java-11-openjdk-amd64/lib/libzip.so
7f921e62c000-7f921e62e000 r--p 00006000 08:10 4850                       /usr/lib/jvm/java-11-openjdk-amd64/lib/libzip.so
7f921e62e000-7f921e62f000 r--p 00007000 08:10 4850                       /usr/lib/jvm/java-11-openjdk-amd64/lib/libzip.so
7f921e62f000-7f921e630000 rw-p 00008000 08:10 4850                       /usr/lib/jvm/java-11-openjdk-amd64/lib/libzip.so
7f921e630000-7f921e633000 r--p 00000000 08:10 15821                      /usr/lib/x86_64-linux-gnu/libnss_files-2.31.so
7f921e633000-7f921e63a000 r-xp 00003000 08:10 15821                      /usr/lib/x86_64-linux-gnu/libnss_files-2.31.so
7f921e63a000-7f921e63c000 r--p 0000a000 08:10 15821                      /usr/lib/x86_64-linux-gnu/libnss_files-2.31.so
7f921e63c000-7f921e63d000 r--p 0000b000 08:10 15821                      /usr/lib/x86_64-linux-gnu/libnss_files-2.31.so
7f921e63d000-7f921e63e000 rw-p 0000c000 08:10 15821                      /usr/lib/x86_64-linux-gnu/libnss_files-2.31.so
7f921e63e000-7f921e644000 rw-p 00000000 00:00 0 
7f921e644000-7f921e645000 r--p 00000000 08:10 12750                      /usr/lib/locale/C.UTF-8/LC_ADDRESS
7f921e645000-7f921e646000 r--p 00000000 08:10 12760                      /usr/lib/locale/C.UTF-8/LC_TELEPHONE
7f921e646000-7f921e648000 r--s 0000c000 08:10 5509                       /usr/share/java/java-atk-wrapper.jar
7f921e648000-7f921e650000 rw-s 00000000 08:10 508985                     /tmp/hsperfdata_swithun/4852
7f921e650000-7f921e65e000 r--p 00000000 08:10 4829                       /usr/lib/jvm/java-11-openjdk-amd64/lib/libjava.so
7f921e65e000-7f921e674000 r-xp 0000e000 08:10 4829                       /usr/lib/jvm/java-11-openjdk-amd64/lib/libjava.so
7f921e674000-7f921e67b000 r--p 00024000 08:10 4829                       /usr/lib/jvm/java-11-openjdk-amd64/lib/libjava.so
7f921e67b000-7f921e67c000 r--p 0002a000 08:10 4829                       /usr/lib/jvm/java-11-openjdk-amd64/lib/libjava.so
7f921e67c000-7f921e67d000 rw-p 0002b000 08:10 4829                       /usr/lib/jvm/java-11-openjdk-amd64/lib/libjava.so
7f921e67d000-7f921e67e000 rw-p 00000000 00:00 0 
7f921e67e000-7f921e683000 r--p 00000000 08:10 4849                       /usr/lib/jvm/java-11-openjdk-amd64/lib/libverify.so
7f921e683000-7f921e68a000 r-xp 00005000 08:10 4849                       /usr/lib/jvm/java-11-openjdk-amd64/lib/libverify.so
7f921e68a000-7f921e68c000 r--p 0000c000 08:10 4849                       /usr/lib/jvm/java-11-openjdk-amd64/lib/libverify.so
7f921e68c000-7f921e68d000 ---p 0000e000 08:10 4849                       /usr/lib/jvm/java-11-openjdk-amd64/lib/libverify.so
7f921e68d000-7f921e68f000 r--p 0000e000 08:10 4849                       /usr/lib/jvm/java-11-openjdk-amd64/lib/libverify.so
7f921e68f000-7f921e690000 rw-p 00010000 08:10 4849                       /usr/lib/jvm/java-11-openjdk-amd64/lib/libverify.so
7f921e690000-7f921e693000 r--p 00000000 08:10 15925                      /usr/lib/x86_64-linux-gnu/librt-2.31.so
7f921e693000-7f921e697000 r-xp 00003000 08:10 15925                      /usr/lib/x86_64-linux-gnu/librt-2.31.so
7f921e697000-7f921e698000 r--p 00007000 08:10 15925                      /usr/lib/x86_64-linux-gnu/librt-2.31.so
7f921e698000-7f921e699000 ---p 00008000 08:10 15925                      /usr/lib/x86_64-linux-gnu/librt-2.31.so
7f921e699000-7f921e69a000 r--p 00008000 08:10 15925                      /usr/lib/x86_64-linux-gnu/librt-2.31.so
7f921e69a000-7f921e69b000 rw-p 00009000 08:10 15925                      /usr/lib/x86_64-linux-gnu/librt-2.31.so
7f921e69b000-7f921e69f000 ---p 00000000 00:00 0 
7f921e69f000-7f921e79c000 rw-p 00000000 00:00 0 
7f921e79c000-7f921e79f000 r--p 00000000 08:10 15430                      /usr/lib/x86_64-linux-gnu/libgcc_s.so.1
7f921e79f000-7f921e7b1000 r-xp 00003000 08:10 15430                      /usr/lib/x86_64-linux-gnu/libgcc_s.so.1
7f921e7b1000-7f921e7b5000 r--p 00015000 08:10 15430                      /usr/lib/x86_64-linux-gnu/libgcc_s.so.1
7f921e7b5000-7f921e7b6000 r--p 00018000 08:10 15430                      /usr/lib/x86_64-linux-gnu/libgcc_s.so.1
7f921e7b6000-7f921e7b7000 rw-p 00019000 08:10 15430                      /usr/lib/x86_64-linux-gnu/libgcc_s.so.1
7f921e7b7000-7f921e7c6000 r--p 00000000 08:10 15815                      /usr/lib/x86_64-linux-gnu/libm-2.31.so
7f921e7c6000-7f921e86d000 r-xp 0000f000 08:10 15815                      /usr/lib/x86_64-linux-gnu/libm-2.31.so
7f921e86d000-7f921e904000 r--p 000b6000 08:10 15815                      /usr/lib/x86_64-linux-gnu/libm-2.31.so
7f921e904000-7f921e905000 r--p 0014c000 08:10 15815                      /usr/lib/x86_64-linux-gnu/libm-2.31.so
7f921e905000-7f921e906000 rw-p 0014d000 08:10 15815                      /usr/lib/x86_64-linux-gnu/libm-2.31.so
7f921e906000-7f921e99c000 r--p 00000000 08:10 15438                      /usr/lib/x86_64-linux-gnu/libstdc++.so.6.0.28
7f921e99c000-7f921ea8c000 r-xp 00096000 08:10 15438                      /usr/lib/x86_64-linux-gnu/libstdc++.so.6.0.28
7f921ea8c000-7f921ead5000 r--p 00186000 08:10 15438                      /usr/lib/x86_64-linux-gnu/libstdc++.so.6.0.28
7f921ead5000-7f921ead6000 ---p 001cf000 08:10 15438                      /usr/lib/x86_64-linux-gnu/libstdc++.so.6.0.28
7f921ead6000-7f921eae1000 r--p 001cf000 08:10 15438                      /usr/lib/x86_64-linux-gnu/libstdc++.so.6.0.28
7f921eae1000-7f921eae4000 rw-p 001da000 08:10 15438                      /usr/lib/x86_64-linux-gnu/libstdc++.so.6.0.28
7f921eae4000-7f921eae7000 rw-p 00000000 00:00 0 
7f921eae7000-7f921ed60000 r--p 00000000 08:10 4857                       /usr/lib/jvm/java-11-openjdk-amd64/lib/server/libjvm.so
7f921ed60000-7f921f9e1000 r-xp 00279000 08:10 4857                       /usr/lib/jvm/java-11-openjdk-amd64/lib/server/libjvm.so
7f921f9e1000-7f921fc37000 r--p 00efa000 08:10 4857                       /usr/lib/jvm/java-11-openjdk-amd64/lib/server/libjvm.so
7f921fc37000-7f921fc38000 ---p 01150000 08:10 4857                       /usr/lib/jvm/java-11-openjdk-amd64/lib/server/libjvm.so
7f921fc38000-7f921fcf9000 r--p 01150000 08:10 4857                       /usr/lib/jvm/java-11-openjdk-amd64/lib/server/libjvm.so
7f921fcf9000-7f921fd34000 rw-p 01211000 08:10 4857                       /usr/lib/jvm/java-11-openjdk-amd64/lib/server/libjvm.so
7f921fd34000-7f921fd8d000 rw-p 00000000 00:00 0 
7f921fd8d000-7f921fd94000 r--p 00000000 08:10 15923                      /usr/lib/x86_64-linux-gnu/libpthread-2.31.so
7f921fd94000-7f921fda5000 r-xp 00007000 08:10 15923                      /usr/lib/x86_64-linux-gnu/libpthread-2.31.so
7f921fda5000-7f921fdaa000 r--p 00018000 08:10 15923                      /usr/lib/x86_64-linux-gnu/libpthread-2.31.so
7f921fdaa000-7f921fdab000 r--p 0001c000 08:10 15923                      /usr/lib/x86_64-linux-gnu/libpthread-2.31.so
7f921fdab000-7f921fdac000 rw-p 0001d000 08:10 15923                      /usr/lib/x86_64-linux-gnu/libpthread-2.31.so
7f921fdac000-7f921fdb0000 rw-p 00000000 00:00 0 
7f921fdb0000-7f921fdb1000 r--p 00000000 08:10 15814                      /usr/lib/x86_64-linux-gnu/libdl-2.31.so
7f921fdb1000-7f921fdb3000 r-xp 00001000 08:10 15814                      /usr/lib/x86_64-linux-gnu/libdl-2.31.so
7f921fdb3000-7f921fdb4000 r--p 00003000 08:10 15814                      /usr/lib/x86_64-linux-gnu/libdl-2.31.so
7f921fdb4000-7f921fdb5000 r--p 00003000 08:10 15814                      /usr/lib/x86_64-linux-gnu/libdl-2.31.so
7f921fdb5000-7f921fdb6000 rw-p 00004000 08:10 15814                      /usr/lib/x86_64-linux-gnu/libdl-2.31.so
7f921fdb6000-7f921fdb8000 r--p 00000000 08:10 3135                       /usr/lib/x86_64-linux-gnu/libz.so.1.2.11
7f921fdb8000-7f921fdc9000 r-xp 00002000 08:10 3135                       /usr/lib/x86_64-linux-gnu/libz.so.1.2.11
7f921fdc9000-7f921fdcf000 r--p 00013000 08:10 3135                       /usr/lib/x86_64-linux-gnu/libz.so.1.2.11
7f921fdcf000-7f921fdd0000 ---p 00019000 08:10 3135                       /usr/lib/x86_64-linux-gnu/libz.so.1.2.11
7f921fdd0000-7f921fdd1000 r--p 00019000 08:10 3135                       /usr/lib/x86_64-linux-gnu/libz.so.1.2.11
7f921fdd1000-7f921fdd2000 rw-p 0001a000 08:10 3135                       /usr/lib/x86_64-linux-gnu/libz.so.1.2.11
7f921fdd2000-7f921fdf7000 r--p 00000000 08:10 15813                      /usr/lib/x86_64-linux-gnu/libc-2.31.so
7f921fdf7000-7f921ff6f000 r-xp 00025000 08:10 15813                      /usr/lib/x86_64-linux-gnu/libc-2.31.so
7f921ff6f000-7f921ffb9000 r--p 0019d000 08:10 15813                      /usr/lib/x86_64-linux-gnu/libc-2.31.so
7f921ffb9000-7f921ffba000 ---p 001e7000 08:10 15813                      /usr/lib/x86_64-linux-gnu/libc-2.31.so
7f921ffba000-7f921ffbd000 r--p 001e7000 08:10 15813                      /usr/lib/x86_64-linux-gnu/libc-2.31.so
7f921ffbd000-7f921ffc0000 rw-p 001ea000 08:10 15813                      /usr/lib/x86_64-linux-gnu/libc-2.31.so
7f921ffc0000-7f921ffc4000 rw-p 00000000 00:00 0 
7f921ffc4000-7f921ffc5000 r--p 00000000 08:10 12754                      /usr/lib/locale/C.UTF-8/LC_MEASUREMENT
7f921ffc5000-7f921ffc6000 ---p 00000000 00:00 0 
7f921ffc6000-7f921ffc7000 r--p 00000000 00:00 0 
7f921ffc7000-7f921ffc9000 r--p 00000000 08:10 4833                       /usr/lib/jvm/java-11-openjdk-amd64/lib/libjimage.so
7f921ffc9000-7f921ffcc000 r-xp 00002000 08:10 4833                       /usr/lib/jvm/java-11-openjdk-amd64/lib/libjimage.so
7f921ffcc000-7f921ffcd000 r--p 00005000 08:10 4833                       /usr/lib/jvm/java-11-openjdk-amd64/lib/libjimage.so
7f921ffcd000-7f921ffce000 ---p 00006000 08:10 4833                       /usr/lib/jvm/java-11-openjdk-amd64/lib/libjimage.so
7f921ffce000-7f921ffcf000 r--p 00006000 08:10 4833                       /usr/lib/jvm/java-11-openjdk-amd64/lib/libjimage.so
7f921ffcf000-7f921ffd0000 rw-p 00007000 08:10 4833                       /usr/lib/jvm/java-11-openjdk-amd64/lib/libjimage.so
7f921ffd0000-7f921ffd3000 r--p 00000000 08:10 4813                       /usr/lib/jvm/java-11-openjdk-amd64/lib/jli/libjli.so
7f921ffd3000-7f921ffdd000 r-xp 00003000 08:10 4813                       /usr/lib/jvm/java-11-openjdk-amd64/lib/jli/libjli.so
7f921ffdd000-7f921ffe0000 r--p 0000d000 08:10 4813                       /usr/lib/jvm/java-11-openjdk-amd64/lib/jli/libjli.so
7f921ffe0000-7f921ffe1000 ---p 00010000 08:10 4813                       /usr/lib/jvm/java-11-openjdk-amd64/lib/jli/libjli.so
7f921ffe1000-7f921ffe2000 r--p 00010000 08:10 4813                       /usr/lib/jvm/java-11-openjdk-amd64/lib/jli/libjli.so
7f921ffe2000-7f921ffe3000 rw-p 00011000 08:10 4813                       /usr/lib/jvm/java-11-openjdk-amd64/lib/jli/libjli.so
7f921ffe3000-7f921ffe5000 rw-p 00000000 00:00 0 
7f921ffe5000-7f921ffe6000 r--p 00000000 08:10 15728                      /usr/lib/x86_64-linux-gnu/ld-2.31.so
7f921ffe6000-7f9220009000 r-xp 00001000 08:10 15728                      /usr/lib/x86_64-linux-gnu/ld-2.31.so
7f9220009000-7f9220011000 r--p 00024000 08:10 15728                      /usr/lib/x86_64-linux-gnu/ld-2.31.so
7f9220011000-7f9220012000 r--p 00000000 08:10 12753                      /usr/lib/locale/C.UTF-8/LC_IDENTIFICATION
7f9220012000-7f9220013000 r--p 0002c000 08:10 15728                      /usr/lib/x86_64-linux-gnu/ld-2.31.so
7f9220013000-7f9220014000 rw-p 0002d000 08:10 15728                      /usr/lib/x86_64-linux-gnu/ld-2.31.so
7f9220014000-7f9220015000 rw-p 00000000 00:00 0 
7ffff1042000-7ffff1065000 rw-p 00000000 00:00 0                          [stack]
7ffff11f4000-7ffff11f7000 r--p 00000000 00:00 0                          [vvar]
7ffff11f7000-7ffff11f8000 r-xp 00000000 00:00 0                          [vdso]


VM Arguments:
jvm_args: --add-modules=ALL-SYSTEM --add-opens=java.base/java.util=ALL-UNNAMED --add-opens=java.base/java.lang=ALL-UNNAMED -Declipse.application=org.eclipse.jdt.ls.core.id1 -Dosgi.bundles.defaultStartLevel=4 -Declipse.product=org.eclipse.jdt.ls.core.product -Dfile.encoding=utf8 -XX:+UseParallelGC -XX:GCTimeRatio=4 -XX:AdaptiveSizePolicyWeight=90 -Dsun.zip.disableMemoryMapping=true -Xmx1G -Xms100m -Xverify:none 
java_command: /home/swithun/.vscode-server/extensions/redhat.java-0.79.1/server/plugins/org.eclipse.equinox.launcher_1.6.100.v20201223-0822.jar -configuration /home/swithun/.vscode-server/data/User/globalStorage/redhat.java/0.79.1/config_ss_linux -data /home/swithun/.vscode-server/data/User/workspaceStorage/6ab0e8f789f20c6d6edeb434ff64c23d/redhat.java/ss_ws
java_class_path (initial): /home/swithun/.vscode-server/extensions/redhat.java-0.79.1/server/plugins/org.eclipse.equinox.launcher_1.6.100.v20201223-0822.jar
Launcher Type: SUN_STANDARD

[Global flags]
    uintx AdaptiveSizePolicyWeight                 = 90                                        {product} {command line}
     bool BytecodeVerificationLocal                = false                                     {product} {command line}
     bool BytecodeVerificationRemote               = false                                     {product} {command line}
     intx CICompilerCount                          = 3                                         {product} {ergonomic}
    uintx GCTimeRatio                              = 4                                         {product} {command line}
   size_t InitialHeapSize                          = 104857600                                 {product} {command line}
   size_t MaxHeapSize                              = 1073741824                                {product} {command line}
   size_t MaxNewSize                               = 357564416                                 {product} {ergonomic}
   size_t MinHeapDeltaBytes                        = 524288                                    {product} {ergonomic}
   size_t NewSize                                  = 34603008                                  {product} {ergonomic}
    uintx NonNMethodCodeHeapSize                   = 5830732                                {pd product} {ergonomic}
    uintx NonProfiledCodeHeapSize                  = 122913754                              {pd product} {ergonomic}
   size_t OldSize                                  = 70254592                                  {product} {ergonomic}
    uintx ProfiledCodeHeapSize                     = 122913754                              {pd product} {ergonomic}
    uintx ReservedCodeCacheSize                    = 251658240                              {pd product} {ergonomic}
     bool SegmentedCodeCache                       = true                                      {product} {ergonomic}
     bool UseCompressedClassPointers               = true                                 {lp64_product} {ergonomic}
     bool UseCompressedOops                        = true                                 {lp64_product} {ergonomic}
     bool UseParallelGC                            = true                                      {product} {command line}

Logging:
Log output configuration:
 #0: stdout all=warning uptime,level,tags
 #1: stderr all=off uptime,level,tags

Environment Variables:
PATH=/home/swithun/.vscode-server/bin/cfa2e218100323074ac1948c885448fdf4de2a7f/bin:/home/swithun/.sdkman/candidates/springboot/current/bin:/home/swithun/.nvm/versions/node/v15.6.0/bin:/usr/local/sbin:/usr/local/bin:/usr/sbin:/usr/bin:/sbin:/bin:/usr/games:/usr/local/games:/mnt/d/program/oracle/WINDOWS.X64_193000_db_home/bin:/mnt/c/WINDOWS/system32:/mnt/c/WINDOWS:/mnt/c/WINDOWS/System32/Wbem:/mnt/c/WINDOWS/System32/WindowsPowerShell/v1.0/:/mnt/c/WINDOWS/System32/OpenSSH/:/mnt/d/Program Files/RedHat/java-11-openjdk-11.0.8-2/bin:/mnt/d/Program Files/RedHat/java-11-openjdk-11.0.8-2/jre/bin:/mnt/d/SDK/Android/Sdk/tools:/mnt/c/Editor/Neovim/bin:/mnt/c/Program Files/cmder:/mnt/c/Users/25710/AppData/Local/Pandoc/:/mnt/c/software/apache-tomcat-9.0.24/bin:/mnt/c/software/apache-tomcat-9.0.24/lib:/mnt/c/software/apache-tomcat-9.0.24-2/bin:/mnt/c/software/apache-tomcat-9.0.24-2/lib:/mnt/c/Program Files/OpenSSL-Win64/bin:/mnt/c/Program Files/dotnet/:/mnt/c/Program Files/Intel/WiFi/bin/:/mnt/c/Program Files/Common Files/Intel/WirelessCommon/:/mnt/c/software/nodejs/:/mnt/d/SDK/Android/Sdk:/mnt/d/SDK/Flutter/flutter/bin:/mnt/d/texlive/2019/bin/win32:/mnt/c/Program Files/MongoDB/Server/4.2/bin:/mnt/c/Program Files (x86)/Vim/vim81:/mnt/c/Windows/System32/WindowsPowerShell/v1.0/powershell.exe:/mnt/d/program/-/sqlcl/bin:/mnt/d/:/mnt/c/:/mnt/c/Program Files/Microsoft SQL Server/100/Tools/Binn/:/mnt/c/Program Files/Microsoft SQL Server/100/DTS/Binn/:/mnt/d/share/env/bin/amd64:/mnt/c/Users/25710/AppData/Roaming/npm:/mnt/c/Users/25710/AppData/Local/Programs/Python/Python38:/mnt/c/Program Files/Sublime Text 3/:/mnt/d/Program Files/Microsoft SQL Server/Client SDK/ODBC/170/Tools/Binn/:/mnt/d/Program Files (x86)/Microsoft SQL Server/150/Tools/Binn/:/mnt/d/Program Files/Microsoft SQL Server/150/Tools/Binn/:/mnt/d/Program Files/Microsoft SQL Server/150/DTS/Binn/:/mnt/d/Program Files (x86)/Microsoft SQL Server/150/DTS/Binn/:/mnt/d/Program Files/RedHat/java-11-openjdk-11.0.8-2/bin:/mnt/c/
SHELL=/bin/zsh
HOSTTYPE=x86_64
LANG=C.UTF-8

Signal Handlers:
SIGSEGV: [libjvm.so+0xe85e00], sa_mask[0]=11111111011111111101111111111110, sa_flags=SA_RESTART|SA_SIGINFO
SIGBUS: [libjvm.so+0xe85e00], sa_mask[0]=11111111011111111101111111111110, sa_flags=SA_RESTART|SA_SIGINFO
SIGFPE: [libjvm.so+0xe85e00], sa_mask[0]=11111111011111111101111111111110, sa_flags=SA_RESTART|SA_SIGINFO
SIGPIPE: [libjvm.so+0xbcbc30], sa_mask[0]=11111111011111111101111111111110, sa_flags=SA_RESTART|SA_SIGINFO
SIGXFSZ: [libjvm.so+0xbcbc30], sa_mask[0]=11111111011111111101111111111110, sa_flags=SA_RESTART|SA_SIGINFO
SIGILL: [libjvm.so+0xe85e00], sa_mask[0]=11111111011111111101111111111110, sa_flags=SA_RESTART|SA_SIGINFO
SIGUSR2: [libjvm.so+0xbcbad0], sa_mask[0]=00000000000000000000000000000000, sa_flags=SA_RESTART|SA_SIGINFO
SIGHUP: [libjvm.so+0xbcbf70], sa_mask[0]=11111111011111111101111111111110, sa_flags=SA_RESTART|SA_SIGINFO
SIGINT: [libjvm.so+0xbcbf70], sa_mask[0]=11111111011111111101111111111110, sa_flags=SA_RESTART|SA_SIGINFO
SIGTERM: [libjvm.so+0xbcbf70], sa_mask[0]=11111111011111111101111111111110, sa_flags=SA_RESTART|SA_SIGINFO
SIGQUIT: [libjvm.so+0xbcbf70], sa_mask[0]=11111111011111111101111111111110, sa_flags=SA_RESTART|SA_SIGINFO


---------------  S Y S T E M  ---------------

OS:DISTRIB_ID=Ubuntu
DISTRIB_RELEASE=20.04
DISTRIB_CODENAME=focal
DISTRIB_DESCRIPTION="Ubuntu 20.04.2 LTS"
uname:Linux 5.4.72-microsoft-standard-WSL2 #1 SMP Wed Oct 28 23:40:43 UTC 2020 x86_64
OS uptime: 0 days 2:32 hours
libc:glibc 2.31 NPTL 2.31 
rlimit (soft/hard): STACK 8192k/infinity , CORE 0k/infinity , NPROC 23756/23756 , NOFILE 4096/4096 , AS infinity/infinity , CPU infinity/infinity , DATA infinity/infinity , FSIZE infinity/infinity , MEMLOCK 64k/64k
load average:7.16 2.67 1.34

/proc/meminfo:
MemTotal:        6086184 kB
MemFree:         2585192 kB
MemAvailable:    2517168 kB
Buffers:            7060 kB
Cached:            58712 kB
SwapCached:       106536 kB
Active:          3044728 kB
Inactive:         263176 kB
Active(anon):    3008636 kB
Inactive(anon):   233700 kB
Active(file):      36092 kB
Inactive(file):    29476 kB
Unevictable:           0 kB
Mlocked:               0 kB
SwapTotal:       2097152 kB
SwapFree:        1378072 kB
Dirty:               256 kB
Writeback:             0 kB
AnonPages:       3052948 kB
Mapped:            32528 kB
Shmem:                40 kB
KReclaimable:      46608 kB
Slab:              79032 kB
SReclaimable:      46608 kB
SUnreclaim:        32424 kB
KernelStack:        6720 kB
PageTables:        27760 kB
NFS_Unstable:          0 kB
Bounce:                0 kB
WritebackTmp:          0 kB
CommitLimit:     5140244 kB
Committed_AS:    3309000 kB
VmallocTotal:   34359738367 kB
VmallocUsed:       25752 kB
VmallocChunk:          0 kB
Percpu:             1752 kB
AnonHugePages:   1179648 kB
ShmemHugePages:        0 kB
ShmemPmdMapped:        0 kB
FileHugePages:         0 kB
FilePmdMapped:         0 kB
HugePages_Total:       0
HugePages_Free:        0
HugePages_Rsvd:        0
HugePages_Surp:        0
Hugepagesize:       2048 kB
Hugetlb:               0 kB
DirectMap4k:       13312 kB
DirectMap2M:     2082816 kB
DirectMap1G:     5242880 kB

/sys/kernel/mm/transparent_hugepage/enabled:
[always] madvise never
/sys/kernel/mm/transparent_hugepage/defrag (defrag/compaction efforts parameter):
always defer defer+madvise [madvise] never

/proc/sys/kernel/threads-max (system-wide limit on the number of threads):
47512
/proc/sys/vm/max_map_count (maximum number of memory map areas a process may have):
65530
/proc/sys/kernel/pid_max (system-wide limit on number of process identifiers):
32768

container (cgroup) information:
container_type: cgroupv1
cpu_cpuset_cpus: 0-4
cpu_memory_nodes: 0
active_processor_count: 5
cpu_quota: -1
cpu_period: 100000
cpu_shares: -1
memory_limit_in_bytes: -1
memory_and_swap_limit_in_bytes: -1
memory_soft_limit_in_bytes: -1
memory_usage_in_bytes: 3357650944
memory_max_usage_in_bytes: 5100032000

Hyper-V virtualization detected
Steal ticks since vm start: 0
Steal ticks percentage since vm start:  0.000

CPU:total 5 (initial active 5) (4 cores per cpu, 2 threads per core) family 6 model 158 stepping 9 microcode 0xffffffff, cmov, cx8, fxsr, mmx, sse, sse2, sse3, ssse3, sse4.1, sse4.2, popcnt, avx, avx2, aes, clmul, erms, 3dnowpref, lzcnt, ht, tsc, bmi1, bmi2, adx, fma
CPU Model and flags from /proc/cpuinfo:
model name	: Intel(R) Core(TM) i7-7700HQ CPU @ 2.80GHz
flags		: fpu vme de pse tsc msr pae mce cx8 apic sep mtrr pge mca cmov pat pse36 clflush mmx fxsr sse sse2 ss ht syscall nx pdpe1gb rdtscp lm constant_tsc rep_good nopl xtopology cpuid pni pclmulqdq ssse3 fma cx16 pcid sse4_1 sse4_2 movbe popcnt aes xsave avx f16c rdrand hypervisor lahf_lm abm 3dnowprefetch invpcid_single pti ssbd ibrs ibpb stibp fsgsbase bmi1 avx2 smep bmi2 erms invpcid rdseed adx smap clflushopt xsaveopt xsavec xgetbv1 xsaves flush_l1d arch_capabilities
Online cpus:
0-4
Offline cpus:

BIOS frequency limitation:
<Not Available>
Frequency switch latency (ns):
<Not Available>
Available cpu frequencies:
<Not Available>
Current governor:
<Not Available>
Core performance/turbo boost:
<Not Available>

Memory: 4k page, physical 6086184k(2622252k free), swap 2097152k(1378072k free)

vm_info: OpenJDK 64-Bit Server VM (11.0.10+9-Ubuntu-0ubuntu1.20.04) for linux-amd64 JRE (11.0.10+9-Ubuntu-0ubuntu1.20.04), built on Jan 20 2021 02:32:18 by "unknown" with gcc 9.3.0

END.
