#
# A fatal error has been detected by the Java Runtime Environment:
#
#  SIGBUS (0x7) at pc=0x00007ff164b72389, pid=4863, tid=4966
#
# JRE version: OpenJDK Runtime Environment (11.0.10+9) (build 11.0.10+9-Ubuntu-0ubuntu1.20.04)
# Java VM: OpenJDK 64-Bit Server VM (11.0.10+9-Ubuntu-0ubuntu1.20.04, mixed mode, sharing, tiered, compressed oops, parallel gc, linux-amd64)
# Problematic frame:
# J 13149 c2 java.util.StringTokenizer.nextToken()Ljava/lang/String; java.base@11.0.10 (92 bytes) @ 0x00007ff164b72389 [0x00007ff164b72000+0x0000000000000389]
#
# No core dump will be written. Core dumps have been disabled. To enable core dumping, try "ulimit -c unlimited" before starting Java again
#
# If you would like to submit a bug report, please visit:
#   https://bugs.launchpad.net/ubuntu/+source/openjdk-lts
#

---------------  S U M M A R Y ------------

Command Line: --add-modules=ALL-SYSTEM --add-opens=java.base/java.util=ALL-UNNAMED --add-opens=java.base/java.lang=ALL-UNNAMED -Declipse.application=org.eclipse.jdt.ls.core.id1 -Dosgi.bundles.defaultStartLevel=4 -Declipse.product=org.eclipse.jdt.ls.core.product -Dfile.encoding=utf8 -XX:+UseParallelGC -XX:GCTimeRatio=4 -XX:AdaptiveSizePolicyWeight=90 -Dsun.zip.disableMemoryMapping=true -Xmx1G -Xms100m -Xverify:none /home/swithun/.vscode-server/extensions/redhat.java-0.79.1/server/plugins/org.eclipse.equinox.launcher_1.6.100.v20201223-0822.jar -configuration /home/swithun/.vscode-server/data/User/globalStorage/redhat.java/0.79.1/config_linux -data /home/swithun/.vscode-server/data/User/workspaceStorage/6ab0e8f789f20c6d6edeb434ff64c23d/redhat.java/jdt_ws

Host: Intel(R) Core(TM) i7-7700HQ CPU @ 2.80GHz, 5 cores, 5G, Ubuntu 20.04.2 LTS
Time: Tue May 11 11:08:05 2021 CST elapsed time: 7969.403151 seconds (0d 2h 12m 49s)

---------------  T H R E A D  ---------------

Current thread (0x00007ff17447f800):  JavaThread "pool-3-thread-1" [_thread_in_Java, id=4966, stack(0x00007ff0feff9000,0x00007ff0ff0fa000)]

Stack: [0x00007ff0feff9000,0x00007ff0ff0fa000],  sp=0x00007ff0ff0f82f0,  free space=1020k
Native frames: (J=compiled Java code, A=aot compiled Java code, j=interpreted, Vv=VM code, C=native code)
J 13149 c2 java.util.StringTokenizer.nextToken()Ljava/lang/String; java.base@11.0.10 (92 bytes) @ 0x00007ff164b72389 [0x00007ff164b72000+0x0000000000000389]
J 12698 c1 java.lang.Runtime.exec(Ljava/lang/String;[Ljava/lang/String;Ljava/io/File;)Ljava/lang/Process; java.base@11.0.10 (73 bytes) @ 0x00007ff15d2f8b5c [0x00007ff15d2f8720+0x000000000000043c]
J 12661 c1 org.eclipse.jdt.ls.core.internal.ParentProcessWatcher.parentProcessStillRunning()Z (509 bytes) @ 0x00007ff15ded811c [0x00007ff15ded6e00+0x000000000000131c]
J 12660 c1 org.eclipse.jdt.ls.core.internal.ParentProcessWatcher.run()V (31 bytes) @ 0x00007ff15d229264 [0x00007ff15d2291c0+0x00000000000000a4]
J 12643 c1 java.util.concurrent.Executors$RunnableAdapter.call()Ljava/lang/Object; java.base@11.0.10 (14 bytes) @ 0x00007ff15cf21374 [0x00007ff15cf21240+0x0000000000000134]
J 12687 c1 java.util.concurrent.FutureTask.runAndReset()Z java.base@11.0.10 (125 bytes) @ 0x00007ff15d3aabdc [0x00007ff15d3aa500+0x00000000000006dc]
J 12648 c1 java.util.concurrent.ScheduledThreadPoolExecutor$ScheduledFutureTask.run()V java.base@11.0.10 (57 bytes) @ 0x00007ff15d1246c4 [0x00007ff15d1244c0+0x0000000000000204]
j  java.util.concurrent.ThreadPoolExecutor.runWorker(Ljava/util/concurrent/ThreadPoolExecutor$Worker;)V+92 java.base@11.0.10
j  java.util.concurrent.ThreadPoolExecutor$Worker.run()V+5 java.base@11.0.10
j  java.lang.Thread.run()V+11 java.base@11.0.10
v  ~StubRoutines::call_stub
V  [libjvm.so+0x857b39]
V  [libjvm.so+0x85618e]
V  [libjvm.so+0x901e31]
V  [libjvm.so+0xe1b50f]
V  [libjvm.so+0xe17b40]
V  [libjvm.so+0xbd5436]


siginfo: si_signo: 7 (SIGBUS), si_code: 2 (BUS_ADRERR), si_addr: 0x00000000eaca4000

Register to memory mapping:

RAX=
[error occurred during error reporting (printing register info), id 0x7, SIGBUS (0x7) at pc=0x00007ff17b4124de]

Registers:
RAX=0x00000000eaca3ff8, RBX=0x00000000eaca3fe0, RCX=0x000000000000001b, RDX=0x000000000000000c
RSP=0x00007ff0ff0f82f0, RBP=0x0000000000000004, RSI=0x000000000000000c, RDI=0x0000000000000020
R8 =0x00000000eaca4010, R9 =0x00000000eac8dbf8, R10=0x0000000000000008, R11=0x0000000000000018
R12=0x0000000000000000, R13=0x00000000c020f338, R14=0x0000000000000000, R15=0x00007ff17447f800
RIP=0x00007ff164b72389, EFLAGS=0x0000000000010283, CSGSFS=0x002b000000000033, ERR=0x0000000000000006
  TRAPNO=0x000000000000000e

Top of Stack: (sp=0x00007ff0ff0f82f0)
0x00007ff0ff0f82f0:   000000020000000d 00007ff1eac8dc10
0x00007ff0ff0f8300:   00000000eac8dcb0 eac8dc1000000004
0x00007ff0ff0f8310:   00000000eac8dc30 0000000c00000003
0x00007ff0ff0f8320:   000000810000006e 00007ff0ff0f8410 

Instructions: (pc=0x00007ff164b72389)
0x00007ff164b72289:   18 4d 3b 9f 28 01 00 00 0f 83 ba 05 00 00 4d 89
0x00007ff164b72299:   9f 18 01 00 00 41 0f 0d 8b c0 00 00 00 41 b8 31
0x00007ff164b722a9:   3e 06 00 49 bb 00 00 00 00 08 00 00 00 4f 8d 1c
0x00007ff164b722b9:   c3 4d 8b 9b b8 00 00 00 4c 89 1b c7 43 08 31 3e
0x00007ff164b722c9:   06 00 c7 43 0c 00 00 00 00 48 c7 43 10 00 00 00
0x00007ff164b722d9:   00 44 8b 5c 24 18 45 85 db 0f 8c bc 08 00 00 45
0x00007ff164b722e9:   8b c3 41 81 f8 00 00 10 00 0f 87 be 07 00 00 49
0x00007ff164b722f9:   63 c8 45 85 d2 0f 8c e6 07 00 00 44 8b da 45 2b
0x00007ff164b72309:   da 45 3b d8 41 8b e8 41 0f 4c eb 44 8b dd 45 03
0x00007ff164b72319:   da 41 3b d3 0f 82 c7 07 00 00 44 3b c5 0f 82 be
0x00007ff164b72329:   07 00 00 85 ed 0f 8c b6 07 00 00 48 83 c1 17 44
0x00007ff164b72339:   8b 5c 24 18 41 81 fb 00 00 10 00 0f 87 37 05 00
0x00007ff164b72349:   00 49 8b 87 18 01 00 00 4c 8b d9 49 83 e3 f8 4c
0x00007ff164b72359:   8b c0 4d 03 c3 4d 3b 87 28 01 00 00 0f 83 16 05
0x00007ff164b72369:   00 00 4d 89 87 18 01 00 00 41 0f 0d 88 c0 00 00
0x00007ff164b72379:   00 48 c7 00 01 00 00 00 41 0f 0d 88 00 01 00 00
0x00007ff164b72389:   c7 40 08 c2 6f 07 00 44 8b 4c 24 18 44 89 48 0c
0x00007ff164b72399:   41 0f 0d 88 40 01 00 00 41 0f 0d 88 80 01 00 00
0x00007ff164b723a9:   4c 8b c8 49 83 c1 10 48 c1 e9 03 4c 8b e8 49 be
0x00007ff164b723b9:   00 b0 05 79 f1 7f 00 00 85 ed 0f 84 f5 06 00 00
0x00007ff164b723c9:   48 63 d5 44 8b 5c 24 1c 44 8b 44 24 1c 4f 8d 5c
0x00007ff164b723d9:   10 10 3b 6c 24 18 0f 8c df 02 00 00 49 8b fb 49
0x00007ff164b723e9:   8b f1 c5 f8 77 49 ba 20 ec 8c 5c f1 7f 00 00 41
0x00007ff164b723f9:   ff d2 44 89 6b 0c c6 43 14 00 4c 8b d3 49 c1 ea
0x00007ff164b72409:   09 43 c6 04 16 00 48 8b c3 c5 f8 77 48 83 c4 40
0x00007ff164b72419:   5d 4d 8b 97 08 01 00 00 41 85 02 c3 45 8b 43 0c
0x00007ff164b72429:   41 d1 f8 44 8b 4c 24 2c 45 3b c8 0f 83 9a 07 00
0x00007ff164b72439:   00 41 0f b7 54 73 10 e9 d0 fc ff ff ff c0 e9 8f
0x00007ff164b72449:   fd ff ff 83 c0 02 e9 87 fd ff ff 83 c0 03 e9 7f
0x00007ff164b72459:   fd ff ff 33 c0 e9 78 fd ff ff 44 8b 56 0c 8b 56
0x00007ff164b72469:   24 85 d2 0f 84 fe 07 00 00 bb 01 00 00 00 b9 ff
0x00007ff164b72479:   ff ff ff 4c 8b 5c 24 20 45 0f b6 43 1c 45 85 c0 


Stack slot to memory mapping:
stack at sp + 0 slots: 
[error occurred during error reporting (inspecting top of stack), id 0x7, SIGBUS (0x7) at pc=0x00007ff17b4124de]


[error occurred during error reporting (printing code blob if possible), id 0x7, SIGBUS (0x7) at pc=0x00007ff17b40fb90]


---------------  P R O C E S S  ---------------

Threads class SMR info:
_java_thread_list=0x00007ff0d033f020, length=24, elements={
0x00007ff174016000, 0x00007ff17417d000, 0x00007ff17417f000, 0x00007ff17418c000,
0x00007ff17418e000, 0x00007ff174190000, 0x00007ff174192800, 0x00007ff174194800,
0x00007ff1741dd800, 0x00007ff1743dd000, 0x00007ff174422000, 0x00007ff174425000,
0x00007ff11c033000, 0x00007ff11c1ee000, 0x00007ff11c425800, 0x00007ff11c709800,
0x00007ff17447f800, 0x00007ff174508800, 0x00007ff0f81c0000, 0x00007ff0b003c000,
0x00007ff0f8208800, 0x00007ff0e0002000, 0x00007ff0d0487000, 0x00007ff12800a800
}

Java Threads: ( => current thread )
  0x00007ff174016000 JavaThread "main" [_thread_blocked, id=4864, stack(0x00007ff179ab3000,0x00007ff179bb4000)]
  0x00007ff17417d000 JavaThread "Reference Handler" daemon [_thread_blocked, id=4868, stack(0x00007ff155cfc000,0x00007ff155dfd000)]
  0x00007ff17417f000 JavaThread "Finalizer" daemon [_thread_blocked, id=4869, stack(0x00007ff155bfb000,0x00007ff155cfc000)]
  0x00007ff17418c000 JavaThread "Signal Dispatcher" daemon [_thread_blocked, id=4870, stack(0x00007ff1556a1000,0x00007ff1557a2000)]
  0x00007ff17418e000 JavaThread "Service Thread" daemon [_thread_blocked, id=4871, stack(0x00007ff1555a0000,0x00007ff1556a1000)]
  0x00007ff174190000 JavaThread "C2 CompilerThread0" daemon [_thread_blocked, id=4872, stack(0x00007ff15549f000,0x00007ff1555a0000)]
  0x00007ff174192800 JavaThread "C1 CompilerThread0" daemon [_thread_blocked, id=4873, stack(0x00007ff15539e000,0x00007ff15549f000)]
  0x00007ff174194800 JavaThread "Sweeper thread" daemon [_thread_blocked, id=4874, stack(0x00007ff15529d000,0x00007ff15539e000)]
  0x00007ff1741dd800 JavaThread "Common-Cleaner" daemon [_thread_blocked, id=4876, stack(0x00007ff15519c000,0x00007ff15529d000)]
  0x00007ff1743dd000 JavaThread "Active Thread: Equinox Container: 65afd5da-5876-4f00-a2cb-49d4d67613c2" [_thread_blocked, id=4920, stack(0x00007ff154e98000,0x00007ff154f99000)]
  0x00007ff174422000 JavaThread "Framework Event Dispatcher: Equinox Container: 65afd5da-5876-4f00-a2cb-49d4d67613c2" daemon [_thread_blocked, id=4940, stack(0x00007ff154d97000,0x00007ff154e98000)]
  0x00007ff174425000 JavaThread "Start Level: Equinox Container: 65afd5da-5876-4f00-a2cb-49d4d67613c2" daemon [_thread_blocked, id=4941, stack(0x00007ff154c96000,0x00007ff154d97000)]
  0x00007ff11c033000 JavaThread "SCR Component Actor" daemon [_thread_blocked, id=4949, stack(0x00007ff15467e000,0x00007ff15477f000)]
  0x00007ff11c1ee000 JavaThread "Worker-JM" [_thread_blocked, id=4955, stack(0x00007ff15407c000,0x00007ff15417d000)]
  0x00007ff11c425800 JavaThread "Java indexing" daemon [_thread_blocked, id=4962, stack(0x00007ff0ff7fb000,0x00007ff0ff8fc000)]
  0x00007ff11c709800 JavaThread "logback configurator timer" daemon [_thread_blocked, id=4964, stack(0x00007ff0ff2fa000,0x00007ff0ff3fb000)]
=>0x00007ff17447f800 JavaThread "pool-3-thread-1" [_thread_in_Java, id=4966, stack(0x00007ff0feff9000,0x00007ff0ff0fa000)]
  0x00007ff174508800 JavaThread "pool-2-thread-1" [_thread_in_Java, id=4968, stack(0x00007ff0feef8000,0x00007ff0feff9000)]
  0x00007ff0f81c0000 JavaThread "Bundle File Closer" daemon [_thread_blocked, id=4978, stack(0x00007ff0fe0f4000,0x00007ff0fe1f5000)]
  0x00007ff0b003c000 JavaThread "ForkJoinPool.commonPool-worker-13" daemon [_thread_blocked
[error occurred during error reporting (printing all threads), id 0x7, SIGBUS (0x7) at pc=0x00007ff17ad0ee5e]

VM state:not at safepoint (normal execution)

VM Mutex/Monitor currently owned by a thread: None

Heap address: 0x00000000c0000000, size: 1024 MB, Compressed Oops mode: 32-bit
Narrow klass base: 0x0000000800000000, Narrow klass shift: 3
Compressed class space size: 1073741824 Address: 0x0000000840000000

Heap:
 PSYoungGen      total 3584K, used 2622K [0x00000000eab00000, 0x00000000eb000000, 0x0000000100000000)
  eden space 2560K, 66% used [0x00000000eab00000,0x00000000eaca7980,0x00000000ead80000)
  from space 1024K, 90% used [0x00000000ead80000,0x00000000eae68000,0x00000000eae80000)
  to   space 1024K, 0% used [0x00000000eaf00000,0x00000000eaf00000,0x00000000eb000000)
 ParOldGen       total 157696K, used 106997K [0x00000000c0000000, 0x00000000c9a00000, 0x00000000eab00000)
  object space 157696K, 67% used [0x00000000c0000000,0x00000000c687d430,0x00000000c9a00000)
 Metaspace       used 73274K, capacity 76869K, committed 77656K, reserved 1118208K
  class space    used 6861K, capacity 8096K, committed 8280K, reserved 1048576K

Card table byte_map: [0x00007ff17965b000,0x00007ff17985c000] _byte_map_base: 0x00007ff17905b000

Marking Bits: (ParMarkBitMap*) 0x00007ff17b17a5c0
 Begin Bits: [0x00007ff156000000, 0x00007ff157000000)
 End Bits:   [0x00007ff157000000, 0x00007ff158000000)

Polling page: 0x00007ff17b3dd000

Metaspace:

Usage:
  Non-class:     67.16 MB capacity,    64.86 MB ( 97%) used,     2.14 MB (  3%) free+waste,   169.94 KB ( <1%) overhead. 
      Class:      7.91 MB capacity,     6.70 MB ( 85%) used,     1.14 MB ( 14%) free+waste,    71.50 KB ( <1%) overhead. 
       Both:     75.07 MB capacity,    71.56 MB ( 95%) used,     3.27 MB (  4%) free+waste,   241.44 KB ( <1%) overhead. 

Virtual space:
  Non-class space:       68.00 MB reserved,      67.75 MB (>99%) committed 
      Class space:        1.00 GB reserved,       8.09 MB ( <1%) committed 
             Both:        1.07 GB reserved,      75.84 MB (  7%) committed 

Chunk freelists:
   Non-Class:  363.00 KB
       Class:  96.00 KB
        Both:  459.00 KB

MaxMetaspaceSize: unlimited
CompressedClassSpaceSize: 1.00 GB

CodeHeap 'non-profiled nmethods': size=120032Kb used=16390Kb max_used=16390Kb free=103641Kb
 bounds [0x00007ff164359000, 0x00007ff165399000, 0x00007ff16b891000]
CodeHeap 'profiled nmethods': size=120032Kb used=40011Kb max_used=40060Kb free=80021Kb
 bounds [0x00007ff15ce21000, 0x00007ff15f5e1000, 0x00007ff164359000]
CodeHeap 'non-nmethods': size=5696Kb used=1311Kb max_used=1401Kb free=4384Kb
 bounds [0x00007ff15c891000, 0x00007ff15cb01000, 0x00007ff15ce21000]
 total_blobs=16149 nmethods=15432 adapters=627
 compilation: enabled
              stopped_count=0, restarted_count=0
 full_count=0

Compilation events (20 events):
Event: 7739.402 Thread 0x00007ff174192800 nmethod 20746 0x00007ff164cd7790 code [0x00007ff164cd7940, 0x00007ff164cd7a30]
Event: 7739.408 Thread 0x00007ff174192800 20747       3       org.eclipse.jdt.core.dom.ASTVisitor::endVisit (1 bytes)
Event: 7739.411 Thread 0x00007ff174192800 nmethod 20747 0x00007ff15e060090 code [0x00007ff15e060240, 0x00007ff15e060350]
Event: 7739.450 Thread 0x00007ff174190000 nmethod 20730 0x00007ff164e78990 code [0x00007ff164e78e00, 0x00007ff164e7c330]
Event: 7739.450 Thread 0x00007ff174190000 20733   !   4       org.eclipse.jdt.internal.compiler.lookup.ParameterizedGenericMethodBinding::computeCompatibleMethod18 (915 bytes)
Event: 7739.539 Thread 0x00007ff174192800 20748   !   3       org.eclipse.osgi.util.NLS::internalBind (412 bytes)
Event: 7739.542 Thread 0x00007ff174192800 nmethod 20748 0x00007ff15f1dcb90 code [0x00007ff15f1dd0e0, 0x00007ff15f1df970]
Event: 7739.564 Thread 0x00007ff174190000 nmethod 20733 0x00007ff164ed0c10 code [0x00007ff164ed1040, 0x00007ff164ed5428]
Event: 7740.510 Thread 0x00007ff174190000 20749       4       org.eclipse.jdt.internal.compiler.lookup.TypeBinding::equalsEquals (76 bytes)
Event: 7740.511 Thread 0x00007ff174190000 nmethod 20749 0x00007ff164cd7410 code [0x00007ff164cd75a0, 0x00007ff164cd7658]
Event: 7740.511 Thread 0x00007ff174190000 20750       4       org.eclipse.jdt.internal.compiler.lookup.Scope::computeCompatibleMethod (581 bytes)
Event: 7740.523 Thread 0x00007ff174190000 nmethod 20750 0x00007ff164d23190 code [0x00007ff164d233a0, 0x00007ff164d23bf8]
Event: 7740.560 Thread 0x00007ff174192800 20751       3       org.eclipse.jdt.core.dom.DocCommentParser::parseTag (1625 bytes)
Event: 7740.565 Thread 0x00007ff174192800 nmethod 20751 0x00007ff15f5d4990 code [0x00007ff15f5d4fa0, 0x00007ff15f5d94a0]
Event: 7740.574 Thread 0x00007ff174192800 20752       3       org.eclipse.jdt.internal.compiler.ast.TypeDeclaration::addClinit (100 bytes)
Event: 7740.575 Thread 0x00007ff174192800 nmethod 20752 0x00007ff15e74d110 code [0x00007ff15e74d320, 0x00007ff15e74daf0]
Event: 7740.597 Thread 0x00007ff174190000 20753       4       java.util.TimSort::mergeLo (659 bytes)
Event: 7740.658 Thread 0x00007ff174190000 nmethod 20753 0x00007ff164e6b390 code [0x00007ff164e6b620, 0x00007ff164e6d7d0]
Event: 7740.658 Thread 0x00007ff174190000 20754       4       org.eclipse.jdt.internal.corext.fix.VariableDeclarationFixCore$VariableDeclarationFinder::handleFragments (164 bytes)
Event: 7740.689 Thread 0x00007ff174190000 nmethod 20754 0x00007ff164e75d90 code [0x00007ff164e76060, 0x00007ff164e77730]

GC Heap History (20 events):
Event: 7740.537 GC heap before
{Heap before GC invocations=1290 (full 28):
 PSYoungGen      total 2048K, used 1696K [0x00000000eab00000, 0x00000000eae80000, 0x0000000100000000)
  eden space 1024K, 98% used [0x00000000eab00000,0x00000000eabfcf38,0x00000000eac00000)
  from space 1024K, 66% used [0x00000000eac00000,0x00000000eacab198,0x00000000ead00000)
  to   space 1024K, 0% used [0x00000000ead80000,0x00000000ead80000,0x00000000eae80000)
 ParOldGen       total 157696K, used 101029K [0x00000000c0000000, 0x00000000c9a00000, 0x00000000eab00000)
  object space 157696K, 64% used [0x00000000c0000000,0x00000000c62a9438,0x00000000c9a00000)
 Metaspace       used 73274K, capacity 76869K, committed 77656K, reserved 1118208K
  class space    used 6861K, capacity 8096K, committed 8280K, reserved 1048576K
}
Event: 7740.539 GC heap after
{Heap after GC invocations=1290 (full 28):
 PSYoungGen      total 2560K, used 480K [0x00000000eab00000, 0x00000000eae80000, 0x0000000100000000)
  eden space 1536K, 0% used [0x00000000eab00000,0x00000000eab00000,0x00000000eac80000)
  from space 1024K, 46% used [0x00000000ead80000,0x00000000eadf8000,0x00000000eae80000)
  to   space 1024K, 0% used [0x00000000eac80000,0x00000000eac80000,0x00000000ead80000)
 ParOldGen       total 157696K, used 101667K [0x00000000c0000000, 0x00000000c9a00000, 0x00000000eab00000)
  object space 157696K, 64% used [0x00000000c0000000,0x00000000c6348ee0,0x00000000c9a00000)
 Metaspace       used 73274K, capacity 76869K, committed 77656K, reserved 1118208K
  class space    used 6861K, capacity 8096K, committed 8280K, reserved 1048576K
}
Event: 7740.545 GC heap before
{Heap before GC invocations=1291 (full 28):
 PSYoungGen      total 2560K, used 2016K [0x00000000eab00000, 0x00000000eae80000, 0x0000000100000000)
  eden space 1536K, 100% used [0x00000000eab00000,0x00000000eac80000,0x00000000eac80000)
  from space 1024K, 46% used [0x00000000ead80000,0x00000000eadf8000,0x00000000eae80000)
  to   space 1024K, 0% used [0x00000000eac80000,0x00000000eac80000,0x00000000ead80000)
 ParOldGen       total 157696K, used 101667K [0x00000000c0000000, 0x00000000c9a00000, 0x00000000eab00000)
  object space 157696K, 64% used [0x00000000c0000000,0x00000000c6348ee0,0x00000000c9a00000)
 Metaspace       used 73274K, capacity 76869K, committed 77656K, reserved 1118208K
  class space    used 6861K, capacity 8096K, committed 8280K, reserved 1048576K
}
Event: 7740.547 GC heap after
{Heap after GC invocations=1291 (full 28):
 PSYoungGen      total 2560K, used 672K [0x00000000eab00000, 0x00000000eaf00000, 0x0000000100000000)
  eden space 1536K, 0% used [0x00000000eab00000,0x00000000eab00000,0x00000000eac80000)
  from space 1024K, 65% used [0x00000000eac80000,0x00000000ead28000,0x00000000ead80000)
  to   space 1024K, 0% used [0x00000000eae00000,0x00000000eae00000,0x00000000eaf00000)
 ParOldGen       total 157696K, used 102019K [0x00000000c0000000, 0x00000000c9a00000, 0x00000000eab00000)
  object space 157696K, 64% used [0x00000000c0000000,0x00000000c63a0ee0,0x00000000c9a00000)
 Metaspace       used 73274K, capacity 76869K, committed 77656K, reserved 1118208K
  class space    used 6861K, capacity 8096K, committed 8280K, reserved 1048576K
}
Event: 7740.551 GC heap before
{Heap before GC invocations=1292 (full 28):
 PSYoungGen      total 2560K, used 2208K [0x00000000eab00000, 0x00000000eaf00000, 0x0000000100000000)
  eden space 1536K, 100% used [0x00000000eab00000,0x00000000eac80000,0x00000000eac80000)
  from space 1024K, 65% used [0x00000000eac80000,0x00000000ead28000,0x00000000ead80000)
  to   space 1024K, 0% used [0x00000000eae00000,0x00000000eae00000,0x00000000eaf00000)
 ParOldGen       total 157696K, used 102019K [0x00000000c0000000, 0x00000000c9a00000, 0x00000000eab00000)
  object space 157696K, 64% used [0x00000000c0000000,0x00000000c63a0ee0,0x00000000c9a00000)
 Metaspace       used 73274K, capacity 76869K, committed 77656K, reserved 1118208K
  class space    used 6861K, capacity 8096K, committed 8280K, reserved 1048576K
}
Event: 7740.553 GC heap after
{Heap after GC invocations=1292 (full 28):
 PSYoungGen      total 3072K, used 608K [0x00000000eab00000, 0x00000000eaf00000, 0x0000000100000000)
  eden space 2048K, 0% used [0x00000000eab00000,0x00000000eab00000,0x00000000ead00000)
  from space 1024K, 59% used [0x00000000eae00000,0x00000000eae98000,0x00000000eaf00000)
  to   space 1024K, 0% used [0x00000000ead00000,0x00000000ead00000,0x00000000eae00000)
 ParOldGen       total 157696K, used 102611K [0x00000000c0000000, 0x00000000c9a00000, 0x00000000eab00000)
  object space 157696K, 65% used [0x00000000c0000000,0x00000000c6434ee0,0x00000000c9a00000)
 Metaspace       used 73274K, capacity 76869K, committed 77656K, reserved 1118208K
  class space    used 6861K, capacity 8096K, committed 8280K, reserved 1048576K
}
Event: 7740.561 GC heap before
{Heap before GC invocations=1293 (full 28):
 PSYoungGen      total 3072K, used 2656K [0x00000000eab00000, 0x00000000eaf00000, 0x0000000100000000)
  eden space 2048K, 100% used [0x00000000eab00000,0x00000000ead00000,0x00000000ead00000)
  from space 1024K, 59% used [0x00000000eae00000,0x00000000eae98000,0x00000000eaf00000)
  to   space 1024K, 0% used [0x00000000ead00000,0x00000000ead00000,0x00000000eae00000)
 ParOldGen       total 157696K, used 102611K [0x00000000c0000000, 0x00000000c9a00000, 0x00000000eab00000)
  object space 157696K, 65% used [0x00000000c0000000,0x00000000c6434ee0,0x00000000c9a00000)
 Metaspace       used 73274K, capacity 76869K, committed 77656K, reserved 1118208K
  class space    used 6861K, capacity 8096K, committed 8280K, reserved 1048576K
}
Event: 7740.563 GC heap after
{Heap after GC invocations=1293 (full 28):
 PSYoungGen      total 3072K, used 736K [0x00000000eab00000, 0x00000000eaf80000, 0x0000000100000000)
  eden space 2048K, 0% used [0x00000000eab00000,0x00000000eab00000,0x00000000ead00000)
  from space 1024K, 71% used [0x00000000ead00000,0x00000000eadb8000,0x00000000eae00000)
  to   space 1024K, 0% used [0x00000000eae80000,0x00000000eae80000,0x00000000eaf80000)
 ParOldGen       total 157696K, used 103011K [0x00000000c0000000, 0x00000000c9a00000, 0x00000000eab00000)
  object space 157696K, 65% used [0x00000000c0000000,0x00000000c6498f00,0x00000000c9a00000)
 Metaspace       used 73274K, capacity 76869K, committed 77656K, reserved 1118208K
  class space    used 6861K, capacity 8096K, committed 8280K, reserved 1048576K
}
Event: 7740.568 GC heap before
{Heap before GC invocations=1294 (full 28):
 PSYoungGen      total 3072K, used 2784K [0x00000000eab00000, 0x00000000eaf80000, 0x0000000100000000)
  eden space 2048K, 100% used [0x00000000eab00000,0x00000000ead00000,0x00000000ead00000)
  from space 1024K, 71% used [0x00000000ead00000,0x00000000eadb8000,0x00000000eae00000)
  to   space 1024K, 0% used [0x00000000eae80000,0x00000000eae80000,0x00000000eaf80000)
 ParOldGen       total 157696K, used 103011K [0x00000000c0000000, 0x00000000c9a00000, 0x00000000eab00000)
  object space 157696K, 65% used [0x00000000c0000000,0x00000000c6498f00,0x00000000c9a00000)
 Metaspace       used 73274K, capacity 76869K, committed 77656K, reserved 1118208K
  class space    used 6861K, capacity 8096K, committed 8280K, reserved 1048576K
}
Event: 7740.571 GC heap after
{Heap after GC invocations=1294 (full 28):
 PSYoungGen      total 2560K, used 1006K [0x00000000eab00000, 0x00000000eb180000, 0x0000000100000000)
  eden space 1536K, 0% used [0x00000000eab00000,0x00000000eab00000,0x00000000eac80000)
  from space 1024K, 98% used [0x00000000eae80000,0x00000000eaf7ba20,0x00000000eaf80000)
  to   space 2048K, 0% used [0x00000000eac80000,0x00000000eac80000,0x00000000eae80000)
 ParOldGen       total 157696K, used 103705K [0x00000000c0000000, 0x00000000c9a00000, 0x00000000eab00000)
  object space 157696K, 65% used [0x00000000c0000000,0x00000000c6546460,0x00000000c9a00000)
 Metaspace       used 73274K, capacity 76869K, committed 77656K, reserved 1118208K
  class space    used 6861K, capacity 8096K, committed 8280K, reserved 1048576K
}
Event: 7740.576 GC heap before
{Heap before GC invocations=1295 (full 28):
 PSYoungGen      total 2560K, used 2542K [0x00000000eab00000, 0x00000000eb180000, 0x0000000100000000)
  eden space 1536K, 100% used [0x00000000eab00000,0x00000000eac80000,0x00000000eac80000)
  from space 1024K, 98% used [0x00000000eae80000,0x00000000eaf7ba20,0x00000000eaf80000)
  to   space 2048K, 0% used [0x00000000eac80000,0x00000000eac80000,0x00000000eae80000)
 ParOldGen       total 157696K, used 103705K [0x00000000c0000000, 0x00000000c9a00000, 0x00000000eab00000)
  object space 157696K, 65% used [0x00000000c0000000,0x00000000c6546460,0x00000000c9a00000)
 Metaspace       used 73274K, capacity 76869K, committed 77656K, reserved 1118208K
  class space    used 6861K, capacity 8096K, committed 8280K, reserved 1048576K
}
Event: 7740.578 GC heap after
{Heap after GC invocations=1295 (full 28):
 PSYoungGen      total 2048K, used 480K [0x00000000eab00000, 0x00000000eaf00000, 0x0000000100000000)
  eden space 1536K, 0% used [0x00000000eab00000,0x00000000eab00000,0x00000000eac80000)
  from space 512K, 93% used [0x00000000eac80000,0x00000000eacf8000,0x00000000ead00000)
  to   space 1024K, 0% used [0x00000000eae00000,0x00000000eae00000,0x00000000eaf00000)
 ParOldGen       total 157696K, used 104667K [0x00000000c0000000, 0x00000000c9a00000, 0x00000000eab00000)
  object space 157696K, 66% used [0x00000000c0000000,0x00000000c6636f08,0x00000000c9a00000)
 Metaspace       used 73274K, capacity 76869K, committed 77656K, reserved 1118208K
  class space    used 6861K, capacity 8096K, committed 8280K, reserved 1048576K
}
Event: 7740.582 GC heap before
{Heap before GC invocations=1296 (full 28):
 PSYoungGen      total 2048K, used 2016K [0x00000000eab00000, 0x00000000eaf00000, 0x0000000100000000)
  eden space 1536K, 100% used [0x00000000eab00000,0x00000000eac80000,0x00000000eac80000)
  from space 512K, 93% used [0x00000000eac80000,0x00000000eacf8000,0x00000000ead00000)
  to   space 1024K, 0% used [0x00000000eae00000,0x00000000eae00000,0x00000000eaf00000)
 ParOldGen       total 157696K, used 104667K [0x00000000c0000000, 0x00000000c9a00000, 0x00000000eab00000)
  object space 157696K, 66% used [0x00000000c0000000,0x00000000c6636f08,0x00000000c9a00000)
 Metaspace       used 73274K, capacity 76869K, committed 77656K, reserved 1118208K
  class space    used 6861K, capacity 8096K, committed 8280K, reserved 1048576K
}
Event: 7740.584 GC heap after
{Heap after GC invocations=1296 (full 28):
 PSYoungGen      total 3072K, used 494K [0x00000000eab00000, 0x00000000eaf00000, 0x0000000100000000)
  eden space 2048K, 0% used [0x00000000eab00000,0x00000000eab00000,0x00000000ead00000)
  from space 1024K, 48% used [0x00000000eae00000,0x00000000eae7ba20,0x00000000eaf00000)
  to   space 1024K, 0% used [0x00000000ead00000,0x00000000ead00000,0x00000000eae00000)
 ParOldGen       total 157696K, used 105087K [0x00000000c0000000, 0x00000000c9a00000, 0x00000000eab00000)
  object space 157696K, 66% used [0x00000000c0000000,0x00000000c669ff18,0x00000000c9a00000)
 Metaspace       used 73274K, capacity 76869K, committed 77656K, reserved 1118208K
  class space    used 6861K, capacity 8096K, committed 8280K, reserved 1048576K
}
Event: 7740.590 GC heap before
{Heap before GC invocations=1297 (full 28):
 PSYoungGen      total 3072K, used 2542K [0x00000000eab00000, 0x00000000eaf00000, 0x0000000100000000)
  eden space 2048K, 100% used [0x00000000eab00000,0x00000000ead00000,0x00000000ead00000)
  from space 1024K, 48% used [0x00000000eae00000,0x00000000eae7ba20,0x00000000eaf00000)
  to   space 1024K, 0% used [0x00000000ead00000,0x00000000ead00000,0x00000000eae00000)
 ParOldGen       total 157696K, used 105087K [0x00000000c0000000, 0x00000000c9a00000, 0x00000000eab00000)
  object space 157696K, 66% used [0x00000000c0000000,0x00000000c669ff18,0x00000000c9a00000)
 Metaspace       used 73274K, capacity 76869K, committed 77656K, reserved 1118208K
  class space    used 6861K, capacity 8096K, committed 8280K, reserved 1048576K
}
Event: 7740.591 GC heap after
{Heap after GC invocations=1297 (full 28):
 PSYoungGen      total 3072K, used 928K [0x00000000eab00000, 0x00000000eaf80000, 0x0000000100000000)
  eden space 2048K, 0% used [0x00000000eab00000,0x00000000eab00000,0x00000000ead00000)
  from space 1024K, 90% used [0x00000000ead00000,0x00000000eade8000,0x00000000eae00000)
  to   space 1024K, 0% used [0x00000000eae80000,0x00000000eae80000,0x00000000eaf80000)
 ParOldGen       total 157696K, used 105517K [0x00000000c0000000, 0x00000000c9a00000, 0x00000000eab00000)
  object space 157696K, 66% used [0x00000000c0000000,0x00000000c670b420,0x00000000c9a00000)
 Metaspace       used 73274K, capacity 76869K, committed 77656K, reserved 1118208K
  class space    used 6861K, capacity 8096K, committed 8280K, reserved 1048576K
}
Event: 7740.597 GC heap before
{Heap before GC invocations=1298 (full 28):
 PSYoungGen      total 3072K, used 2975K [0x00000000eab00000, 0x00000000eaf80000, 0x0000000100000000)
  eden space 2048K, 99% used [0x00000000eab00000,0x00000000eacfffd8,0x00000000ead00000)
  from space 1024K, 90% used [0x00000000ead00000,0x00000000eade8000,0x00000000eae00000)
  to   space 1024K, 0% used [0x00000000eae80000,0x00000000eae80000,0x00000000eaf80000)
 ParOldGen       total 157696K, used 105517K [0x00000000c0000000, 0x00000000c9a00000, 0x00000000eab00000)
  object space 157696K, 66% used [0x00000000c0000000,0x00000000c670b420,0x00000000c9a00000)
 Metaspace       used 73274K, capacity 76869K, committed 77656K, reserved 1118208K
  class space    used 6861K, capacity 8096K, committed 8280K, reserved 1048576K
}
Event: 7740.599 GC heap after
{Heap after GC invocations=1298 (full 28):
 PSYoungGen      total 3584K, used 832K [0x00000000eab00000, 0x00000000eaf80000, 0x0000000100000000)
  eden space 2560K, 0% used [0x00000000eab00000,0x00000000eab00000,0x00000000ead80000)
  from space 1024K, 81% used [0x00000000eae80000,0x00000000eaf50000,0x00000000eaf80000)
  to   space 1024K, 0% used [0x00000000ead80000,0x00000000ead80000,0x00000000eae80000)
 ParOldGen       total 157696K, used 106397K [0x00000000c0000000, 0x00000000c9a00000, 0x00000000eab00000)
  object space 157696K, 67% used [0x00000000c0000000,0x00000000c67e7420,0x00000000c9a00000)
 Metaspace       used 73274K, capacity 76869K, committed 77656K, reserved 1118208K
  class space    used 6861K, capacity 8096K, committed 8280K, reserved 1048576K
}
Event: 7740.608 GC heap before
{Heap before GC invocations=1299 (full 28):
 PSYoungGen      total 3584K, used 3392K [0x00000000eab00000, 0x00000000eaf80000, 0x0000000100000000)
  eden space 2560K, 100% used [0x00000000eab00000,0x00000000ead80000,0x00000000ead80000)
  from space 1024K, 81% used [0x00000000eae80000,0x00000000eaf50000,0x00000000eaf80000)
  to   space 1024K, 0% used [0x00000000ead80000,0x00000000ead80000,0x00000000eae80000)
 ParOldGen       total 157696K, used 106397K [0x00000000c0000000, 0x00000000c9a00000, 0x00000000eab00000)
  object space 157696K, 67% used [0x00000000c0000000,0x00000000c67e7420,0x00000000c9a00000)
 Metaspace       used 73274K, capacity 76869K, committed 77656K, reserved 1118208K
  class space    used 6861K, capacity 8096K, committed 8280K, reserved 1048576K
}
Event: 7740.610 GC heap after
{Heap after GC invocations=1299 (full 28):
 PSYoungGen      total 3584K, used 928K [0x00000000eab00000, 0x00000000eb000000, 0x0000000100000000)
  eden space 2560K, 0% used [0x00000000eab00000,0x00000000eab00000,0x00000000ead80000)
  from space 1024K, 90% used [0x00000000ead80000,0x00000000eae68000,0x00000000eae80000)
  to   space 1024K, 0% used [0x00000000eaf00000,0x00000000eaf00000,0x00000000eb000000)
 ParOldGen       total 157696K, used 106997K [0x00000000c0000000, 0x00000000c9a00000, 0x00000000eab00000)
  object space 157696K, 67% used [0x00000000c0000000,0x00000000c687d430,0x00000000c9a00000)
 Metaspace       used 73274K, capacity 76869K, committed 77656K, reserved 1118208K
  class space    used 6861K, capacity 8096K, committed 8280K, reserved 1048576K
}

Deoptimization events (20 events):
Event: 6941.196 Thread 0x00007ff0e40df000 Uncommon trap: trap_request=0xffffffde fr.pc=0x00007ff1650a91d4 relative=0x00000000000008b4
Event: 6941.196 Thread 0x00007ff0e40df000 Uncommon trap: reason=class_check action=maybe_recompile pc=0x00007ff1650a91d4 method=org.eclipse.jdt.internal.compiler.lookup.InferenceContext18.isSameSite(Lorg/eclipse/jdt/internal/compiler/lookup/InvocationSite;Lorg/eclipse/jdt/internal/compiler/lookup
Event: 6941.196 Thread 0x00007ff0e40df000 DEOPT PACKING pc=0x00007ff1650a91d4 sp=0x00007ff0fd4ee920
Event: 6941.196 Thread 0x00007ff0e40df000 DEOPT UNPACKING pc=0x00007ff15c8b7525 sp=0x00007ff0fd4ee7c0 mode 2
Event: 6941.196 Thread 0x00007ff0e40df000 Uncommon trap: trap_request=0xffffffc6 fr.pc=0x00007ff16506f7d0 relative=0x0000000000000c70
Event: 6941.196 Thread 0x00007ff0e40df000 Uncommon trap: reason=bimorphic_or_optimized_type_check action=maybe_recompile pc=0x00007ff16506f7d0 method=org.eclipse.jdt.internal.compiler.lookup.InferenceContext18.forwardResults(Lorg/eclipse/jdt/internal/compiler/lookup/BoundSet;Lorg/eclipse/jdt/inte
Event: 6941.196 Thread 0x00007ff0e40df000 DEOPT PACKING pc=0x00007ff16506f7d0 sp=0x00007ff0fd4ee9d0
Event: 6941.196 Thread 0x00007ff0e40df000 DEOPT UNPACKING pc=0x00007ff15c8b7525 sp=0x00007ff0fd4ee9b0 mode 2
Event: 6941.196 Thread 0x00007ff0e40df000 Uncommon trap: trap_request=0xffffffde fr.pc=0x00007ff164dd5420 relative=0x0000000000000640
Event: 6941.196 Thread 0x00007ff0e40df000 Uncommon trap: reason=class_check action=maybe_recompile pc=0x00007ff164dd5420 method=org.eclipse.jdt.internal.compiler.ast.ASTNode.resolvePolyExpressionArguments(Lorg/eclipse/jdt/internal/compiler/ast/Invocation;Lorg/eclipse/jdt/internal/compiler/lookup/
Event: 6941.196 Thread 0x00007ff0e40df000 DEOPT PACKING pc=0x00007ff164dd5420 sp=0x00007ff0fd4eee80
Event: 6941.196 Thread 0x00007ff0e40df000 DEOPT UNPACKING pc=0x00007ff15c8b7525 sp=0x00007ff0fd4eee10 mode 2
Event: 7738.766 Thread 0x00007ff0e40e0000 DEOPT PACKING pc=0x00007ff15e4b8853 sp=0x00007ff155199650
Event: 7738.766 Thread 0x00007ff0e40e0000 DEOPT UNPACKING pc=0x00007ff15c8b733a sp=0x00007ff155198b88 mode 0
Event: 7739.043 Thread 0x00007ff12800a800 DEOPT PACKING pc=0x00007ff15e4b8853 sp=0x00007ff0fecf5b40
Event: 7739.043 Thread 0x00007ff12800a800 DEOPT UNPACKING pc=0x00007ff15c8b733a sp=0x00007ff0fecf5078 mode 0
Event: 7739.052 Thread 0x00007ff12800a800 DEOPT PACKING pc=0x00007ff15e4b87b1 sp=0x00007ff0fecf4e30
Event: 7739.052 Thread 0x00007ff12800a800 DEOPT UNPACKING pc=0x00007ff15c8b733a sp=0x00007ff0fecf4358 mode 0
Event: 7740.597 Thread 0x00007ff0e40e0000 DEOPT PACKING pc=0x00007ff15d07e95b sp=0x00007ff155198c70
Event: 7740.597 Thread 0x00007ff0e40e0000 DEOPT UNPACKING pc=0x00007ff15c8b733a sp=0x00007ff155198178 mode 0

Classes redefined (0 events):
No events

Internal exceptions (20 events):
Event: 6042.139 Thread 0x00007ff0b4006800 Exception <a 'java/lang/ClassNotFoundException'{0x00000000eb327350}: sun/net/www/protocol/jdt/Handler> (0x00000000eb327350) thrown at [src/hotspot/share/classfile/systemDictionary.cpp, line 231]
Event: 6042.139 Thread 0x00007ff0b4006800 Exception <a 'java/lang/ClassNotFoundException'{0x00000000eb329d90}: sun/net/www/protocol/jdt/Handler> (0x00000000eb329d90) thrown at [src/hotspot/share/classfile/systemDictionary.cpp, line 231]
Event: 6042.139 Thread 0x00007ff0b4006800 Exception <a 'java/lang/ClassNotFoundException'{0x00000000eb32c3c0}: sun/net/www/protocol/jdt/Handler> (0x00000000eb32c3c0) thrown at [src/hotspot/share/classfile/systemDictionary.cpp, line 231]
Event: 6042.139 Thread 0x00007ff0b4006800 Exception <a 'java/lang/ClassNotFoundException'{0x00000000eb32ea18}: sun/net/www/protocol/jdt/Handler> (0x00000000eb32ea18) thrown at [src/hotspot/share/classfile/systemDictionary.cpp, line 231]
Event: 6042.139 Thread 0x00007ff0b4006800 Exception <a 'java/lang/ClassNotFoundException'{0x00000000eb3312a8}: sun/net/www/protocol/jdt/Handler> (0x00000000eb3312a8) thrown at [src/hotspot/share/classfile/systemDictionary.cpp, line 231]
Event: 6042.139 Thread 0x00007ff0b4006800 Exception <a 'java/lang/ClassNotFoundException'{0x00000000eb333950}: sun/net/www/protocol/jdt/Handler> (0x00000000eb333950) thrown at [src/hotspot/share/classfile/systemDictionary.cpp, line 231]
Event: 6043.505 Thread 0x00007ff0c01f0800 Exception <a 'java/lang/ArrayIndexOutOfBoundsException'{0x00000000eab90938}> (0x00000000eab90938) thrown at [src/hotspot/share/runtime/sharedRuntime.cpp, line 584]
Event: 6043.505 Thread 0x00007ff0c01f0800 Exception <a 'java/lang/ArrayIndexOutOfBoundsException'{0x00000000eab90c60}> (0x00000000eab90c60) thrown at [src/hotspot/share/runtime/sharedRuntime.cpp, line 584]
Event: 6044.359 Thread 0x00007ff0b0054000 Exception <a 'java/lang/ArrayIndexOutOfBoundsException'{0x00000000eac49198}> (0x00000000eac49198) thrown at [src/hotspot/share/runtime/sharedRuntime.cpp, line 584]
Event: 6044.359 Thread 0x00007ff0b0054000 Exception <a 'java/lang/ArrayIndexOutOfBoundsException'{0x00000000eac494c0}> (0x00000000eac494c0) thrown at [src/hotspot/share/runtime/sharedRuntime.cpp, line 584]
Event: 6045.508 Thread 0x00007ff0f8208800 Implicit null exception at 0x00007ff1647a789c to 0x00007ff1647a7cd8
Event: 6165.990 Thread 0x00007ff0d0488000 Exception <a 'java/lang/NoSuchMethodError'{0x00000000eac54510}: <clinit>> (0x00000000eac54510) thrown at [src/hotspot/share/prims/jni.cpp, line 1362]
Event: 6165.993 Thread 0x00007ff0d0488000 Exception <a 'java/lang/NoSuchMethodError'{0x00000000eac8b7f0}: <clinit>> (0x00000000eac8b7f0) thrown at [src/hotspot/share/prims/jni.cpp, line 1362]
Event: 6165.994 Thread 0x00007ff0d0488000 Exception <a 'java/lang/NoSuchMethodError'{0x00000000eaca7ed8}: <clinit>> (0x00000000eaca7ed8) thrown at [src/hotspot/share/prims/jni.cpp, line 1362]
Event: 6165.997 Thread 0x00007ff0d0488000 Exception <a 'java/lang/NoSuchMethodError'{0x00000000eacd74c0}: <clinit>> (0x00000000eacd74c0) thrown at [src/hotspot/share/prims/jni.cpp, line 1362]
Event: 6840.993 Thread 0x00007ff0b003c000 Implicit null exception at 0x00007ff1652a3f3d to 0x00007ff1652a4f74
Event: 6876.047 Thread 0x00007ff0e40df000 Implicit null exception at 0x00007ff1648becf1 to 0x00007ff1648c0c98
Event: 6876.047 Thread 0x00007ff0e40df000 Implicit null exception at 0x00007ff164cd272b to 0x00007ff164cd2938
Event: 6876.047 Thread 0x00007ff0e40df000 Implicit null exception at 0x00007ff1646ff9e8 to 0x00007ff1646ffef4
Event: 6939.418 Thread 0x00007ff0e40df000 Exception <a 'java/lang/ArrayIndexOutOfBoundsException'{0x00000000eac455b8}: Index 47659 out of bounds for length 47659> (0x00000000eac455b8) thrown at [src/hotspot/share/interpreter/interpreterRuntime.cpp, line 444]

Events (20 events):
Event: 7910.712 Executing VM operation: RevokeBias done
Event: 7916.356 Executing VM operation: RevokeBias
Event: 7916.356 Executing VM operation: RevokeBias done
Event: 7916.356 Thread 0x00007ff0e40df000 Thread exited: 0x00007ff0e40df000
Event: 7920.715 Executing VM operation: RevokeBias
Event: 7920.715 Executing VM operation: RevokeBias done
Event: 7920.715 Executing VM operation: RevokeBias
Event: 7920.715 Executing VM operation: RevokeBias done
Event: 7920.715 Executing VM operation: RevokeBias
Event: 7920.715 Executing VM operation: RevokeBias done
Event: 7930.718 Executing VM operation: RevokeBias
Event: 7930.719 Executing VM operation: RevokeBias done
Event: 7930.719 Executing VM operation: RevokeBias
Event: 7930.719 Executing VM operation: RevokeBias done
Event: 7930.719 Executing VM operation: RevokeBias
Event: 7930.719 Executing VM operation: RevokeBias done
Event: 7944.949 Executing VM operation: RevokeBias
Event: 7944.949 Executing VM operation: RevokeBias done
Event: 7944.949 Executing VM operation: BulkRevokeBias
Event: 7944.949 Executing VM operation: BulkRevokeBias done


Dynamic libraries:
c0000000-c9a00000 rw-p 00000000 00:00 0 
c9a00000-eab00000 ---p 00000000 00:00 0 
eab00000-eb000000 rw-p 00000000 00:00 0 
eb000000-100000000 ---p 00000000 00:00 0 
800000000-800002000 rwxp 00001000 08:10 232264                           /usr/lib/jvm/java-11-openjdk-amd64/lib/server/classes.jsa
800002000-8003b9000 rw-p 00003000 08:10 232264                           /usr/lib/jvm/java-11-openjdk-amd64/lib/server/classes.jsa
8003b9000-800a96000 r--p 003ba000 08:10 232264                           /usr/lib/jvm/java-11-openjdk-amd64/lib/server/classes.jsa
800a96000-800a97000 rw-p 00a97000 08:10 232264                           /usr/lib/jvm/java-11-openjdk-amd64/lib/server/classes.jsa
800a97000-8010a5000 r--p 00a98000 08:10 232264                           /usr/lib/jvm/java-11-openjdk-amd64/lib/server/classes.jsa
840000000-840816000 rw-p 00000000 00:00 0 
840816000-880000000 ---p 00000000 00:00 0 
55da44acb000-55da44acc000 r--p 00000000 08:10 4770                       /usr/lib/jvm/java-11-openjdk-amd64/bin/java
55da44acc000-55da44acd000 r-xp 00001000 08:10 4770                       /usr/lib/jvm/java-11-openjdk-amd64/bin/java
55da44acd000-55da44ace000 r--p 00002000 08:10 4770                       /usr/lib/jvm/java-11-openjdk-amd64/bin/java
55da44ace000-55da44acf000 r--p 00002000 08:10 4770                       /usr/lib/jvm/java-11-openjdk-amd64/bin/java
55da44acf000-55da44ad0000 rw-p 00003000 08:10 4770                       /usr/lib/jvm/java-11-openjdk-amd64/bin/java
55da463c3000-55da46407000 rw-p 00000000 00:00 0                          [heap]
7ff0b0000000-7ff0b0105000 rw-p 00000000 00:00 0 
7ff0b0105000-7ff0b4000000 ---p 00000000 00:00 0 
7ff0b4000000-7ff0b5d51000 rw-p 00000000 00:00 0 
7ff0b5d51000-7ff0b8000000 ---p 00000000 00:00 0 
7ff0b8000000-7ff0b82a5000 rw-p 00000000 00:00 0 
7ff0b82a5000-7ff0bc000000 ---p 00000000 00:00 0 
7ff0bc000000-7ff0be9f7000 rw-p 00000000 00:00 0 
7ff0be9f7000-7ff0c0000000 ---p 00000000 00:00 0 
7ff0c0000000-7ff0c02e2000 rw-p 00000000 00:00 0 
7ff0c02e2000-7ff0c4000000 ---p 00000000 00:00 0 
7ff0c6489000-7ff0c648d000 ---p 00000000 00:00 0 
7ff0c648d000-7ff0c658a000 rw-p 00000000 00:00 0 
7ff0c658a000-7ff0c658e000 ---p 00000000 00:00 0 
7ff0c658e000-7ff0c668b000 rw-p 00000000 00:00 0 
7ff0c668b000-7ff0c668f000 ---p 00000000 00:00 0 
7ff0c668f000-7ff0c694c000 rw-p 00000000 00:00 0 
7ff0c694c000-7ff0c698c000 ---p 00000000 00:00 0 
7ff0c698c000-7ff0c6b8c000 rw-p 00000000 00:00 0 
7ff0c6b8c000-7ff0c6b90000 ---p 00000000 00:00 0 
7ff0c6b90000-7ff0c6c8d000 rw-p 00000000 00:00 0 
7ff0c6c8d000-7ff0c6c91000 ---p 00000000 00:00 0 
7ff0c6c91000-7ff0c6d8e000 rw-p 00000000 00:00 0 
7ff0c6d8e000-7ff0c6d92000 ---p 00000000 00:00 0 
7ff0c6d92000-7ff0c6e8f000 rw-p 00000000 00:00 0 
7ff0c6e8f000-7ff0c6e93000 ---p 00000000 00:00 0 
7ff0c6e93000-7ff0c6f90000 rw-p 00000000 00:00 0 
7ff0c6f90000-7ff0c6f94000 ---p 00000000 00:00 0 
7ff0c6f94000-7ff0c7291000 rw-p 00000000 00:00 0 
7ff0c7291000-7ff0c7491000 rw-p 00000000 00:00 0 
7ff0c7491000-7ff0c7691000 rw-p 00000000 00:00 0 
7ff0c7691000-7ff0c7891000 rw-p 00000000 00:00 0 
7ff0c7891000-7ff0d0000000 r--s 00000000 08:10 4851                       /usr/lib/jvm/java-11-openjdk-amd64/lib/modules
7ff0d0000000-7ff0d0d6f000 rw-p 00000000 00:00 0 
7ff0d0d6f000-7ff0d4000000 ---p 00000000 00:00 0 
7ff0d4000000-7ff0d4021000 rw-p 00000000 00:00 0 
7ff0d4021000-7ff0d8000000 ---p 00000000 00:00 0 
7ff0d8000000-7ff0d9fad000 rw-p 00000000 00:00 0 
7ff0d9fad000-7ff0dc000000 ---p 00000000 00:00 0 
7ff0dc000000-7ff0ddaeb000 rw-p 00000000 00:00 0 
7ff0ddaeb000-7ff0e0000000 ---p 00000000 00:00 0 
7ff0e0000000-7ff0e0021000 rw-p 00000000 00:00 0 
7ff0e0021000-7ff0e4000000 ---p 00000000 00:00 0 
7ff0e4000000-7ff0e41ab000 rw-p 00000000 00:00 0 
7ff0e41ab000-7ff0e8000000 ---p 00000000 00:00 0 
7ff0e8000000-7ff0e8021000 rw-p 00000000 00:00 0 
7ff0e8021000-7ff0ec000000 ---p 00000000 00:00 0 
7ff0ec000000-7ff0ec021000 rw-p 00000000 00:00 0 
7ff0ec021000-7ff0f0000000 ---p 00000000 00:00 0 
7ff0f0000000-7ff0f0034000 rw-p 00000000 00:00 0 
7ff0f0034000-7ff0f4000000 ---p 00000000 00:00 0 
7ff0f4000000-7ff0f4022000 rw-p 00000000 00:00 0 
7ff0f4022000-7ff0f8000000 ---p 00000000 00:00 0 
7ff0f8000000-7ff0f8743000 rw-p 00000000 00:00 0 
7ff0f8743000-7ff0fc000000 ---p 00000000 00:00 0 
7ff0fc0a4000-7ff0fc0a8000 ---p 00000000 00:00 0 
7ff0fc0a8000-7ff0fc3a5000 rw-p 00000000 00:00 0 
7ff0fc3a5000-7ff0fc5a5000 rw-p 00000000 00:00 0 
7ff0fc5a5000-7ff0fc7a5000 rw-p 00000000 00:00 0 
7ff0fc7a5000-7ff0fc9a5000 rw-p 00000000 00:00 0 
7ff0fc9a5000-7ff0fcba5000 rw-p 00000000 00:00 0 
7ff0fcc4b000-7ff0fcc4f000 ---p 00000000 00:00 0 
7ff0fcc4f000-7ff0fcf4c000 rw-p 00000000 00:00 0 
7ff0fcfef000-7ff0fcff3000 ---p 00000000 00:00 0 
7ff0fcff3000-7ff0fd2f0000 rw-p 00000000 00:00 0 
7ff0fd2f0000-7ff0fd2f4000 ---p 00000000 00:00 0 
7ff0fd2f4000-7ff0fd3f1000 rw-p 00000000 00:00 0 
7ff0fd3f1000-7ff0fd3f5000 ---p 00000000 00:00 0 
7ff0fd3f5000-7ff0fd4f2000 rw-p 00000000 00:00 0 
7ff0fd4f2000-7ff0fd4f6000 ---p 00000000 00:00 0 
7ff0fd4f6000-7ff0fd5f3000 rw-p 00000000 00:00 0 
7ff0fd5f3000-7ff0fd5f7000 ---p 00000000 00:00 0 
7ff0fd5f7000-7ff0fd8f4000 rw-p 00000000 00:00 0 
7ff0fd8f4000-7ff0fdaf4000 rw-p 00000000 00:00 0 
7ff0fdaf4000-7ff0fdcf4000 rw-p 00000000 00:00 0 
7ff0fdcf4000-7ff0fdef4000 rw-p 00000000 00:00 0 
7ff0fdef4000-7ff0fe0f4000 rw-p 00000000 00:00 0 
7ff0fe0f4000-7ff0fe0f8000 ---p 00000000 00:00 0 
7ff0fe0f8000-7ff0fe3f5000 rw-p 00000000 00:00 0 
7ff0fe3f5000-7ff0fe5f5000 rw-p 00000000 00:00 0 
7ff0fe5f5000-7ff0fe7f5000 rw-p 00000000 00:00 0 
7ff0fe7f5000-7ff0fe9f5000 rw-p 00000000 00:00 0 
7ff0fe9f5000-7ff0fe9f9000 ---p 00000000 00:00 0 
7ff0fe9f9000-7ff0feaf6000 rw-p 00000000 00:00 0 
7ff0feaf6000-7ff0feafa000 ---p 00000000 00:00 0 
7ff0feafa000-7ff0febf7000 rw-p 00000000 00:00 0 
7ff0febf7000-7ff0febfb000 ---p 00000000 00:00 0 
7ff0febfb000-7ff0feef8000 rw-p 00000000 00:00 0 
7ff0feef8000-7ff0feefc000 ---p 00000000 00:00 0 
7ff0feefc000-7ff0feff9000 rw-p 00000000 00:00 0 
7ff0feff9000-7ff0feffd000 ---p 00000000 00:00 0 
7ff0feffd000-7ff0ff2fa000 rw-p 00000000 00:00 0 
7ff0ff2fa000-7ff0ff2fe000 ---p 00000000 00:00 0 
7ff0ff2fe000-7ff0ff5fb000 rw-p 00000000 00:00 0 
7ff0ff5fb000-7ff0ff7fb000 rw-p 00000000 00:00 0 
7ff0ff7fb000-7ff0ff7ff000 ---p 00000000 00:00 0 
7ff0ff7ff000-7ff0ff8fc000 rw-p 00000000 00:00 0 
7ff0ff8fc000-7ff0ff8fd000 ---p 00000000 00:00 0 
7ff0ff8fd000-7ff0ffbfe000 rw-p 00000000 00:00 0 
7ff0ffbfe000-7ff0ffc02000 ---p 00000000 00:00 0 
7ff0ffc02000-7ff0ffeff000 rw-p 00000000 00:00 0 
7ff0ffeff000-7ff0fff03000 ---p 00000000 00:00 0 
7ff0fff03000-7ff100000000 rw-p 00000000 00:00 0 
7ff100000000-7ff1011a5000 rw-p 00000000 00:00 0 
7ff1011a5000-7ff104000000 ---p 00000000 00:00 0 
7ff104000000-7ff104021000 rw-p 00000000 00:00 0 
7ff104021000-7ff108000000 ---p 00000000 00:00 0 
7ff108000000-7ff108021000 rw-p 00000000 00:00 0 
7ff108021000-7ff10c000000 ---p 00000000 00:00 0 
7ff10c000000-7ff10c021000 rw-p 00000000 00:00 0 
7ff10c021000-7ff110000000 ---p 00000000 00:00 0 
7ff110000000-7ff11003e000 rw-p 00000000 00:00 0 
7ff11003e000-7ff114000000 ---p 00000000 00:00 0 
7ff114000000-7ff114023000 rw-p 00000000 00:00 0 
7ff114023000-7ff118000000 ---p 00000000 00:00 0 
7ff118000000-7ff118021000 rw-p 00000000 00:00 0 
7ff118021000-7ff11c000000 ---p 00000000 00:00 0 
7ff11c000000-7ff11c774000 rw-p 00000000 00:00 0 
7ff11c774000-7ff120000000 ---p 00000000 00:00 0 
7ff120000000-7ff12257f000 rw-p 00000000 00:00 0 
7ff12257f000-7ff124000000 ---p 00000000 00:00 0 
7ff124000000-7ff124021000 rw-p 00000000 00:00 0 
7ff124021000-7ff128000000 ---p 00000000 00:00 0 
7ff128000000-7ff12a560000 rw-p 00000000 00:00 0 
7ff12a560000-7ff12c000000 ---p 00000000 00:00 0 
7ff12c000000-7ff12c021000 rw-p 00000000 00:00 0 
7ff12c021000-7ff130000000 ---p 00000000 00:00 0 
7ff130000000-7ff130181000 rw-p 00000000 00:00 0 
7ff130181000-7ff134000000 ---p 00000000 00:00 0 
7ff134000000-7ff134021000 rw-p 00000000 00:00 0 
7ff134021000-7ff138000000 ---p 00000000 00:00 0 
7ff138000000-7ff13ab9f000 rw-p 00000000 00:00 0 
7ff13ab9f000-7ff13c000000 ---p 00000000 00:00 0 
7ff13c000000-7ff13d423000 rw-p 00000000 00:00 0 
7ff13d423000-7ff140000000 ---p 00000000 00:00 0 
7ff140000000-7ff140021000 rw-p 00000000 00:00 0 
7ff140021000-7ff144000000 ---p 00000000 00:00 0 
7ff144000000-7ff144021000 rw-p 00000000 00:00 0 
7ff144021000-7ff148000000 ---p 00000000 00:00 0 
7ff148000000-7ff148021000 rw-p 00000000 00:00 0 
7ff148021000-7ff14c000000 ---p 00000000 00:00 0 
7ff14c000000-7ff14c021000 rw-p 00000000 00:00 0 
7ff14c021000-7ff150000000 ---p 00000000 00:00 0 
7ff150000000-7ff150129000 rw-p 00000000 00:00 0 
7ff150129000-7ff154000000 ---p 00000000 00:00 0 
7ff154019000-7ff15401d000 r--p 00000000 08:10 15924                      /usr/lib/x86_64-linux-gnu/libresolv-2.31.so
7ff15401d000-7ff15402d000 r-xp 00004000 08:10 15924                      /usr/lib/x86_64-linux-gnu/libresolv-2.31.so
7ff15402d000-7ff154030000 r--p 00014000 08:10 15924                      /usr/lib/x86_64-linux-gnu/libresolv-2.31.so
7ff154030000-7ff154031000 ---p 00017000 08:10 15924                      /usr/lib/x86_64-linux-gnu/libresolv-2.31.so
7ff154031000-7ff154032000 r--p 00017000 08:10 15924                      /usr/lib/x86_64-linux-gnu/libresolv-2.31.so
7ff154032000-7ff154033000 rw-p 00018000 08:10 15924                      /usr/lib/x86_64-linux-gnu/libresolv-2.31.so
7ff154033000-7ff154035000 rw-p 00000000 00:00 0 
7ff154035000-7ff154037000 r--p 00000000 08:10 15820                      /usr/lib/x86_64-linux-gnu/libnss_dns-2.31.so
7ff154037000-7ff15403b000 r-xp 00002000 08:10 15820                      /usr/lib/x86_64-linux-gnu/libnss_dns-2.31.so
7ff15403b000-7ff15403c000 r--p 00006000 08:10 15820                      /usr/lib/x86_64-linux-gnu/libnss_dns-2.31.so
7ff15403c000-7ff15403d000 r--p 00006000 08:10 15820                      /usr/lib/x86_64-linux-gnu/libnss_dns-2.31.so
7ff15403d000-7ff15403e000 rw-p 00007000 08:10 15820                      /usr/lib/x86_64-linux-gnu/libnss_dns-2.31.so
7ff15404a000-7ff154052000 r--p 00000000 08:10 4847                       /usr/lib/jvm/java-11-openjdk-amd64/lib/libsunec.so
7ff154052000-7ff15406b000 r-xp 00008000 08:10 4847                       /usr/lib/jvm/java-11-openjdk-amd64/lib/libsunec.so
7ff15406b000-7ff154075000 r--p 00021000 08:10 4847                       /usr/lib/jvm/java-11-openjdk-amd64/lib/libsunec.so
7ff154075000-7ff154076000 ---p 0002b000 08:10 4847                       /usr/lib/jvm/java-11-openjdk-amd64/lib/libsunec.so
7ff154076000-7ff15407a000 r--p 0002b000 08:10 4847                       /usr/lib/jvm/java-11-openjdk-amd64/lib/libsunec.so
7ff15407a000-7ff15407c000 rw-p 0002f000 08:10 4847                       /usr/lib/jvm/java-11-openjdk-amd64/lib/libsunec.so
7ff15407c000-7ff154080000 ---p 00000000 00:00 0 
7ff154080000-7ff15437d000 rw-p 00000000 00:00 0 
7ff15437d000-7ff15457d000 rw-p 00000000 00:00 0 
7ff15457d000-7ff154581000 ---p 00000000 00:00 0 
7ff154581000-7ff15467e000 rw-p 00000000 00:00 0 
7ff15467e000-7ff154682000 ---p 00000000 00:00 0 
7ff154682000-7ff15477f000 rw-p 00000000 00:00 0 
7ff15477f000-7ff15478f000 r-xp 00000000 08:10 143877                     /home/swithun/.vscode-server/data/User/globalStorage/redhat.java/0.79.1/config_linux/org.eclipse.equinox.launcher/org.eclipse.equinox.launcher.gtk.linux.x86_64_1.2.200.v20210406-1409/eclipse_11401.so
7ff15478f000-7ff15498e000 ---p 00010000 08:10 143877                     /home/swithun/.vscode-server/data/User/globalStorage/redhat.java/0.79.1/config_linux/org.eclipse.equinox.launcher/org.eclipse.equinox.launcher.gtk.linux.x86_64_1.2.200.v20210406-1409/eclipse_11401.so
7ff15498e000-7ff15498f000 r--p 0000f000 08:10 143877                     /home/swithun/.vscode-server/data/User/globalStorage/redhat.java/0.79.1/config_linux/org.eclipse.equinox.launcher/org.eclipse.equinox.launcher.gtk.linux.x86_64_1.2.200.v20210406-1409/eclipse_11401.so
7ff15498f000-7ff154990000 rw-p 00010000 08:10 143877                     /home/swithun/.vscode-server/data/User/globalStorage/redhat.java/0.79.1/config_linux/org.eclipse.equinox.launcher/org.eclipse.equinox.launcher.gtk.linux.x86_64_1.2.200.v20210406-1409/eclipse_11401.so
7ff154990000-7ff154991000 ---p 00000000 00:00 0 
7ff154991000-7ff154a92000 rw-p 00000000 00:00 0 
7ff154a92000-7ff154a93000 ---p 00000000 00:00 0 
7ff154a93000-7ff154b94000 rw-p 00000000 00:00 0 
7ff154b94000-7ff154b95000 ---p 00000000 00:00 0 
7ff154b95000-7ff154c96000 rw-p 00000000 00:00 0 
7ff154c96000-7ff154c9a000 ---p 00000000 00:00 0 
7ff154c9a000-7ff154d97000 rw-p 00000000 00:00 0 
7ff154d97000-7ff154d9b000 ---p 00000000 00:00 0 
7ff154d9b000-7ff154e98000 rw-p 00000000 00:00 0 
7ff154e98000-7ff154e9c000 ---p 00000000 00:00 0 
7ff154e9c000-7ff154f99000 rw-p 00000000 00:00 0 
7ff154f99000-7ff154f9a000 ---p 00000000 00:00 0 
7ff154f9a000-7ff15509b000 rw-p 00000000 00:00 0 
7ff15509b000-7ff15509f000 ---p 00000000 00:00 0 
7ff15509f000-7ff15519c000 rw-p 00000000 00:00 0 
7ff15519c000-7ff1551a0000 ---p 00000000 00:00 0 
7ff1551a0000-7ff15529d000 rw-p 00000000 00:00 0 
7ff15529d000-7ff1552a1000 ---p 00000000 00:00 0 
7ff1552a1000-7ff15539e000 rw-p 00000000 00:00 0 
7ff15539e000-7ff1553a2000 ---p 00000000 00:00 0 
7ff1553a2000-7ff15549f000 rw-p 00000000 00:00 0 
7ff15549f000-7ff1554a3000 ---p 00000000 00:00 0 
7ff1554a3000-7ff1555a0000 rw-p 00000000 00:00 0 
7ff1555a0000-7ff1555a4000 ---p 00000000 00:00 0 
7ff1555a4000-7ff1556a1000 rw-p 00000000 00:00 0 
7ff1556a1000-7ff1556a5000 ---p 00000000 00:00 0 
7ff1556a5000-7ff1557a2000 rw-p 00000000 00:00 0 
7ff1557a2000-7ff155915000 r--p 00000000 08:10 12751                      /usr/lib/locale/C.UTF-8/LC_COLLATE
7ff155915000-7ff155bfb000 r--p 00000000 08:10 13350                      /usr/lib/locale/locale-archive
7ff155bfb000-7ff155bff000 ---p 00000000 00:00 0 
7ff155bff000-7ff155cfc000 rw-p 00000000 00:00 0 
7ff155cfc000-7ff155d00000 ---p 00000000 00:00 0 
7ff155d00000-7ff155dfd000 rw-p 00000000 00:00 0 
7ff155dfd000-7ff155dfe000 ---p 00000000 00:00 0 
7ff155dfe000-7ff158000000 rw-p 00000000 00:00 0 
7ff158000000-7ff158027000 rw-p 00000000 00:00 0 
7ff158027000-7ff15c000000 ---p 00000000 00:00 0 
7ff15c000000-7ff15c001000 r--p 00000000 08:10 4822                       /usr/lib/jvm/java-11-openjdk-amd64/lib/libextnet.so
7ff15c001000-7ff15c002000 r-xp 00001000 08:10 4822                       /usr/lib/jvm/java-11-openjdk-amd64/lib/libextnet.so
7ff15c002000-7ff15c003000 r--p 00002000 08:10 4822                       /usr/lib/jvm/java-11-openjdk-amd64/lib/libextnet.so
7ff15c003000-7ff15c004000 r--p 00002000 08:10 4822                       /usr/lib/jvm/java-11-openjdk-amd64/lib/libextnet.so
7ff15c004000-7ff15c005000 rw-p 00003000 08:10 4822                       /usr/lib/jvm/java-11-openjdk-amd64/lib/libextnet.so
7ff15c005000-7ff15c009000 ---p 00000000 00:00 0 
7ff15c009000-7ff15c027000 rw-p 00000000 00:00 0 
7ff15c027000-7ff15c02b000 r--p 00000000 08:10 4841                       /usr/lib/jvm/java-11-openjdk-amd64/lib/libnet.so
7ff15c02b000-7ff15c03a000 r-xp 00004000 08:10 4841                       /usr/lib/jvm/java-11-openjdk-amd64/lib/libnet.so
7ff15c03a000-7ff15c03e000 r--p 00013000 08:10 4841                       /usr/lib/jvm/java-11-openjdk-amd64/lib/libnet.so
7ff15c03e000-7ff15c03f000 r--p 00016000 08:10 4841                       /usr/lib/jvm/java-11-openjdk-amd64/lib/libnet.so
7ff15c03f000-7ff15c040000 rw-p 00017000 08:10 4841                       /usr/lib/jvm/java-11-openjdk-amd64/lib/libnet.so
7ff15c040000-7ff15c047000 r--p 00000000 08:10 4842                       /usr/lib/jvm/java-11-openjdk-amd64/lib/libnio.so
7ff15c047000-7ff15c04f000 r-xp 00007000 08:10 4842                       /usr/lib/jvm/java-11-openjdk-amd64/lib/libnio.so
7ff15c04f000-7ff15c052000 r--p 0000f000 08:10 4842                       /usr/lib/jvm/java-11-openjdk-amd64/lib/libnio.so
7ff15c052000-7ff15c053000 r--p 00011000 08:10 4842                       /usr/lib/jvm/java-11-openjdk-amd64/lib/libnio.so
7ff15c053000-7ff15c054000 rw-p 00012000 08:10 4842                       /usr/lib/jvm/java-11-openjdk-amd64/lib/libnio.so
7ff15c054000-7ff15c086000 r--p 00000000 08:10 12752                      /usr/lib/locale/C.UTF-8/LC_CTYPE
7ff15c086000-7ff15c087000 r--p 00000000 08:10 12758                      /usr/lib/locale/C.UTF-8/LC_NUMERIC
7ff15c087000-7ff15c088000 r--p 00000000 08:10 12761                      /usr/lib/locale/C.UTF-8/LC_TIME
7ff15c088000-7ff15c089000 r--p 00000000 08:10 12756                      /usr/lib/locale/C.UTF-8/LC_MONETARY
7ff15c089000-7ff15c891000 rw-p 00000000 00:00 0 
7ff15c891000-7ff15cb01000 rwxp 00000000 00:00 0 
7ff15cb01000-7ff15ce21000 ---p 00000000 00:00 0 
7ff15ce21000-7ff15f5e1000 rwxp 00000000 00:00 0 
7ff15f5e1000-7ff164359000 ---p 00000000 00:00 0 
7ff164359000-7ff165399000 rwxp 00000000 00:00 0 
7ff165399000-7ff16b891000 ---p 00000000 00:00 0 
7ff16b891000-7ff174000000 r--s 00000000 08:10 4851                       /usr/lib/jvm/java-11-openjdk-amd64/lib/modules
7ff174000000-7ff174512000 rw-p 00000000 00:00 0 
7ff174512000-7ff178000000 ---p 00000000 00:00 0 
7ff178000000-7ff178001000 r--p 00000000 08:10 12755                      /usr/lib/locale/C.UTF-8/LC_MESSAGES/SYS_LC_MESSAGES
7ff178001000-7ff178002000 r--p 00000000 08:10 12759                      /usr/lib/locale/C.UTF-8/LC_PAPER
7ff178002000-7ff178003000 r--p 00000000 08:10 12757                      /usr/lib/locale/C.UTF-8/LC_NAME
7ff178003000-7ff17800a000 r--s 00000000 08:10 30850                      /usr/lib/x86_64-linux-gnu/gconv/gconv-modules.cache
7ff17800a000-7ff179403000 rw-p 00000000 00:00 0 
7ff179403000-7ff179404000 ---p 00000000 00:00 0 
7ff179404000-7ff179552000 rw-p 00000000 00:00 0 
7ff179552000-7ff17965b000 ---p 00000000 00:00 0 
7ff17965b000-7ff1796a8000 rw-p 00000000 00:00 0 
7ff1796a8000-7ff1797b0000 ---p 00000000 00:00 0 
7ff1797b0000-7ff1797b3000 rw-p 00000000 00:00 0 
7ff1797b3000-7ff17985b000 ---p 00000000 00:00 0 
7ff17985b000-7ff17987d000 rw-p 00000000 00:00 0 
7ff17987d000-7ff179947000 ---p 00000000 00:00 0 
7ff179947000-7ff179997000 rw-p 00000000 00:00 0 
7ff179997000-7ff179a32000 ---p 00000000 00:00 0 
7ff179a32000-7ff179a37000 rw-p 00000000 00:00 0 
7ff179a37000-7ff179a3e000 ---p 00000000 00:00 0 
7ff179a3e000-7ff179a40000 r--p 00000000 08:10 4850                       /usr/lib/jvm/java-11-openjdk-amd64/lib/libzip.so
7ff179a40000-7ff179a44000 r-xp 00002000 08:10 4850                       /usr/lib/jvm/java-11-openjdk-amd64/lib/libzip.so
7ff179a44000-7ff179a46000 r--p 00006000 08:10 4850                       /usr/lib/jvm/java-11-openjdk-amd64/lib/libzip.so
7ff179a46000-7ff179a47000 r--p 00007000 08:10 4850                       /usr/lib/jvm/java-11-openjdk-amd64/lib/libzip.so
7ff179a47000-7ff179a48000 rw-p 00008000 08:10 4850                       /usr/lib/jvm/java-11-openjdk-amd64/lib/libzip.so
7ff179a48000-7ff179a4b000 r--p 00000000 08:10 15821                      /usr/lib/x86_64-linux-gnu/libnss_files-2.31.so
7ff179a4b000-7ff179a52000 r-xp 00003000 08:10 15821                      /usr/lib/x86_64-linux-gnu/libnss_files-2.31.so
7ff179a52000-7ff179a54000 r--p 0000a000 08:10 15821                      /usr/lib/x86_64-linux-gnu/libnss_files-2.31.so
7ff179a54000-7ff179a55000 r--p 0000b000 08:10 15821                      /usr/lib/x86_64-linux-gnu/libnss_files-2.31.so
7ff179a55000-7ff179a56000 rw-p 0000c000 08:10 15821                      /usr/lib/x86_64-linux-gnu/libnss_files-2.31.so
7ff179a56000-7ff179a5c000 rw-p 00000000 00:00 0 
7ff179a5c000-7ff179a5d000 r--p 00000000 08:10 12750                      /usr/lib/locale/C.UTF-8/LC_ADDRESS
7ff179a5d000-7ff179a5e000 r--p 00000000 08:10 12760                      /usr/lib/locale/C.UTF-8/LC_TELEPHONE
7ff179a5e000-7ff179a60000 r--s 0000c000 08:10 5509                       /usr/share/java/java-atk-wrapper.jar
7ff179a60000-7ff179a68000 rw-s 00000000 08:10 508987                     /tmp/hsperfdata_swithun/4863
7ff179a68000-7ff179a76000 r--p 00000000 08:10 4829                       /usr/lib/jvm/java-11-openjdk-amd64/lib/libjava.so
7ff179a76000-7ff179a8c000 r-xp 0000e000 08:10 4829                       /usr/lib/jvm/java-11-openjdk-amd64/lib/libjava.so
7ff179a8c000-7ff179a93000 r--p 00024000 08:10 4829                       /usr/lib/jvm/java-11-openjdk-amd64/lib/libjava.so
7ff179a93000-7ff179a94000 r--p 0002a000 08:10 4829                       /usr/lib/jvm/java-11-openjdk-amd64/lib/libjava.so
7ff179a94000-7ff179a95000 rw-p 0002b000 08:10 4829                       /usr/lib/jvm/java-11-openjdk-amd64/lib/libjava.so
7ff179a95000-7ff179a96000 rw-p 00000000 00:00 0 
7ff179a96000-7ff179a9b000 r--p 00000000 08:10 4849                       /usr/lib/jvm/java-11-openjdk-amd64/lib/libverify.so
7ff179a9b000-7ff179aa2000 r-xp 00005000 08:10 4849                       /usr/lib/jvm/java-11-openjdk-amd64/lib/libverify.so
7ff179aa2000-7ff179aa4000 r--p 0000c000 08:10 4849                       /usr/lib/jvm/java-11-openjdk-amd64/lib/libverify.so
7ff179aa4000-7ff179aa5000 ---p 0000e000 08:10 4849                       /usr/lib/jvm/java-11-openjdk-amd64/lib/libverify.so
7ff179aa5000-7ff179aa7000 r--p 0000e000 08:10 4849                       /usr/lib/jvm/java-11-openjdk-amd64/lib/libverify.so
7ff179aa7000-7ff179aa8000 rw-p 00010000 08:10 4849                       /usr/lib/jvm/java-11-openjdk-amd64/lib/libverify.so
7ff179aa8000-7ff179aab000 r--p 00000000 08:10 15925                      /usr/lib/x86_64-linux-gnu/librt-2.31.so
7ff179aab000-7ff179aaf000 r-xp 00003000 08:10 15925                      /usr/lib/x86_64-linux-gnu/librt-2.31.so
7ff179aaf000-7ff179ab0000 r--p 00007000 08:10 15925                      /usr/lib/x86_64-linux-gnu/librt-2.31.so
7ff179ab0000-7ff179ab1000 ---p 00008000 08:10 15925                      /usr/lib/x86_64-linux-gnu/librt-2.31.so
7ff179ab1000-7ff179ab2000 r--p 00008000 08:10 15925                      /usr/lib/x86_64-linux-gnu/librt-2.31.so
7ff179ab2000-7ff179ab3000 rw-p 00009000 08:10 15925                      /usr/lib/x86_64-linux-gnu/librt-2.31.so
7ff179ab3000-7ff179ab7000 ---p 00000000 00:00 0 
7ff179ab7000-7ff179bb4000 rw-p 00000000 00:00 0 
7ff179bb4000-7ff179bb7000 r--p 00000000 08:10 15430                      /usr/lib/x86_64-linux-gnu/libgcc_s.so.1
7ff179bb7000-7ff179bc9000 r-xp 00003000 08:10 15430                      /usr/lib/x86_64-linux-gnu/libgcc_s.so.1
7ff179bc9000-7ff179bcd000 r--p 00015000 08:10 15430                      /usr/lib/x86_64-linux-gnu/libgcc_s.so.1
7ff179bcd000-7ff179bce000 r--p 00018000 08:10 15430                      /usr/lib/x86_64-linux-gnu/libgcc_s.so.1
7ff179bce000-7ff179bcf000 rw-p 00019000 08:10 15430                      /usr/lib/x86_64-linux-gnu/libgcc_s.so.1
7ff179bcf000-7ff179bde000 r--p 00000000 08:10 15815                      /usr/lib/x86_64-linux-gnu/libm-2.31.so
7ff179bde000-7ff179c85000 r-xp 0000f000 08:10 15815                      /usr/lib/x86_64-linux-gnu/libm-2.31.so
7ff179c85000-7ff179d1c000 r--p 000b6000 08:10 15815                      /usr/lib/x86_64-linux-gnu/libm-2.31.so
7ff179d1c000-7ff179d1d000 r--p 0014c000 08:10 15815                      /usr/lib/x86_64-linux-gnu/libm-2.31.so
7ff179d1d000-7ff179d1e000 rw-p 0014d000 08:10 15815                      /usr/lib/x86_64-linux-gnu/libm-2.31.so
7ff179d1e000-7ff179db4000 r--p 00000000 08:10 15438                      /usr/lib/x86_64-linux-gnu/libstdc++.so.6.0.28
7ff179db4000-7ff179ea4000 r-xp 00096000 08:10 15438                      /usr/lib/x86_64-linux-gnu/libstdc++.so.6.0.28
7ff179ea4000-7ff179eed000 r--p 00186000 08:10 15438                      /usr/lib/x86_64-linux-gnu/libstdc++.so.6.0.28
7ff179eed000-7ff179eee000 ---p 001cf000 08:10 15438                      /usr/lib/x86_64-linux-gnu/libstdc++.so.6.0.28
7ff179eee000-7ff179ef9000 r--p 001cf000 08:10 15438                      /usr/lib/x86_64-linux-gnu/libstdc++.so.6.0.28
7ff179ef9000-7ff179efc000 rw-p 001da000 08:10 15438                      /usr/lib/x86_64-linux-gnu/libstdc++.so.6.0.28
7ff179efc000-7ff179eff000 rw-p 00000000 00:00 0 
7ff179eff000-7ff17a178000 r--p 00000000 08:10 4857                       /usr/lib/jvm/java-11-openjdk-amd64/lib/server/libjvm.so
7ff17a178000-7ff17adf9000 r-xp 00279000 08:10 4857                       /usr/lib/jvm/java-11-openjdk-amd64/lib/server/libjvm.so
7ff17adf9000-7ff17b04f000 r--p 00efa000 08:10 4857                       /usr/lib/jvm/java-11-openjdk-amd64/lib/server/libjvm.so
7ff17b04f000-7ff17b050000 ---p 01150000 08:10 4857                       /usr/lib/jvm/java-11-openjdk-amd64/lib/server/libjvm.so
7ff17b050000-7ff17b111000 r--p 01150000 08:10 4857                       /usr/lib/jvm/java-11-openjdk-amd64/lib/server/libjvm.so
7ff17b111000-7ff17b14c000 rw-p 01211000 08:10 4857                       /usr/lib/jvm/java-11-openjdk-amd64/lib/server/libjvm.so
7ff17b14c000-7ff17b1a5000 rw-p 00000000 00:00 0 
7ff17b1a5000-7ff17b1ac000 r--p 00000000 08:10 15923                      /usr/lib/x86_64-linux-gnu/libpthread-2.31.so
7ff17b1ac000-7ff17b1bd000 r-xp 00007000 08:10 15923                      /usr/lib/x86_64-linux-gnu/libpthread-2.31.so
7ff17b1bd000-7ff17b1c2000 r--p 00018000 08:10 15923                      /usr/lib/x86_64-linux-gnu/libpthread-2.31.so
7ff17b1c2000-7ff17b1c3000 r--p 0001c000 08:10 15923                      /usr/lib/x86_64-linux-gnu/libpthread-2.31.so
7ff17b1c3000-7ff17b1c4000 rw-p 0001d000 08:10 15923                      /usr/lib/x86_64-linux-gnu/libpthread-2.31.so
7ff17b1c4000-7ff17b1c8000 rw-p 00000000 00:00 0 
7ff17b1c8000-7ff17b1c9000 r--p 00000000 08:10 15814                      /usr/lib/x86_64-linux-gnu/libdl-2.31.so
7ff17b1c9000-7ff17b1cb000 r-xp 00001000 08:10 15814                      /usr/lib/x86_64-linux-gnu/libdl-2.31.so
7ff17b1cb000-7ff17b1cc000 r--p 00003000 08:10 15814                      /usr/lib/x86_64-linux-gnu/libdl-2.31.so
7ff17b1cc000-7ff17b1cd000 r--p 00003000 08:10 15814                      /usr/lib/x86_64-linux-gnu/libdl-2.31.so
7ff17b1cd000-7ff17b1ce000 rw-p 00004000 08:10 15814                      /usr/lib/x86_64-linux-gnu/libdl-2.31.so
7ff17b1ce000-7ff17b1d0000 r--p 00000000 08:10 3135                       /usr/lib/x86_64-linux-gnu/libz.so.1.2.11
7ff17b1d0000-7ff17b1e1000 r-xp 00002000 08:10 3135                       /usr/lib/x86_64-linux-gnu/libz.so.1.2.11
7ff17b1e1000-7ff17b1e7000 r--p 00013000 08:10 3135                       /usr/lib/x86_64-linux-gnu/libz.so.1.2.11
7ff17b1e7000-7ff17b1e8000 ---p 00019000 08:10 3135                       /usr/lib/x86_64-linux-gnu/libz.so.1.2.11
7ff17b1e8000-7ff17b1e9000 r--p 00019000 08:10 3135                       /usr/lib/x86_64-linux-gnu/libz.so.1.2.11
7ff17b1e9000-7ff17b1ea000 rw-p 0001a000 08:10 3135                       /usr/lib/x86_64-linux-gnu/libz.so.1.2.11
7ff17b1ea000-7ff17b20f000 r--p 00000000 08:10 15813                      /usr/lib/x86_64-linux-gnu/libc-2.31.so
7ff17b20f000-7ff17b387000 r-xp 00025000 08:10 15813                      /usr/lib/x86_64-linux-gnu/libc-2.31.so
7ff17b387000-7ff17b3d1000 r--p 0019d000 08:10 15813                      /usr/lib/x86_64-linux-gnu/libc-2.31.so
7ff17b3d1000-7ff17b3d2000 ---p 001e7000 08:10 15813                      /usr/lib/x86_64-linux-gnu/libc-2.31.so
7ff17b3d2000-7ff17b3d5000 r--p 001e7000 08:10 15813                      /usr/lib/x86_64-linux-gnu/libc-2.31.so
7ff17b3d5000-7ff17b3d8000 rw-p 001ea000 08:10 15813                      /usr/lib/x86_64-linux-gnu/libc-2.31.so
7ff17b3d8000-7ff17b3dc000 rw-p 00000000 00:00 0 
7ff17b3dc000-7ff17b3dd000 r--p 00000000 08:10 12754                      /usr/lib/locale/C.UTF-8/LC_MEASUREMENT
7ff17b3dd000-7ff17b3de000 ---p 00000000 00:00 0 
7ff17b3de000-7ff17b3df000 r--p 00000000 00:00 0 
7ff17b3df000-7ff17b3e1000 r--p 00000000 08:10 4833                       /usr/lib/jvm/java-11-openjdk-amd64/lib/libjimage.so
7ff17b3e1000-7ff17b3e4000 r-xp 00002000 08:10 4833                       /usr/lib/jvm/java-11-openjdk-amd64/lib/libjimage.so
7ff17b3e4000-7ff17b3e5000 r--p 00005000 08:10 4833                       /usr/lib/jvm/java-11-openjdk-amd64/lib/libjimage.so
7ff17b3e5000-7ff17b3e6000 ---p 00006000 08:10 4833                       /usr/lib/jvm/java-11-openjdk-amd64/lib/libjimage.so
7ff17b3e6000-7ff17b3e7000 r--p 00006000 08:10 4833                       /usr/lib/jvm/java-11-openjdk-amd64/lib/libjimage.so
7ff17b3e7000-7ff17b3e8000 rw-p 00007000 08:10 4833                       /usr/lib/jvm/java-11-openjdk-amd64/lib/libjimage.so
7ff17b3e8000-7ff17b3eb000 r--p 00000000 08:10 4813                       /usr/lib/jvm/java-11-openjdk-amd64/lib/jli/libjli.so
7ff17b3eb000-7ff17b3f5000 r-xp 00003000 08:10 4813                       /usr/lib/jvm/java-11-openjdk-amd64/lib/jli/libjli.so
7ff17b3f5000-7ff17b3f8000 r--p 0000d000 08:10 4813                       /usr/lib/jvm/java-11-openjdk-amd64/lib/jli/libjli.so
7ff17b3f8000-7ff17b3f9000 ---p 00010000 08:10 4813                       /usr/lib/jvm/java-11-openjdk-amd64/lib/jli/libjli.so
7ff17b3f9000-7ff17b3fa000 r--p 00010000 08:10 4813                       /usr/lib/jvm/java-11-openjdk-amd64/lib/jli/libjli.so
7ff17b3fa000-7ff17b3fb000 rw-p 00011000 08:10 4813                       /usr/lib/jvm/java-11-openjdk-amd64/lib/jli/libjli.so
7ff17b3fb000-7ff17b3fd000 rw-p 00000000 00:00 0 
7ff17b3fd000-7ff17b3fe000 r--p 00000000 08:10 15728                      /usr/lib/x86_64-linux-gnu/ld-2.31.so
7ff17b3fe000-7ff17b421000 r-xp 00001000 08:10 15728                      /usr/lib/x86_64-linux-gnu/ld-2.31.so
7ff17b421000-7ff17b429000 r--p 00024000 08:10 15728                      /usr/lib/x86_64-linux-gnu/ld-2.31.so
7ff17b429000-7ff17b42a000 r--p 00000000 08:10 12753                      /usr/lib/locale/C.UTF-8/LC_IDENTIFICATION
7ff17b42a000-7ff17b42b000 r--p 0002c000 08:10 15728                      /usr/lib/x86_64-linux-gnu/ld-2.31.so
7ff17b42b000-7ff17b42c000 rw-p 0002d000 08:10 15728                      /usr/lib/x86_64-linux-gnu/ld-2.31.so
7ff17b42c000-7ff17b42d000 rw-p 00000000 00:00 0 
7fff87219000-7fff8723c000 rw-p 00000000 00:00 0                          [stack]
7fff8729b000-7fff8729e000 r--p 00000000 00:00 0                          [vvar]
7fff8729e000-7fff8729f000 r-xp 00000000 00:00 0                          [vdso]


VM Arguments:
jvm_args: --add-modules=ALL-SYSTEM --add-opens=java.base/java.util=ALL-UNNAMED --add-opens=java.base/java.lang=ALL-UNNAMED -Declipse.application=org.eclipse.jdt.ls.core.id1 -Dosgi.bundles.defaultStartLevel=4 -Declipse.product=org.eclipse.jdt.ls.core.product -Dfile.encoding=utf8 -XX:+UseParallelGC -XX:GCTimeRatio=4 -XX:AdaptiveSizePolicyWeight=90 -Dsun.zip.disableMemoryMapping=true -Xmx1G -Xms100m -Xverify:none 
java_command: /home/swithun/.vscode-server/extensions/redhat.java-0.79.1/server/plugins/org.eclipse.equinox.launcher_1.6.100.v20201223-0822.jar -configuration /home/swithun/.vscode-server/data/User/globalStorage/redhat.java/0.79.1/config_linux -data /home/swithun/.vscode-server/data/User/workspaceStorage/6ab0e8f789f20c6d6edeb434ff64c23d/redhat.java/jdt_ws
java_class_path (initial): /home/swithun/.vscode-server/extensions/redhat.java-0.79.1/server/plugins/org.eclipse.equinox.launcher_1.6.100.v20201223-0822.jar
Launcher Type: SUN_STANDARD

[Global flags]
    uintx AdaptiveSizePolicyWeight                 = 90                                        {product} {command line}
     bool BytecodeVerificationLocal                = false                                     {product} {command line}
     bool BytecodeVerificationRemote               = false                                     {product} {command line}
     intx CICompilerCount                          = 3                                         {product} {ergonomic}
    uintx GCTimeRatio                              = 4                                         {product} {command line}
   size_t InitialHeapSize                          = 104857600                                 {product} {command line}
   size_t MaxHeapSize                              = 1073741824                                {product} {command line}
   size_t MaxNewSize                               = 357564416                                 {product} {ergonomic}
   size_t MinHeapDeltaBytes                        = 524288                                    {product} {ergonomic}
   size_t NewSize                                  = 34603008                                  {product} {ergonomic}
    uintx NonNMethodCodeHeapSize                   = 5830732                                {pd product} {ergonomic}
    uintx NonProfiledCodeHeapSize                  = 122913754                              {pd product} {ergonomic}
   size_t OldSize                                  = 70254592                                  {product} {ergonomic}
    uintx ProfiledCodeHeapSize                     = 122913754                              {pd product} {ergonomic}
    uintx ReservedCodeCacheSize                    = 251658240                              {pd product} {ergonomic}
     bool SegmentedCodeCache                       = true                                      {product} {ergonomic}
     bool UseCompressedClassPointers               = true                                 {lp64_product} {ergonomic}
     bool UseCompressedOops                        = true                                 {lp64_product} {ergonomic}
     bool UseParallelGC                            = true                                      {product} {command line}

Logging:
Log output configuration:
 #0: stdout all=warning uptime,level,tags
 #1: stderr all=off uptime,level,tags

Environment Variables:
PATH=/home/swithun/.vscode-server/bin/cfa2e218100323074ac1948c885448fdf4de2a7f/bin:/home/swithun/.sdkman/candidates/springboot/current/bin:/home/swithun/.nvm/versions/node/v15.6.0/bin:/usr/local/sbin:/usr/local/bin:/usr/sbin:/usr/bin:/sbin:/bin:/usr/games:/usr/local/games:/mnt/d/program/oracle/WINDOWS.X64_193000_db_home/bin:/mnt/c/WINDOWS/system32:/mnt/c/WINDOWS:/mnt/c/WINDOWS/System32/Wbem:/mnt/c/WINDOWS/System32/WindowsPowerShell/v1.0/:/mnt/c/WINDOWS/System32/OpenSSH/:/mnt/d/Program Files/RedHat/java-11-openjdk-11.0.8-2/bin:/mnt/d/Program Files/RedHat/java-11-openjdk-11.0.8-2/jre/bin:/mnt/d/SDK/Android/Sdk/tools:/mnt/c/Editor/Neovim/bin:/mnt/c/Program Files/cmder:/mnt/c/Users/25710/AppData/Local/Pandoc/:/mnt/c/software/apache-tomcat-9.0.24/bin:/mnt/c/software/apache-tomcat-9.0.24/lib:/mnt/c/software/apache-tomcat-9.0.24-2/bin:/mnt/c/software/apache-tomcat-9.0.24-2/lib:/mnt/c/Program Files/OpenSSL-Win64/bin:/mnt/c/Program Files/dotnet/:/mnt/c/Program Files/Intel/WiFi/bin/:/mnt/c/Program Files/Common Files/Intel/WirelessCommon/:/mnt/c/software/nodejs/:/mnt/d/SDK/Android/Sdk:/mnt/d/SDK/Flutter/flutter/bin:/mnt/d/texlive/2019/bin/win32:/mnt/c/Program Files/MongoDB/Server/4.2/bin:/mnt/c/Program Files (x86)/Vim/vim81:/mnt/c/Windows/System32/WindowsPowerShell/v1.0/powershell.exe:/mnt/d/program/-/sqlcl/bin:/mnt/d/:/mnt/c/:/mnt/c/Program Files/Microsoft SQL Server/100/Tools/Binn/:/mnt/c/Program Files/Microsoft SQL Server/100/DTS/Binn/:/mnt/d/share/env/bin/amd64:/mnt/c/Users/25710/AppData/Roaming/npm:/mnt/c/Users/25710/AppData/Local/Programs/Python/Python38:/mnt/c/Program Files/Sublime Text 3/:/mnt/d/Program Files/Microsoft SQL Server/Client SDK/ODBC/170/Tools/Binn/:/mnt/d/Program Files (x86)/Microsoft SQL Server/150/Tools/Binn/:/mnt/d/Program Files/Microsoft SQL Server/150/Tools/Binn/:/mnt/d/Program Files/Microsoft SQL Server/150/DTS/Binn/:/mnt/d/Program Files (x86)/Microsoft SQL Server/150/DTS/Binn/:/mnt/d/Program Files/RedHat/java-11-openjdk-11.0.8-2/bin:/mnt/c/
SHELL=/bin/zsh
HOSTTYPE=x86_64
LANG=C.UTF-8

Signal Handlers:
SIGSEGV: [libjvm.so+0xe85e00], sa_mask[0]=11111111011111111101111111111110, sa_flags=SA_RESTART|SA_SIGINFO
SIGBUS: [libjvm.so+0xe85e00], sa_mask[0]=11111111011111111101111111111110, sa_flags=SA_RESTART|SA_SIGINFO
SIGFPE: [libjvm.so+0xe85e00], sa_mask[0]=11111111011111111101111111111110, sa_flags=SA_RESTART|SA_SIGINFO
SIGPIPE: [libjvm.so+0xbcbc30], sa_mask[0]=11111111011111111101111111111110, sa_flags=SA_RESTART|SA_SIGINFO
SIGXFSZ: [libjvm.so+0xbcbc30], sa_mask[0]=11111111011111111101111111111110, sa_flags=SA_RESTART|SA_SIGINFO
SIGILL: [libjvm.so+0xe85e00], sa_mask[0]=11111111011111111101111111111110, sa_flags=SA_RESTART|SA_SIGINFO
SIGUSR2: [libjvm.so+0xbcbad0], sa_mask[0]=00000000000000000000000000000000, sa_flags=SA_RESTART|SA_SIGINFO
SIGHUP: [libjvm.so+0xbcbf70], sa_mask[0]=11111111011111111101111111111110, sa_flags=SA_RESTART|SA_SIGINFO
SIGINT: [libjvm.so+0xbcbf70], sa_mask[0]=11111111011111111101111111111110, sa_flags=SA_RESTART|SA_SIGINFO
SIGTERM: [libjvm.so+0xbcbf70], sa_mask[0]=11111111011111111101111111111110, sa_flags=SA_RESTART|SA_SIGINFO
SIGQUIT: [libjvm.so+0xbcbf70], sa_mask[0]=11111111011111111101111111111110, sa_flags=SA_RESTART|SA_SIGINFO


---------------  S Y S T E M  ---------------

OS:DISTRIB_ID=Ubuntu
DISTRIB_RELEASE=20.04
DISTRIB_CODENAME=focal
DISTRIB_DESCRIPTION="Ubuntu 20.04.2 LTS"
uname:Linux 5.4.72-microsoft-standard-WSL2 #1 SMP Wed Oct 28 23:40:43 UTC 2020 x86_64
OS uptime: 0 days 2:32 hours
libc:glibc 2.31 NPTL 2.31 
rlimit (soft/hard): STACK 8192k/infinity , CORE 0k/infinity , NPROC 23756/23756 , NOFILE 4096/4096 , AS infinity/infinity , CPU infinity/infinity , DATA infinity/infinity , FSIZE infinity/infinity , MEMLOCK 64k/64k
load average:7.16 2.67 1.34

/proc/meminfo:
MemTotal:        6086184 kB
MemFree:         2218724 kB
MemAvailable:    2149400 kB
Buffers:            6920 kB
Cached:            56532 kB
SwapCached:       107852 kB
Active:          3399656 kB
Inactive:         274372 kB
Active(anon):    3371572 kB
Inactive(anon):   239204 kB
Active(file):      28084 kB
Inactive(file):    35168 kB
Unevictable:           0 kB
Mlocked:               0 kB
SwapTotal:       2097152 kB
SwapFree:        1364760 kB
Dirty:               252 kB
Writeback:             0 kB
AnonPages:       3502884 kB
Mapped:            43320 kB
Shmem:                40 kB
KReclaimable:      46616 kB
Slab:              79084 kB
SReclaimable:      46616 kB
SUnreclaim:        32468 kB
KernelStack:        8160 kB
PageTables:        31252 kB
NFS_Unstable:          0 kB
Bounce:                0 kB
WritebackTmp:          0 kB
CommitLimit:     5140244 kB
Committed_AS:    3782868 kB
VmallocTotal:   34359738367 kB
VmallocUsed:       27328 kB
VmallocChunk:          0 kB
Percpu:             1752 kB
AnonHugePages:   1202176 kB
ShmemHugePages:        0 kB
ShmemPmdMapped:        0 kB
FileHugePages:         0 kB
FilePmdMapped:         0 kB
HugePages_Total:       0
HugePages_Free:        0
HugePages_Rsvd:        0
HugePages_Surp:        0
Hugepagesize:       2048 kB
Hugetlb:               0 kB
DirectMap4k:       13312 kB
DirectMap2M:     2082816 kB
DirectMap1G:     5242880 kB

/sys/kernel/mm/transparent_hugepage/enabled:
[always] madvise never
/sys/kernel/mm/transparent_hugepage/defrag (defrag/compaction efforts parameter):
always defer defer+madvise [madvise] never

/proc/sys/kernel/threads-max (system-wide limit on the number of threads):
47512
/proc/sys/vm/max_map_count (maximum number of memory map areas a process may have):
65530
/proc/sys/kernel/pid_max (system-wide limit on number of process identifiers):
32768

container (cgroup) information:
container_type: cgroupv1
cpu_cpuset_cpus: 0-4
cpu_memory_nodes: 0
active_processor_count: 5
cpu_quota: -1
cpu_period: 100000
cpu_shares: -1
memory_limit_in_bytes: -1
memory_and_swap_limit_in_bytes: -1
memory_soft_limit_in_bytes: -1
memory_usage_in_bytes: 3762896896
memory_max_usage_in_bytes: 5100032000

Hyper-V virtualization detected
Steal ticks since vm start: 0
Steal ticks percentage since vm start:  0.000

CPU:total 5 (initial active 5) (4 cores per cpu, 2 threads per core) family 6 model 158 stepping 9 microcode 0xffffffff, cmov, cx8, fxsr, mmx, sse, sse2, sse3, ssse3, sse4.1, sse4.2, popcnt, avx, avx2, aes, clmul, erms, 3dnowpref, lzcnt, ht, tsc, bmi1, bmi2, adx, fma
CPU Model and flags from /proc/cpuinfo:
model name	: Intel(R) Core(TM) i7-7700HQ CPU @ 2.80GHz
flags		: fpu vme de pse tsc msr pae mce cx8 apic sep mtrr pge mca cmov pat pse36 clflush mmx fxsr sse sse2 ss ht syscall nx pdpe1gb rdtscp lm constant_tsc rep_good nopl xtopology cpuid pni pclmulqdq ssse3 fma cx16 pcid sse4_1 sse4_2 movbe popcnt aes xsave avx f16c rdrand hypervisor lahf_lm abm 3dnowprefetch invpcid_single pti ssbd ibrs ibpb stibp fsgsbase bmi1 avx2 smep bmi2 erms invpcid rdseed adx smap clflushopt xsaveopt xsavec xgetbv1 xsaves flush_l1d arch_capabilities
Online cpus:
0-4
Offline cpus:

BIOS frequency limitation:
<Not Available>
Frequency switch latency (ns):
<Not Available>
Available cpu frequencies:
<Not Available>
Current governor:
<Not Available>
Core performance/turbo boost:
<Not Available>

Memory: 4k page, physical 6086184k(2217568k free), swap 2097152k(1364760k free)

vm_info: OpenJDK 64-Bit Server VM (11.0.10+9-Ubuntu-0ubuntu1.20.04) for linux-amd64 JRE (11.0.10+9-Ubuntu-0ubuntu1.20.04), built on Jan 20 2021 02:32:18 by "unknown" with gcc 9.3.0

END.
